{"/Users/peter/Documents/bavenir/AURORAL/auroral_nm/src/config.ts": {"path":"/Users/peter/Documents/bavenir/AURORAL/auroral_nm/src/config.ts","statementMap":{"0":{"start":{"line":1,"column":0},"end":{"line":1,"column":27}},"1":{"start":{"line":2,"column":0},"end":{"line":2,"column":39}},"2":{"start":{"line":4,"column":0},"end":{"line":4,"column":null}},"3":{"start":{"line":6,"column":0},"end":{"line":12,"column":null}},"4":{"start":{"line":10,"column":1},"end":{"line":10,"column":null}},"5":{"start":{"line":11,"column":1},"end":{"line":11,"column":null}},"6":{"start":{"line":14,"column":13},"end":{"line":77,"column":null}}},"fnMap":{},"branchMap":{"0":{"loc":{"start":{"line":6,"column":0},"end":{"line":12,"column":null}},"type":"if","locations":[{"start":{"line":6,"column":0},"end":{"line":12,"column":null}}]},"1":{"loc":{"start":{"line":7,"column":1},"end":{"line":8,"column":21}},"type":"binary-expr","locations":[{"start":{"line":7,"column":1},"end":{"line":7,"column":22}},{"start":{"line":7,"column":26},"end":{"line":7,"column":41}},{"start":{"line":8,"column":4},"end":{"line":8,"column":21}}]},"2":{"loc":{"start":{"line":22,"column":11},"end":{"line":22,"column":65}},"type":"cond-expr","locations":[{"start":{"line":22,"column":53},"end":{"line":22,"column":57}},{"start":{"line":22,"column":60},"end":{"line":22,"column":65}}]},"3":{"loc":{"start":{"line":23,"column":12},"end":{"line":23,"column":87}},"type":"cond-expr","locations":[{"start":{"line":23,"column":44},"end":{"line":23,"column":80}},{"start":{"line":23,"column":83},"end":{"line":23,"column":87}}]},"4":{"loc":{"start":{"line":31,"column":12},"end":{"line":31,"column":51}},"type":"binary-expr","locations":[{"start":{"line":31,"column":12},"end":{"line":31,"column":37}},{"start":{"line":31,"column":41},"end":{"line":31,"column":51}}]},"5":{"loc":{"start":{"line":32,"column":10},"end":{"line":32,"column":56}},"type":"binary-expr","locations":[{"start":{"line":32,"column":10},"end":{"line":32,"column":33}},{"start":{"line":32,"column":37},"end":{"line":32,"column":56}}]},"6":{"loc":{"start":{"line":33,"column":8},"end":{"line":33,"column":55}},"type":"binary-expr","locations":[{"start":{"line":33,"column":8},"end":{"line":33,"column":33}},{"start":{"line":33,"column":37},"end":{"line":33,"column":55}}]},"7":{"loc":{"start":{"line":34,"column":15},"end":{"line":34,"column":56}},"type":"binary-expr","locations":[{"start":{"line":34,"column":15},"end":{"line":34,"column":43}},{"start":{"line":34,"column":47},"end":{"line":34,"column":56}}]},"8":{"loc":{"start":{"line":42,"column":7},"end":{"line":42,"column":62}},"type":"cond-expr","locations":[{"start":{"line":42,"column":50},"end":{"line":42,"column":54}},{"start":{"line":42,"column":57},"end":{"line":42,"column":62}}]},"9":{"loc":{"start":{"line":47,"column":8},"end":{"line":47,"column":45}},"type":"binary-expr","locations":[{"start":{"line":47,"column":8},"end":{"line":47,"column":30}},{"start":{"line":47,"column":34},"end":{"line":47,"column":45}}]},"10":{"loc":{"start":{"line":48,"column":8},"end":{"line":48,"column":38}},"type":"binary-expr","locations":[{"start":{"line":48,"column":8},"end":{"line":48,"column":30}},{"start":{"line":48,"column":34},"end":{"line":48,"column":38}}]},"11":{"loc":{"start":{"line":49,"column":7},"end":{"line":49,"column":62}},"type":"cond-expr","locations":[{"start":{"line":49,"column":50},"end":{"line":49,"column":54}},{"start":{"line":49,"column":57},"end":{"line":49,"column":62}}]},"12":{"loc":{"start":{"line":51,"column":9},"end":{"line":51,"column":58}},"type":"cond-expr","locations":[{"start":{"line":51,"column":46},"end":{"line":51,"column":50}},{"start":{"line":51,"column":53},"end":{"line":51,"column":58}}]},"13":{"loc":{"start":{"line":52,"column":13},"end":{"line":52,"column":46}},"type":"binary-expr","locations":[{"start":{"line":52,"column":13},"end":{"line":52,"column":40}},{"start":{"line":52,"column":44},"end":{"line":52,"column":46}}]},"14":{"loc":{"start":{"line":64,"column":10},"end":{"line":64,"column":60}},"type":"cond-expr","locations":[{"start":{"line":64,"column":48},"end":{"line":64,"column":53}},{"start":{"line":64,"column":56},"end":{"line":64,"column":60}}]},"15":{"loc":{"start":{"line":65,"column":14},"end":{"line":65,"column":65}},"type":"binary-expr","locations":[{"start":{"line":65,"column":14},"end":{"line":65,"column":40}},{"start":{"line":65,"column":44},"end":{"line":65,"column":65}}]},"16":{"loc":{"start":{"line":66,"column":9},"end":{"line":66,"column":48}},"type":"binary-expr","locations":[{"start":{"line":66,"column":9},"end":{"line":66,"column":30}},{"start":{"line":66,"column":34},"end":{"line":66,"column":48}}]},"17":{"loc":{"start":{"line":67,"column":8},"end":{"line":67,"column":38}},"type":"binary-expr","locations":[{"start":{"line":67,"column":8},"end":{"line":67,"column":28}},{"start":{"line":67,"column":32},"end":{"line":67,"column":38}}]},"18":{"loc":{"start":{"line":70,"column":7},"end":{"line":70,"column":51}},"type":"binary-expr","locations":[{"start":{"line":70,"column":7},"end":{"line":70,"column":26}},{"start":{"line":70,"column":30},"end":{"line":70,"column":51}}]},"19":{"loc":{"start":{"line":71,"column":9},"end":{"line":71,"column":48}},"type":"binary-expr","locations":[{"start":{"line":71,"column":9},"end":{"line":71,"column":30}},{"start":{"line":71,"column":34},"end":{"line":71,"column":48}}]},"20":{"loc":{"start":{"line":74,"column":8},"end":{"line":74,"column":60}},"type":"binary-expr","locations":[{"start":{"line":74,"column":8},"end":{"line":74,"column":30}},{"start":{"line":74,"column":34},"end":{"line":74,"column":60}}]},"21":{"loc":{"start":{"line":75,"column":8},"end":{"line":75,"column":42}},"type":"binary-expr","locations":[{"start":{"line":75,"column":8},"end":{"line":75,"column":30}},{"start":{"line":75,"column":34},"end":{"line":75,"column":42}}]}},"s":{"0":17,"1":17,"2":17,"3":17,"4":0,"5":0,"6":17},"f":{},"b":{"0":[0],"1":[17,17,17],"2":[0,17],"3":[0,17],"4":[17,17],"5":[17,17],"6":[17,0],"7":[17,17],"8":[0,17],"9":[17,0],"10":[17,0],"11":[0,17],"12":[0,17],"13":[17,17],"14":[17,0],"15":[17,0],"16":[17,0],"17":[17,0],"18":[17,0],"19":[17,0],"20":[17,0],"21":[17,0]}}
,"/Users/peter/Documents/bavenir/AURORAL/auroral_nm/src/auth-server/auth-server.ts": {"path":"/Users/peter/Documents/bavenir/AURORAL/auroral_nm/src/auth-server/auth-server.ts","statementMap":{"0":{"start":{"line":1,"column":0},"end":{"line":1,"column":27}},"1":{"start":{"line":2,"column":0},"end":{"line":2,"column":33}},"2":{"start":{"line":3,"column":0},"end":{"line":3,"column":23}},"3":{"start":{"line":4,"column":0},"end":{"line":4,"column":19}},"4":{"start":{"line":5,"column":0},"end":{"line":5,"column":30}},"5":{"start":{"line":6,"column":0},"end":{"line":6,"column":59}},"6":{"start":{"line":7,"column":0},"end":{"line":7,"column":34}},"7":{"start":{"line":8,"column":0},"end":{"line":8,"column":40}},"8":{"start":{"line":10,"column":0},"end":{"line":10,"column":62}},"9":{"start":{"line":11,"column":0},"end":{"line":11,"column":41}},"10":{"start":{"line":12,"column":0},"end":{"line":12,"column":45}},"11":{"start":{"line":16,"column":0},"end":{"line":16,"column":null}},"12":{"start":{"line":17,"column":4},"end":{"line":17,"column":null}},"13":{"start":{"line":18,"column":4},"end":{"line":18,"column":null}},"14":{"start":{"line":19,"column":4},"end":{"line":19,"column":null}},"15":{"start":{"line":23,"column":32},"end":{"line":23,"column":36}},"16":{"start":{"line":24,"column":31},"end":{"line":24,"column":35}},"17":{"start":{"line":25,"column":30},"end":{"line":25,"column":34}},"18":{"start":{"line":27,"column":0},"end":{"line":43,"column":null}},"19":{"start":{"line":28,"column":4},"end":{"line":28,"column":null}},"20":{"start":{"line":29,"column":7},"end":{"line":43,"column":null}},"21":{"start":{"line":30,"column":4},"end":{"line":30,"column":null}},"22":{"start":{"line":31,"column":4},"end":{"line":31,"column":null}},"23":{"start":{"line":34,"column":4},"end":{"line":42,"column":null}},"24":{"start":{"line":35,"column":8},"end":{"line":35,"column":null}},"25":{"start":{"line":36,"column":8},"end":{"line":36,"column":null}},"26":{"start":{"line":37,"column":8},"end":{"line":37,"column":null}},"27":{"start":{"line":39,"column":8},"end":{"line":39,"column":null}},"28":{"start":{"line":40,"column":8},"end":{"line":40,"column":null}},"29":{"start":{"line":41,"column":8},"end":{"line":41,"column":null}},"30":{"start":{"line":46,"column":24},"end":{"line":46,"column":111}},"31":{"start":{"line":48,"column":28},"end":{"line":52,"column":null}},"32":{"start":{"line":48,"column":51},"end":{"line":52,"column":null}},"33":{"start":{"line":49,"column":10},"end":{"line":49,"column":null}},"34":{"start":{"line":50,"column":17},"end":{"line":50,"column":null}},"35":{"start":{"line":50,"column":10},"end":{"line":50,"column":null}},"36":{"start":{"line":51,"column":4},"end":{"line":51,"column":null}},"37":{"start":{"line":48,"column":13},"end":{"line":48,"column":28}},"38":{"start":{"line":54,"column":31},"end":{"line":61,"column":null}},"39":{"start":{"line":54,"column":72},"end":{"line":61,"column":null}},"40":{"start":{"line":55,"column":17},"end":{"line":55,"column":null}},"41":{"start":{"line":55,"column":10},"end":{"line":55,"column":null}},"42":{"start":{"line":56,"column":20},"end":{"line":56,"column":null}},"43":{"start":{"line":56,"column":10},"end":{"line":56,"column":null}},"44":{"start":{"line":57,"column":4},"end":{"line":59,"column":null}},"45":{"start":{"line":58,"column":8},"end":{"line":58,"column":null}},"46":{"start":{"line":60,"column":4},"end":{"line":60,"column":null}},"47":{"start":{"line":54,"column":13},"end":{"line":54,"column":31}},"48":{"start":{"line":64,"column":4},"end":{"line":74,"column":null}},"49":{"start":{"line":65,"column":8},"end":{"line":65,"column":null}},"50":{"start":{"line":66,"column":8},"end":{"line":69,"column":null}},"51":{"start":{"line":71,"column":14},"end":{"line":71,"column":null}},"52":{"start":{"line":72,"column":8},"end":{"line":72,"column":null}},"53":{"start":{"line":73,"column":8},"end":{"line":73,"column":null}},"54":{"start":{"line":63,"column":0},"end":{"line":63,"column":22}},"55":{"start":{"line":78,"column":4},"end":{"line":78,"column":null}},"56":{"start":{"line":77,"column":0},"end":{"line":77,"column":16}},"57":{"start":{"line":81,"column":29},"end":{"line":98,"column":null}},"58":{"start":{"line":81,"column":88},"end":{"line":98,"column":null}},"59":{"start":{"line":82,"column":4},"end":{"line":84,"column":null}},"60":{"start":{"line":83,"column":8},"end":{"line":83,"column":null}},"61":{"start":{"line":85,"column":10},"end":{"line":85,"column":34}},"62":{"start":{"line":86,"column":22},"end":{"line":86,"column":null}},"63":{"start":{"line":86,"column":10},"end":{"line":86,"column":null}},"64":{"start":{"line":87,"column":26},"end":{"line":87,"column":null}},"65":{"start":{"line":87,"column":10},"end":{"line":87,"column":null}},"66":{"start":{"line":88,"column":4},"end":{"line":97,"column":null}},"67":{"start":{"line":81,"column":13},"end":{"line":81,"column":29}},"68":{"start":{"line":100,"column":28},"end":{"line":133,"column":null}},"69":{"start":{"line":100,"column":84},"end":{"line":133,"column":null}},"70":{"start":{"line":101,"column":17},"end":{"line":101,"column":null}},"71":{"start":{"line":101,"column":10},"end":{"line":101,"column":null}},"72":{"start":{"line":102,"column":10},"end":{"line":102,"column":34}},"73":{"start":{"line":103,"column":10},"end":{"line":103,"column":null}},"74":{"start":{"line":104,"column":10},"end":{"line":104,"column":72}},"75":{"start":{"line":105,"column":10},"end":{"line":105,"column":null}},"76":{"start":{"line":106,"column":4},"end":{"line":106,"column":null}},"77":{"start":{"line":107,"column":18},"end":{"line":119,"column":null}},"78":{"start":{"line":107,"column":10},"end":{"line":119,"column":null}},"79":{"start":{"line":120,"column":25},"end":{"line":131,"column":null}},"80":{"start":{"line":120,"column":10},"end":{"line":131,"column":null}},"81":{"start":{"line":132,"column":4},"end":{"line":132,"column":null}},"82":{"start":{"line":100,"column":13},"end":{"line":100,"column":28}},"83":{"start":{"line":135,"column":27},"end":{"line":153,"column":null}},"84":{"start":{"line":135,"column":47},"end":{"line":153,"column":null}},"85":{"start":{"line":136,"column":10},"end":{"line":136,"column":34}},"86":{"start":{"line":137,"column":4},"end":{"line":152,"column":null}},"87":{"start":{"line":138,"column":8},"end":{"line":151,"column":null}},"88":{"start":{"line":139,"column":12},"end":{"line":150,"column":null}},"89":{"start":{"line":140,"column":16},"end":{"line":147,"column":null}},"90":{"start":{"line":141,"column":20},"end":{"line":141,"column":null}},"91":{"start":{"line":142,"column":23},"end":{"line":147,"column":null}},"92":{"start":{"line":143,"column":20},"end":{"line":143,"column":null}},"93":{"start":{"line":145,"column":20},"end":{"line":145,"column":null}},"94":{"start":{"line":146,"column":20},"end":{"line":146,"column":null}},"95":{"start":{"line":149,"column":16},"end":{"line":149,"column":null}},"96":{"start":{"line":135,"column":13},"end":{"line":135,"column":27}},"97":{"start":{"line":156,"column":27},"end":{"line":158,"column":1}},"98":{"start":{"line":157,"column":4},"end":{"line":157,"column":null}},"99":{"start":{"line":156,"column":13},"end":{"line":156,"column":27}},"100":{"start":{"line":166,"column":31},"end":{"line":173,"column":null}},"101":{"start":{"line":166,"column":70},"end":{"line":173,"column":null}},"102":{"start":{"line":167,"column":19},"end":{"line":167,"column":null}},"103":{"start":{"line":167,"column":10},"end":{"line":167,"column":null}},"104":{"start":{"line":168,"column":4},"end":{"line":170,"column":null}},"105":{"start":{"line":169,"column":8},"end":{"line":169,"column":null}},"106":{"start":{"line":171,"column":4},"end":{"line":171,"column":null}},"107":{"start":{"line":172,"column":4},"end":{"line":172,"column":null}},"108":{"start":{"line":166,"column":13},"end":{"line":166,"column":31}},"109":{"start":{"line":178,"column":32},"end":{"line":180,"column":1}},"110":{"start":{"line":179,"column":4},"end":{"line":179,"column":null}},"111":{"start":{"line":178,"column":14},"end":{"line":178,"column":32}},"112":{"start":{"line":188,"column":26},"end":{"line":194,"column":null}},"113":{"start":{"line":188,"column":67},"end":{"line":194,"column":null}},"114":{"start":{"line":189,"column":20},"end":{"line":189,"column":null}},"115":{"start":{"line":189,"column":10},"end":{"line":189,"column":null}},"116":{"start":{"line":190,"column":4},"end":{"line":192,"column":null}},"117":{"start":{"line":191,"column":7},"end":{"line":191,"column":null}},"118":{"start":{"line":193,"column":4},"end":{"line":193,"column":null}},"119":{"start":{"line":188,"column":13},"end":{"line":188,"column":26}},"120":{"start":{"line":198,"column":24},"end":{"line":209,"column":1}},"121":{"start":{"line":201,"column":4},"end":{"line":207,"column":null}},"122":{"start":{"line":202,"column":8},"end":{"line":202,"column":null}},"123":{"start":{"line":203,"column":8},"end":{"line":203,"column":null}},"124":{"start":{"line":205,"column":8},"end":{"line":205,"column":null}},"125":{"start":{"line":206,"column":8},"end":{"line":206,"column":null}},"126":{"start":{"line":208,"column":4},"end":{"line":208,"column":null}},"127":{"start":{"line":211,"column":18},"end":{"line":227,"column":null}},"128":{"start":{"line":211,"column":93},"end":{"line":227,"column":null}},"129":{"start":{"line":212,"column":4},"end":{"line":226,"column":null}},"130":{"start":{"line":213,"column":8},"end":{"line":225,"column":null}},"131":{"start":{"line":218,"column":16},"end":{"line":224,"column":null}},"132":{"start":{"line":219,"column":20},"end":{"line":219,"column":null}},"133":{"start":{"line":220,"column":23},"end":{"line":224,"column":null}},"134":{"start":{"line":221,"column":20},"end":{"line":221,"column":null}},"135":{"start":{"line":223,"column":20},"end":{"line":223,"column":null}}},"fnMap":{"0":{"name":"(anonymous_14)","decl":{"start":{"line":16,"column":0},"end":{"line":16,"column":5}},"loc":{"start":{"line":16,"column":15},"end":{"line":20,"column":1}}},"1":{"name":"(anonymous_15)","decl":{"start":{"line":48,"column":28},"end":{"line":48,"column":35}},"loc":{"start":{"line":48,"column":51},"end":{"line":52,"column":null}}},"2":{"name":"(anonymous_16)","decl":{"start":{"line":48,"column":51},"end":{"line":48,"column":null}},"loc":{"start":{"line":48,"column":51},"end":{"line":52,"column":null}}},"3":{"name":"(anonymous_18)","decl":{"start":{"line":54,"column":31},"end":{"line":54,"column":38}},"loc":{"start":{"line":54,"column":72},"end":{"line":61,"column":null}}},"4":{"name":"(anonymous_19)","decl":{"start":{"line":54,"column":72},"end":{"line":54,"column":null}},"loc":{"start":{"line":54,"column":72},"end":{"line":61,"column":null}}},"5":{"name":"signMessage","decl":{"start":{"line":63,"column":22},"end":{"line":63,"column":33}},"loc":{"start":{"line":63,"column":49},"end":{"line":75,"column":null}}},"6":{"name":"getMyPubkey","decl":{"start":{"line":77,"column":16},"end":{"line":77,"column":27}},"loc":{"start":{"line":77,"column":27},"end":{"line":79,"column":1}}},"7":{"name":"(anonymous_25)","decl":{"start":{"line":81,"column":29},"end":{"line":81,"column":36}},"loc":{"start":{"line":81,"column":88},"end":{"line":98,"column":null}}},"8":{"name":"(anonymous_26)","decl":{"start":{"line":81,"column":88},"end":{"line":81,"column":null}},"loc":{"start":{"line":81,"column":88},"end":{"line":98,"column":null}}},"9":{"name":"(anonymous_28)","decl":{"start":{"line":100,"column":28},"end":{"line":100,"column":35}},"loc":{"start":{"line":100,"column":84},"end":{"line":133,"column":null}}},"10":{"name":"(anonymous_29)","decl":{"start":{"line":100,"column":84},"end":{"line":100,"column":null}},"loc":{"start":{"line":100,"column":84},"end":{"line":133,"column":null}}},"11":{"name":"(anonymous_31)","decl":{"start":{"line":135,"column":27},"end":{"line":135,"column":34}},"loc":{"start":{"line":135,"column":47},"end":{"line":153,"column":null}}},"12":{"name":"(anonymous_32)","decl":{"start":{"line":135,"column":47},"end":{"line":135,"column":null}},"loc":{"start":{"line":135,"column":47},"end":{"line":153,"column":null}}},"13":{"name":"(anonymous_34)","decl":{"start":{"line":137,"column":23},"end":{"line":137,"column":24}},"loc":{"start":{"line":137,"column":40},"end":{"line":152,"column":5}}},"14":{"name":"(anonymous_35)","decl":{"start":{"line":138,"column":63},"end":{"line":138,"column":64}},"loc":{"start":{"line":138,"column":76},"end":{"line":151,"column":9}}},"15":{"name":"(anonymous_36)","decl":{"start":{"line":156,"column":27},"end":{"line":156,"column":28}},"loc":{"start":{"line":156,"column":41},"end":{"line":158,"column":1}}},"16":{"name":"(anonymous_37)","decl":{"start":{"line":166,"column":31},"end":{"line":166,"column":38}},"loc":{"start":{"line":166,"column":70},"end":{"line":173,"column":null}}},"17":{"name":"(anonymous_38)","decl":{"start":{"line":166,"column":70},"end":{"line":166,"column":null}},"loc":{"start":{"line":166,"column":70},"end":{"line":173,"column":null}}},"18":{"name":"(anonymous_40)","decl":{"start":{"line":178,"column":32},"end":{"line":178,"column":null}},"loc":{"start":{"line":178,"column":32},"end":{"line":180,"column":1}}},"19":{"name":"(anonymous_41)","decl":{"start":{"line":188,"column":26},"end":{"line":188,"column":33}},"loc":{"start":{"line":188,"column":67},"end":{"line":194,"column":null}}},"20":{"name":"(anonymous_42)","decl":{"start":{"line":188,"column":67},"end":{"line":188,"column":null}},"loc":{"start":{"line":188,"column":67},"end":{"line":194,"column":null}}},"21":{"name":"(anonymous_44)","decl":{"start":{"line":198,"column":24},"end":{"line":198,"column":null}},"loc":{"start":{"line":198,"column":24},"end":{"line":209,"column":1}}},"22":{"name":"(anonymous_45)","decl":{"start":{"line":211,"column":18},"end":{"line":211,"column":25}},"loc":{"start":{"line":211,"column":93},"end":{"line":227,"column":null}}},"23":{"name":"(anonymous_46)","decl":{"start":{"line":211,"column":93},"end":{"line":211,"column":null}},"loc":{"start":{"line":211,"column":93},"end":{"line":227,"column":null}}},"24":{"name":"(anonymous_48)","decl":{"start":{"line":212,"column":23},"end":{"line":212,"column":24}},"loc":{"start":{"line":212,"column":39},"end":{"line":226,"column":5}}},"25":{"name":"(anonymous_49)","decl":{"start":{"line":217,"column":12},"end":{"line":217,"column":13}},"loc":{"start":{"line":217,"column":46},"end":{"line":225,"column":13}}}},"branchMap":{"0":{"loc":{"start":{"line":16,"column":5},"end":{"line":16,"column":null}},"type":"binary-expr","locations":[{"start":{"line":16,"column":5},"end":{"line":16,"column":15}},{"start":{"line":16,"column":5},"end":{"line":16,"column":null}}]},"1":{"loc":{"start":{"line":27,"column":0},"end":{"line":43,"column":null}},"type":"if","locations":[{"start":{"line":27,"column":0},"end":{"line":43,"column":null}},{"start":{"line":29,"column":7},"end":{"line":43,"column":null}}]},"2":{"loc":{"start":{"line":29,"column":7},"end":{"line":43,"column":null}},"type":"if","locations":[{"start":{"line":29,"column":7},"end":{"line":43,"column":null}},{"start":{"line":32,"column":7},"end":{"line":43,"column":null}}]},"3":{"loc":{"start":{"line":55,"column":17},"end":{"line":55,"column":null}},"type":"switch","locations":[{"start":{"line":55,"column":17},"end":{"line":55,"column":null}}]},"4":{"loc":{"start":{"line":57,"column":4},"end":{"line":59,"column":null}},"type":"if","locations":[{"start":{"line":57,"column":4},"end":{"line":59,"column":null}}]},"5":{"loc":{"start":{"line":82,"column":4},"end":{"line":84,"column":null}},"type":"if","locations":[{"start":{"line":82,"column":4},"end":{"line":84,"column":null}}]},"6":{"loc":{"start":{"line":91,"column":17},"end":{"line":91,"column":47}},"type":"cond-expr","locations":[{"start":{"line":91,"column":28},"end":{"line":91,"column":36}},{"start":{"line":91,"column":39},"end":{"line":91,"column":47}}]},"7":{"loc":{"start":{"line":101,"column":17},"end":{"line":101,"column":null}},"type":"switch","locations":[{"start":{"line":101,"column":17},"end":{"line":101,"column":null}}]},"8":{"loc":{"start":{"line":104,"column":16},"end":{"line":104,"column":71}},"type":"cond-expr","locations":[{"start":{"line":104,"column":29},"end":{"line":104,"column":39}},{"start":{"line":104,"column":42},"end":{"line":104,"column":71}}]},"9":{"loc":{"start":{"line":139,"column":12},"end":{"line":150,"column":null}},"type":"if","locations":[{"start":{"line":139,"column":12},"end":{"line":150,"column":null}},{"start":{"line":148,"column":19},"end":{"line":150,"column":null}}]},"10":{"loc":{"start":{"line":140,"column":16},"end":{"line":147,"column":null}},"type":"if","locations":[{"start":{"line":140,"column":16},"end":{"line":147,"column":null}},{"start":{"line":142,"column":23},"end":{"line":147,"column":null}}]},"11":{"loc":{"start":{"line":142,"column":23},"end":{"line":147,"column":null}},"type":"if","locations":[{"start":{"line":142,"column":23},"end":{"line":147,"column":null}},{"start":{"line":144,"column":23},"end":{"line":147,"column":null}}]},"12":{"loc":{"start":{"line":167,"column":19},"end":{"line":167,"column":null}},"type":"switch","locations":[{"start":{"line":167,"column":19},"end":{"line":167,"column":null}}]},"13":{"loc":{"start":{"line":168,"column":4},"end":{"line":170,"column":null}},"type":"if","locations":[{"start":{"line":168,"column":4},"end":{"line":170,"column":null}}]},"14":{"loc":{"start":{"line":189,"column":20},"end":{"line":189,"column":null}},"type":"switch","locations":[{"start":{"line":189,"column":20},"end":{"line":189,"column":null}}]},"15":{"loc":{"start":{"line":190,"column":4},"end":{"line":192,"column":null}},"type":"if","locations":[{"start":{"line":190,"column":4},"end":{"line":192,"column":null}}]},"16":{"loc":{"start":{"line":201,"column":4},"end":{"line":207,"column":null}},"type":"if","locations":[{"start":{"line":201,"column":4},"end":{"line":207,"column":null}},{"start":{"line":204,"column":11},"end":{"line":207,"column":null}}]},"17":{"loc":{"start":{"line":218,"column":16},"end":{"line":224,"column":null}},"type":"if","locations":[{"start":{"line":218,"column":16},"end":{"line":224,"column":null}},{"start":{"line":220,"column":23},"end":{"line":224,"column":null}}]},"18":{"loc":{"start":{"line":220,"column":23},"end":{"line":224,"column":null}},"type":"if","locations":[{"start":{"line":220,"column":23},"end":{"line":224,"column":null}},{"start":{"line":222,"column":23},"end":{"line":224,"column":null}}]}},"s":{"0":9,"1":9,"2":9,"3":9,"4":9,"5":9,"6":9,"7":9,"8":9,"9":9,"10":9,"11":9,"12":9,"13":9,"14":9,"15":9,"16":9,"17":9,"18":9,"19":9,"20":0,"21":0,"22":0,"23":0,"24":0,"25":0,"26":0,"27":0,"28":0,"29":0,"30":9,"31":9,"32":1,"33":1,"34":1,"35":1,"36":1,"37":9,"38":9,"39":2,"40":2,"41":2,"42":2,"43":2,"44":2,"45":1,"46":1,"47":9,"48":0,"49":0,"50":0,"51":0,"52":0,"53":0,"54":9,"55":0,"56":9,"57":9,"58":2,"59":2,"60":1,"61":1,"62":1,"63":1,"64":1,"65":1,"66":1,"67":9,"68":9,"69":1,"70":1,"71":1,"72":1,"73":1,"74":1,"75":1,"76":2,"77":1,"78":1,"79":1,"80":1,"81":1,"82":9,"83":9,"84":1,"85":1,"86":1,"87":1,"88":1,"89":0,"90":0,"91":0,"92":0,"93":0,"94":0,"95":1,"96":9,"97":9,"98":0,"99":9,"100":9,"101":2,"102":2,"103":2,"104":2,"105":1,"106":2,"107":1,"108":9,"109":9,"110":1,"111":9,"112":9,"113":1,"114":1,"115":1,"116":1,"117":1,"118":0,"119":9,"120":9,"121":3,"122":3,"123":3,"124":0,"125":0,"126":3,"127":9,"128":3,"129":3,"130":3,"131":3,"132":0,"133":3,"134":3,"135":0},"f":{"0":9,"1":1,"2":1,"3":2,"4":2,"5":0,"6":0,"7":2,"8":2,"9":1,"10":1,"11":1,"12":1,"13":1,"14":1,"15":0,"16":2,"17":2,"18":1,"19":1,"20":1,"21":3,"22":3,"23":3,"24":3,"25":3},"b":{"0":[9,9],"1":[9,0],"2":[0,0],"3":[2],"4":[1],"5":[1],"6":[0,1],"7":[1],"8":[0,1],"9":[0,1],"10":[0,0],"11":[0,0],"12":[2],"13":[1],"14":[1],"15":[1],"16":[3,0],"17":[0,3],"18":[3,0]}}
,"/Users/peter/Documents/bavenir/AURORAL/auroral_nm/src/auth-server/mailer.ts": {"path":"/Users/peter/Documents/bavenir/AURORAL/auroral_nm/src/auth-server/mailer.ts","statementMap":{"0":{"start":{"line":1,"column":0},"end":{"line":1,"column":35}},"1":{"start":{"line":2,"column":0},"end":{"line":2,"column":19}},"2":{"start":{"line":3,"column":0},"end":{"line":3,"column":31}},"3":{"start":{"line":5,"column":0},"end":{"line":5,"column":34}},"4":{"start":{"line":6,"column":0},"end":{"line":6,"column":40}},"5":{"start":{"line":7,"column":0},"end":{"line":7,"column":68}},"6":{"start":{"line":8,"column":0},"end":{"line":8,"column":64}},"7":{"start":{"line":9,"column":0},"end":{"line":9,"column":53}},"8":{"start":{"line":11,"column":25},"end":{"line":11,"column":114}},"9":{"start":{"line":12,"column":32},"end":{"line":12,"column":128}},"10":{"start":{"line":13,"column":30},"end":{"line":13,"column":124}},"11":{"start":{"line":14,"column":27},"end":{"line":14,"column":118}},"12":{"start":{"line":15,"column":29},"end":{"line":15,"column":122}},"13":{"start":{"line":16,"column":33},"end":{"line":16,"column":125}},"14":{"start":{"line":17,"column":28},"end":{"line":17,"column":120}},"15":{"start":{"line":18,"column":25},"end":{"line":18,"column":114}},"16":{"start":{"line":20,"column":20},"end":{"line":28,"column":2}},"17":{"start":{"line":30,"column":17},"end":{"line":46,"column":null}},"18":{"start":{"line":30,"column":178},"end":{"line":46,"column":null}},"19":{"start":{"line":32,"column":8},"end":{"line":40,"column":null}},"20":{"start":{"line":41,"column":8},"end":{"line":41,"column":null}},"21":{"start":{"line":43,"column":14},"end":{"line":43,"column":null}},"22":{"start":{"line":44,"column":8},"end":{"line":44,"column":null}},"23":{"start":{"line":50,"column":31},"end":{"line":62,"column":null}},"24":{"start":{"line":50,"column":85},"end":{"line":62,"column":null}},"25":{"start":{"line":51,"column":10},"end":{"line":51,"column":null}},"26":{"start":{"line":52,"column":10},"end":{"line":52,"column":null}},"27":{"start":{"line":53,"column":10},"end":{"line":53,"column":null}},"28":{"start":{"line":57,"column":10},"end":{"line":59,"column":null}},"29":{"start":{"line":60,"column":10},"end":{"line":60,"column":null}},"30":{"start":{"line":61,"column":4},"end":{"line":61,"column":null}},"31":{"start":{"line":50,"column":13},"end":{"line":50,"column":31}},"32":{"start":{"line":64,"column":32},"end":{"line":77,"column":null}},"33":{"start":{"line":64,"column":110},"end":{"line":77,"column":null}},"34":{"start":{"line":65,"column":10},"end":{"line":65,"column":null}},"35":{"start":{"line":66,"column":10},"end":{"line":66,"column":null}},"36":{"start":{"line":67,"column":10},"end":{"line":67,"column":null}},"37":{"start":{"line":68,"column":10},"end":{"line":68,"column":null}},"38":{"start":{"line":72,"column":10},"end":{"line":74,"column":null}},"39":{"start":{"line":75,"column":10},"end":{"line":75,"column":null}},"40":{"start":{"line":76,"column":4},"end":{"line":76,"column":null}},"41":{"start":{"line":64,"column":13},"end":{"line":64,"column":32}},"42":{"start":{"line":79,"column":45},"end":{"line":88,"column":null}},"43":{"start":{"line":79,"column":81},"end":{"line":88,"column":null}},"44":{"start":{"line":80,"column":10},"end":{"line":80,"column":null}},"45":{"start":{"line":82,"column":10},"end":{"line":85,"column":null}},"46":{"start":{"line":86,"column":10},"end":{"line":86,"column":null}},"47":{"start":{"line":87,"column":4},"end":{"line":87,"column":null}},"48":{"start":{"line":79,"column":13},"end":{"line":79,"column":45}},"49":{"start":{"line":90,"column":34},"end":{"line":98,"column":null}},"50":{"start":{"line":90,"column":74},"end":{"line":98,"column":null}},"51":{"start":{"line":91,"column":10},"end":{"line":91,"column":null}},"52":{"start":{"line":93,"column":10},"end":{"line":95,"column":null}},"53":{"start":{"line":96,"column":10},"end":{"line":96,"column":null}},"54":{"start":{"line":97,"column":4},"end":{"line":97,"column":null}},"55":{"start":{"line":90,"column":13},"end":{"line":90,"column":34}},"56":{"start":{"line":100,"column":30},"end":{"line":111,"column":null}},"57":{"start":{"line":100,"column":103},"end":{"line":111,"column":null}},"58":{"start":{"line":101,"column":10},"end":{"line":101,"column":null}},"59":{"start":{"line":102,"column":10},"end":{"line":102,"column":null}},"60":{"start":{"line":103,"column":10},"end":{"line":103,"column":null}},"61":{"start":{"line":104,"column":10},"end":{"line":104,"column":null}},"62":{"start":{"line":106,"column":10},"end":{"line":108,"column":null}},"63":{"start":{"line":109,"column":10},"end":{"line":109,"column":null}},"64":{"start":{"line":110,"column":4},"end":{"line":110,"column":null}},"65":{"start":{"line":100,"column":13},"end":{"line":100,"column":30}},"66":{"start":{"line":113,"column":33},"end":{"line":125,"column":null}},"67":{"start":{"line":113,"column":87},"end":{"line":125,"column":null}},"68":{"start":{"line":114,"column":10},"end":{"line":114,"column":null}},"69":{"start":{"line":115,"column":10},"end":{"line":115,"column":null}},"70":{"start":{"line":116,"column":10},"end":{"line":116,"column":null}},"71":{"start":{"line":118,"column":4},"end":{"line":118,"column":null}},"72":{"start":{"line":120,"column":10},"end":{"line":122,"column":null}},"73":{"start":{"line":123,"column":10},"end":{"line":123,"column":null}},"74":{"start":{"line":124,"column":4},"end":{"line":124,"column":null}},"75":{"start":{"line":113,"column":13},"end":{"line":113,"column":33}}},"fnMap":{"0":{"name":"(anonymous_14)","decl":{"start":{"line":30,"column":17},"end":{"line":30,"column":24}},"loc":{"start":{"line":30,"column":178},"end":{"line":46,"column":null}}},"1":{"name":"(anonymous_15)","decl":{"start":{"line":30,"column":178},"end":{"line":30,"column":null}},"loc":{"start":{"line":30,"column":178},"end":{"line":46,"column":null}}},"2":{"name":"(anonymous_17)","decl":{"start":{"line":50,"column":31},"end":{"line":50,"column":38}},"loc":{"start":{"line":50,"column":85},"end":{"line":62,"column":null}}},"3":{"name":"(anonymous_18)","decl":{"start":{"line":50,"column":85},"end":{"line":50,"column":null}},"loc":{"start":{"line":50,"column":85},"end":{"line":62,"column":null}}},"4":{"name":"(anonymous_20)","decl":{"start":{"line":64,"column":32},"end":{"line":64,"column":39}},"loc":{"start":{"line":64,"column":110},"end":{"line":77,"column":null}}},"5":{"name":"(anonymous_21)","decl":{"start":{"line":64,"column":110},"end":{"line":64,"column":null}},"loc":{"start":{"line":64,"column":110},"end":{"line":77,"column":null}}},"6":{"name":"(anonymous_23)","decl":{"start":{"line":79,"column":45},"end":{"line":79,"column":52}},"loc":{"start":{"line":79,"column":81},"end":{"line":88,"column":null}}},"7":{"name":"(anonymous_24)","decl":{"start":{"line":79,"column":81},"end":{"line":79,"column":null}},"loc":{"start":{"line":79,"column":81},"end":{"line":88,"column":null}}},"8":{"name":"(anonymous_26)","decl":{"start":{"line":90,"column":34},"end":{"line":90,"column":41}},"loc":{"start":{"line":90,"column":74},"end":{"line":98,"column":null}}},"9":{"name":"(anonymous_27)","decl":{"start":{"line":90,"column":74},"end":{"line":90,"column":null}},"loc":{"start":{"line":90,"column":74},"end":{"line":98,"column":null}}},"10":{"name":"(anonymous_29)","decl":{"start":{"line":100,"column":30},"end":{"line":100,"column":37}},"loc":{"start":{"line":100,"column":103},"end":{"line":111,"column":null}}},"11":{"name":"(anonymous_30)","decl":{"start":{"line":100,"column":103},"end":{"line":100,"column":null}},"loc":{"start":{"line":100,"column":103},"end":{"line":111,"column":null}}},"12":{"name":"(anonymous_32)","decl":{"start":{"line":113,"column":33},"end":{"line":113,"column":40}},"loc":{"start":{"line":113,"column":87},"end":{"line":125,"column":null}}},"13":{"name":"(anonymous_33)","decl":{"start":{"line":113,"column":87},"end":{"line":113,"column":null}},"loc":{"start":{"line":113,"column":87},"end":{"line":125,"column":null}}}},"branchMap":{"0":{"loc":{"start":{"line":51,"column":16},"end":{"line":51,"column":110}},"type":"cond-expr","locations":[{"start":{"line":51,"column":50},"end":{"line":51,"column":79}},{"start":{"line":51,"column":82},"end":{"line":51,"column":110}}]},"1":{"loc":{"start":{"line":51,"column":16},"end":{"line":51,"column":47}},"type":"binary-expr","locations":[{"start":{"line":51,"column":16},"end":{"line":51,"column":37}},{"start":{"line":51,"column":41},"end":{"line":51,"column":47}}]},"2":{"loc":{"start":{"line":65,"column":16},"end":{"line":65,"column":110}},"type":"cond-expr","locations":[{"start":{"line":65,"column":50},"end":{"line":65,"column":79}},{"start":{"line":65,"column":82},"end":{"line":65,"column":110}}]},"3":{"loc":{"start":{"line":65,"column":16},"end":{"line":65,"column":47}},"type":"binary-expr","locations":[{"start":{"line":65,"column":16},"end":{"line":65,"column":37}},{"start":{"line":65,"column":41},"end":{"line":65,"column":47}}]},"4":{"loc":{"start":{"line":67,"column":25},"end":{"line":67,"column":103}},"type":"cond-expr","locations":[{"start":{"line":67,"column":61},"end":{"line":67,"column":82}},{"start":{"line":67,"column":85},"end":{"line":67,"column":103}}]},"5":{"loc":{"start":{"line":101,"column":16},"end":{"line":101,"column":110}},"type":"cond-expr","locations":[{"start":{"line":101,"column":50},"end":{"line":101,"column":79}},{"start":{"line":101,"column":82},"end":{"line":101,"column":110}}]},"6":{"loc":{"start":{"line":101,"column":16},"end":{"line":101,"column":47}},"type":"binary-expr","locations":[{"start":{"line":101,"column":16},"end":{"line":101,"column":37}},{"start":{"line":101,"column":41},"end":{"line":101,"column":47}}]},"7":{"loc":{"start":{"line":103,"column":25},"end":{"line":103,"column":97}},"type":"cond-expr","locations":[{"start":{"line":103,"column":59},"end":{"line":103,"column":78}},{"start":{"line":103,"column":81},"end":{"line":103,"column":97}}]},"8":{"loc":{"start":{"line":114,"column":16},"end":{"line":114,"column":110}},"type":"cond-expr","locations":[{"start":{"line":114,"column":50},"end":{"line":114,"column":79}},{"start":{"line":114,"column":82},"end":{"line":114,"column":110}}]},"9":{"loc":{"start":{"line":114,"column":16},"end":{"line":114,"column":47}},"type":"binary-expr","locations":[{"start":{"line":114,"column":16},"end":{"line":114,"column":37}},{"start":{"line":114,"column":41},"end":{"line":114,"column":47}}]}},"s":{"0":5,"1":5,"2":5,"3":5,"4":5,"5":5,"6":5,"7":5,"8":5,"9":5,"10":5,"11":5,"12":5,"13":5,"14":5,"15":5,"16":5,"17":5,"18":8,"19":16,"20":8,"21":0,"22":0,"23":5,"24":1,"25":1,"26":1,"27":1,"28":1,"29":1,"30":1,"31":5,"32":5,"33":2,"34":2,"35":2,"36":2,"37":2,"38":2,"39":2,"40":2,"41":5,"42":5,"43":1,"44":1,"45":1,"46":1,"47":1,"48":5,"49":5,"50":1,"51":1,"52":1,"53":1,"54":1,"55":5,"56":5,"57":2,"58":2,"59":2,"60":2,"61":2,"62":2,"63":2,"64":2,"65":5,"66":5,"67":1,"68":1,"69":1,"70":1,"71":1,"72":1,"73":1,"74":1,"75":5},"f":{"0":8,"1":8,"2":1,"3":1,"4":2,"5":2,"6":1,"7":1,"8":1,"9":1,"10":2,"11":2,"12":1,"13":1},"b":{"0":[1,0],"1":[1,1],"2":[2,0],"3":[2,2],"4":[1,1],"5":[2,0],"6":[2,2],"7":[1,1],"8":[1,0],"9":[1,1]}}
,"/Users/peter/Documents/bavenir/AURORAL/auroral_nm/src/core/communities.ts": {"path":"/Users/peter/Documents/bavenir/AURORAL/auroral_nm/src/core/communities.ts","statementMap":{"0":{"start":{"line":6,"column":0},"end":{"line":6,"column":41}},"1":{"start":{"line":7,"column":0},"end":{"line":7,"column":48}},"2":{"start":{"line":8,"column":0},"end":{"line":8,"column":62}},"3":{"start":{"line":9,"column":0},"end":{"line":9,"column":63}},"4":{"start":{"line":10,"column":0},"end":{"line":10,"column":80}},"5":{"start":{"line":11,"column":0},"end":{"line":11,"column":53}},"6":{"start":{"line":12,"column":0},"end":{"line":12,"column":69}},"7":{"start":{"line":13,"column":0},"end":{"line":13,"column":41}},"8":{"start":{"line":17,"column":25},"end":{"line":50,"column":null}},"9":{"start":{"line":17,"column":54},"end":{"line":50,"column":null}},"10":{"start":{"line":20,"column":26},"end":{"line":20,"column":null}},"11":{"start":{"line":20,"column":14},"end":{"line":20,"column":null}},"12":{"start":{"line":21,"column":8},"end":{"line":27,"column":null}},"13":{"start":{"line":22,"column":12},"end":{"line":26,"column":null}},"14":{"start":{"line":22,"column":23},"end":{"line":22,"column":39}},"15":{"start":{"line":23,"column":16},"end":{"line":25,"column":null}},"16":{"start":{"line":24,"column":20},"end":{"line":24,"column":null}},"17":{"start":{"line":29,"column":12},"end":{"line":29,"column":16}},"18":{"start":{"line":30,"column":12},"end":{"line":30,"column":null}},"19":{"start":{"line":32,"column":12},"end":{"line":32,"column":null}},"20":{"start":{"line":35,"column":35},"end":{"line":35,"column":null}},"21":{"start":{"line":35,"column":19},"end":{"line":35,"column":35}},"22":{"start":{"line":36,"column":31},"end":{"line":36,"column":null}},"23":{"start":{"line":36,"column":23},"end":{"line":36,"column":31}},"24":{"start":{"line":38,"column":16},"end":{"line":38,"column":null}},"25":{"start":{"line":40,"column":16},"end":{"line":40,"column":null}},"26":{"start":{"line":46,"column":14},"end":{"line":46,"column":null}},"27":{"start":{"line":47,"column":8},"end":{"line":47,"column":null}},"28":{"start":{"line":48,"column":8},"end":{"line":48,"column":null}},"29":{"start":{"line":17,"column":13},"end":{"line":17,"column":25}},"30":{"start":{"line":52,"column":26},"end":{"line":75,"column":null}},"31":{"start":{"line":52,"column":47},"end":{"line":75,"column":null}},"32":{"start":{"line":55,"column":26},"end":{"line":55,"column":null}},"33":{"start":{"line":55,"column":14},"end":{"line":55,"column":null}},"34":{"start":{"line":58,"column":35},"end":{"line":58,"column":null}},"35":{"start":{"line":58,"column":19},"end":{"line":58,"column":35}},"36":{"start":{"line":59,"column":31},"end":{"line":59,"column":null}},"37":{"start":{"line":59,"column":23},"end":{"line":59,"column":31}},"38":{"start":{"line":61,"column":16},"end":{"line":61,"column":null}},"39":{"start":{"line":63,"column":16},"end":{"line":63,"column":null}},"40":{"start":{"line":66,"column":8},"end":{"line":66,"column":null}},"41":{"start":{"line":67,"column":8},"end":{"line":67,"column":null}},"42":{"start":{"line":71,"column":14},"end":{"line":71,"column":null}},"43":{"start":{"line":72,"column":8},"end":{"line":72,"column":null}},"44":{"start":{"line":73,"column":8},"end":{"line":73,"column":null}},"45":{"start":{"line":52,"column":14},"end":{"line":52,"column":26}},"46":{"start":{"line":77,"column":23},"end":{"line":109,"column":null}},"47":{"start":{"line":77,"column":71},"end":{"line":109,"column":null}},"48":{"start":{"line":80,"column":30},"end":{"line":80,"column":null}},"49":{"start":{"line":80,"column":14},"end":{"line":80,"column":null}},"50":{"start":{"line":81,"column":26},"end":{"line":81,"column":null}},"51":{"start":{"line":81,"column":14},"end":{"line":81,"column":null}},"52":{"start":{"line":84,"column":8},"end":{"line":84,"column":null}},"53":{"start":{"line":85,"column":12},"end":{"line":85,"column":13}},"54":{"start":{"line":86,"column":12},"end":{"line":88,"column":null}},"55":{"start":{"line":87,"column":16},"end":{"line":87,"column":null}},"56":{"start":{"line":91,"column":24},"end":{"line":91,"column":null}},"57":{"start":{"line":91,"column":18},"end":{"line":91,"column":null}},"58":{"start":{"line":93,"column":12},"end":{"line":93,"column":null}},"59":{"start":{"line":97,"column":8},"end":{"line":97,"column":null}},"60":{"start":{"line":100,"column":8},"end":{"line":100,"column":null}},"61":{"start":{"line":105,"column":14},"end":{"line":105,"column":null}},"62":{"start":{"line":106,"column":8},"end":{"line":106,"column":null}},"63":{"start":{"line":107,"column":8},"end":{"line":107,"column":null}},"64":{"start":{"line":77,"column":13},"end":{"line":77,"column":23}},"65":{"start":{"line":111,"column":26},"end":{"line":131,"column":null}},"66":{"start":{"line":111,"column":74},"end":{"line":131,"column":null}},"67":{"start":{"line":114,"column":8},"end":{"line":114,"column":null}},"68":{"start":{"line":116,"column":8},"end":{"line":116,"column":null}},"69":{"start":{"line":118,"column":8},"end":{"line":118,"column":null}},"70":{"start":{"line":121,"column":8},"end":{"line":121,"column":null}},"71":{"start":{"line":123,"column":8},"end":{"line":123,"column":null}},"72":{"start":{"line":127,"column":14},"end":{"line":127,"column":null}},"73":{"start":{"line":128,"column":8},"end":{"line":128,"column":null}},"74":{"start":{"line":129,"column":8},"end":{"line":129,"column":null}},"75":{"start":{"line":111,"column":13},"end":{"line":111,"column":26}},"76":{"start":{"line":133,"column":32},"end":{"line":142,"column":null}},"77":{"start":{"line":133,"column":65},"end":{"line":142,"column":null}},"78":{"start":{"line":134,"column":4},"end":{"line":141,"column":null}},"79":{"start":{"line":138,"column":14},"end":{"line":138,"column":null}},"80":{"start":{"line":139,"column":8},"end":{"line":139,"column":null}},"81":{"start":{"line":140,"column":8},"end":{"line":140,"column":null}},"82":{"start":{"line":133,"column":13},"end":{"line":133,"column":32}},"83":{"start":{"line":146,"column":25},"end":{"line":154,"column":null}},"84":{"start":{"line":146,"column":45},"end":{"line":154,"column":null}},"85":{"start":{"line":147,"column":4},"end":{"line":147,"column":null}},"86":{"start":{"line":148,"column":9},"end":{"line":148,"column":67}},"87":{"start":{"line":148,"column":8},"end":{"line":148,"column":9}},"88":{"start":{"line":150,"column":8},"end":{"line":150,"column":null}},"89":{"start":{"line":152,"column":8},"end":{"line":152,"column":null}}},"fnMap":{"0":{"name":"(anonymous_15)","decl":{"start":{"line":17,"column":25},"end":{"line":17,"column":32}},"loc":{"start":{"line":17,"column":54},"end":{"line":50,"column":null}}},"1":{"name":"(anonymous_16)","decl":{"start":{"line":17,"column":54},"end":{"line":17,"column":null}},"loc":{"start":{"line":17,"column":54},"end":{"line":50,"column":null}}},"2":{"name":"(anonymous_18)","decl":{"start":{"line":52,"column":26},"end":{"line":52,"column":33}},"loc":{"start":{"line":52,"column":47},"end":{"line":75,"column":null}}},"3":{"name":"(anonymous_19)","decl":{"start":{"line":52,"column":47},"end":{"line":52,"column":null}},"loc":{"start":{"line":52,"column":47},"end":{"line":75,"column":null}}},"4":{"name":"(anonymous_21)","decl":{"start":{"line":77,"column":23},"end":{"line":77,"column":30}},"loc":{"start":{"line":77,"column":71},"end":{"line":109,"column":null}}},"5":{"name":"(anonymous_22)","decl":{"start":{"line":77,"column":71},"end":{"line":77,"column":null}},"loc":{"start":{"line":77,"column":71},"end":{"line":109,"column":null}}},"6":{"name":"(anonymous_24)","decl":{"start":{"line":111,"column":26},"end":{"line":111,"column":33}},"loc":{"start":{"line":111,"column":74},"end":{"line":131,"column":null}}},"7":{"name":"(anonymous_25)","decl":{"start":{"line":111,"column":74},"end":{"line":111,"column":null}},"loc":{"start":{"line":111,"column":74},"end":{"line":131,"column":null}}},"8":{"name":"(anonymous_27)","decl":{"start":{"line":133,"column":32},"end":{"line":133,"column":39}},"loc":{"start":{"line":133,"column":65},"end":{"line":142,"column":null}}},"9":{"name":"(anonymous_28)","decl":{"start":{"line":133,"column":65},"end":{"line":133,"column":null}},"loc":{"start":{"line":133,"column":65},"end":{"line":142,"column":null}}},"10":{"name":"(anonymous_30)","decl":{"start":{"line":146,"column":25},"end":{"line":146,"column":31}},"loc":{"start":{"line":146,"column":45},"end":{"line":154,"column":null}}},"11":{"name":"(anonymous_31)","decl":{"start":{"line":146,"column":45},"end":{"line":146,"column":null}},"loc":{"start":{"line":146,"column":45},"end":{"line":154,"column":null}}}},"branchMap":{"0":{"loc":{"start":{"line":32,"column":12},"end":{"line":32,"column":null}},"type":"switch","locations":[{"start":{"line":32,"column":12},"end":{"line":32,"column":null}}]},"1":{"loc":{"start":{"line":21,"column":8},"end":{"line":27,"column":null}},"type":"if","locations":[{"start":{"line":21,"column":8},"end":{"line":27,"column":null}}]},"2":{"loc":{"start":{"line":21,"column":12},"end":{"line":21,"column":64}},"type":"binary-expr","locations":[{"start":{"line":21,"column":12},"end":{"line":21,"column":21}},{"start":{"line":21,"column":25},"end":{"line":21,"column":64}}]},"3":{"loc":{"start":{"line":23,"column":16},"end":{"line":25,"column":null}},"type":"if","locations":[{"start":{"line":23,"column":16},"end":{"line":25,"column":null}}]},"4":{"loc":{"start":{"line":29,"column":12},"end":{"line":29,"column":16}},"type":"if","locations":[{"start":{"line":29,"column":12},"end":{"line":29,"column":16}}]},"5":{"loc":{"start":{"line":66,"column":8},"end":{"line":66,"column":null}},"type":"switch","locations":[{"start":{"line":66,"column":8},"end":{"line":66,"column":null}}]},"6":{"loc":{"start":{"line":85,"column":12},"end":{"line":85,"column":13}},"type":"if","locations":[{"start":{"line":85,"column":12},"end":{"line":85,"column":13}}]},"7":{"loc":{"start":{"line":86,"column":12},"end":{"line":88,"column":null}},"type":"if","locations":[{"start":{"line":86,"column":12},"end":{"line":88,"column":null}}]},"8":{"loc":{"start":{"line":86,"column":16},"end":{"line":86,"column":78}},"type":"binary-expr","locations":[{"start":{"line":86,"column":16},"end":{"line":86,"column":30}},{"start":{"line":86,"column":34},"end":{"line":86,"column":78}}]},"9":{"loc":{"start":{"line":147,"column":4},"end":{"line":147,"column":null}},"type":"switch","locations":[{"start":{"line":147,"column":4},"end":{"line":147,"column":null}}]},"10":{"loc":{"start":{"line":148,"column":8},"end":{"line":148,"column":9}},"type":"if","locations":[{"start":{"line":148,"column":8},"end":{"line":148,"column":9}}]}},"s":{"0":2,"1":2,"2":2,"3":2,"4":2,"5":2,"6":2,"7":2,"8":2,"9":0,"10":0,"11":0,"12":0,"13":0,"14":0,"15":0,"16":0,"17":0,"18":0,"19":0,"20":0,"21":0,"22":0,"23":0,"24":0,"25":0,"26":0,"27":0,"28":0,"29":2,"30":2,"31":0,"32":0,"33":0,"34":0,"35":0,"36":0,"37":0,"38":0,"39":0,"40":0,"41":0,"42":0,"43":0,"44":0,"45":2,"46":2,"47":0,"48":0,"49":0,"50":0,"51":0,"52":0,"53":0,"54":0,"55":0,"56":0,"57":0,"58":0,"59":0,"60":0,"61":0,"62":0,"63":0,"64":2,"65":2,"66":0,"67":0,"68":0,"69":0,"70":0,"71":0,"72":0,"73":0,"74":0,"75":2,"76":2,"77":0,"78":0,"79":0,"80":0,"81":0,"82":2,"83":2,"84":0,"85":0,"86":0,"87":0,"88":0,"89":0},"f":{"0":0,"1":0,"2":0,"3":0,"4":0,"5":0,"6":0,"7":0,"8":0,"9":0,"10":0,"11":0},"b":{"0":[0],"1":[0],"2":[0,0],"3":[0],"4":[0],"5":[0],"6":[0],"7":[0],"8":[0,0],"9":[0],"10":[0]}}
,"/Users/peter/Documents/bavenir/AURORAL/auroral_nm/src/core/contracts.ts": {"path":"/Users/peter/Documents/bavenir/AURORAL/auroral_nm/src/core/contracts.ts","statementMap":{"0":{"start":{"line":6,"column":0},"end":{"line":6,"column":null}},"1":{"start":{"line":16,"column":0},"end":{"line":16,"column":40}},"2":{"start":{"line":17,"column":0},"end":{"line":17,"column":62}},"3":{"start":{"line":18,"column":0},"end":{"line":18,"column":61}},"4":{"start":{"line":19,"column":0},"end":{"line":19,"column":69}},"5":{"start":{"line":20,"column":0},"end":{"line":20,"column":53}},"6":{"start":{"line":21,"column":0},"end":{"line":21,"column":53}},"7":{"start":{"line":22,"column":0},"end":{"line":22,"column":67}},"8":{"start":{"line":23,"column":0},"end":{"line":23,"column":41}},"9":{"start":{"line":24,"column":0},"end":{"line":24,"column":69}},"10":{"start":{"line":25,"column":0},"end":{"line":25,"column":70}},"11":{"start":{"line":26,"column":0},"end":{"line":26,"column":65}},"12":{"start":{"line":27,"column":0},"end":{"line":27,"column":48}},"13":{"start":{"line":28,"column":0},"end":{"line":28,"column":55}},"14":{"start":{"line":30,"column":0},"end":{"line":30,"column":70}},"15":{"start":{"line":31,"column":0},"end":{"line":31,"column":50}},"16":{"start":{"line":41,"column":23},"end":{"line":57,"column":null}},"17":{"start":{"line":41,"column":56},"end":{"line":57,"column":null}},"18":{"start":{"line":43,"column":14},"end":{"line":46,"column":null}},"19":{"start":{"line":47,"column":8},"end":{"line":49,"column":null}},"20":{"start":{"line":48,"column":12},"end":{"line":48,"column":null}},"21":{"start":{"line":53,"column":15},"end":{"line":53,"column":null}},"22":{"start":{"line":53,"column":8},"end":{"line":53,"column":null}},"23":{"start":{"line":55,"column":8},"end":{"line":55,"column":null}},"24":{"start":{"line":41,"column":13},"end":{"line":41,"column":23}},"25":{"start":{"line":70,"column":25},"end":{"line":136,"column":null}},"26":{"start":{"line":70,"column":152},"end":{"line":136,"column":null}},"27":{"start":{"line":73,"column":22},"end":{"line":73,"column":null}},"28":{"start":{"line":73,"column":14},"end":{"line":73,"column":null}},"29":{"start":{"line":74,"column":23},"end":{"line":74,"column":null}},"30":{"start":{"line":74,"column":14},"end":{"line":74,"column":null}},"31":{"start":{"line":76,"column":8},"end":{"line":78,"column":null}},"32":{"start":{"line":77,"column":12},"end":{"line":77,"column":null}},"33":{"start":{"line":80,"column":8},"end":{"line":82,"column":null}},"34":{"start":{"line":81,"column":12},"end":{"line":81,"column":null}},"35":{"start":{"line":83,"column":21},"end":{"line":83,"column":null}},"36":{"start":{"line":83,"column":14},"end":{"line":83,"column":null}},"37":{"start":{"line":85,"column":8},"end":{"line":87,"column":null}},"38":{"start":{"line":86,"column":12},"end":{"line":86,"column":null}},"39":{"start":{"line":88,"column":8},"end":{"line":90,"column":null}},"40":{"start":{"line":89,"column":12},"end":{"line":89,"column":null}},"41":{"start":{"line":92,"column":14},"end":{"line":92,"column":null}},"42":{"start":{"line":93,"column":14},"end":{"line":93,"column":null}},"43":{"start":{"line":94,"column":8},"end":{"line":96,"column":null}},"44":{"start":{"line":94,"column":45},"end":{"line":94,"column":78}},"45":{"start":{"line":95,"column":12},"end":{"line":95,"column":null}},"46":{"start":{"line":98,"column":14},"end":{"line":98,"column":null}},"47":{"start":{"line":100,"column":25},"end":{"line":100,"column":null}},"48":{"start":{"line":100,"column":14},"end":{"line":100,"column":null}},"49":{"start":{"line":102,"column":8},"end":{"line":102,"column":null}},"50":{"start":{"line":105,"column":12},"end":{"line":105,"column":null}},"51":{"start":{"line":106,"column":24},"end":{"line":106,"column":null}},"52":{"start":{"line":106,"column":19},"end":{"line":106,"column":24}},"53":{"start":{"line":107,"column":12},"end":{"line":107,"column":null}},"54":{"start":{"line":108,"column":30},"end":{"line":108,"column":null}},"55":{"start":{"line":108,"column":18},"end":{"line":108,"column":null}},"56":{"start":{"line":109,"column":12},"end":{"line":109,"column":null}},"57":{"start":{"line":110,"column":12},"end":{"line":117,"column":null}},"58":{"start":{"line":120,"column":8},"end":{"line":127,"column":null}},"59":{"start":{"line":129,"column":8},"end":{"line":129,"column":null}},"60":{"start":{"line":130,"column":8},"end":{"line":130,"column":null}},"61":{"start":{"line":132,"column":14},"end":{"line":132,"column":null}},"62":{"start":{"line":133,"column":8},"end":{"line":133,"column":null}},"63":{"start":{"line":134,"column":8},"end":{"line":134,"column":null}},"64":{"start":{"line":70,"column":13},"end":{"line":70,"column":25}},"65":{"start":{"line":145,"column":26},"end":{"line":157,"column":null}},"66":{"start":{"line":145,"column":68},"end":{"line":157,"column":null}},"67":{"start":{"line":148,"column":25},"end":{"line":148,"column":null}},"68":{"start":{"line":148,"column":14},"end":{"line":148,"column":null}},"69":{"start":{"line":149,"column":8},"end":{"line":149,"column":null}},"70":{"start":{"line":151,"column":8},"end":{"line":151,"column":null}},"71":{"start":{"line":153,"column":14},"end":{"line":153,"column":null}},"72":{"start":{"line":154,"column":8},"end":{"line":154,"column":null}},"73":{"start":{"line":155,"column":8},"end":{"line":155,"column":null}},"74":{"start":{"line":145,"column":14},"end":{"line":145,"column":26}},"75":{"start":{"line":166,"column":37},"end":{"line":210,"column":null}},"76":{"start":{"line":166,"column":103},"end":{"line":210,"column":null}},"77":{"start":{"line":168,"column":26},"end":{"line":168,"column":65}},"78":{"start":{"line":168,"column":10},"end":{"line":168,"column":null}},"79":{"start":{"line":171,"column":4},"end":{"line":171,"column":null}},"80":{"start":{"line":172,"column":4},"end":{"line":172,"column":null}},"81":{"start":{"line":174,"column":4},"end":{"line":174,"column":null}},"82":{"start":{"line":175,"column":4},"end":{"line":175,"column":null}},"83":{"start":{"line":176,"column":19},"end":{"line":176,"column":null}},"84":{"start":{"line":176,"column":10},"end":{"line":176,"column":null}},"85":{"start":{"line":177,"column":18},"end":{"line":177,"column":null}},"86":{"start":{"line":177,"column":10},"end":{"line":177,"column":null}},"87":{"start":{"line":179,"column":4},"end":{"line":186,"column":null}},"88":{"start":{"line":188,"column":20},"end":{"line":188,"column":null}},"89":{"start":{"line":188,"column":10},"end":{"line":188,"column":null}},"90":{"start":{"line":189,"column":8},"end":{"line":189,"column":15}},"91":{"start":{"line":190,"column":8},"end":{"line":197,"column":null}},"92":{"start":{"line":201,"column":25},"end":{"line":201,"column":74}},"93":{"start":{"line":201,"column":14},"end":{"line":201,"column":null}},"94":{"start":{"line":202,"column":27},"end":{"line":202,"column":null}},"95":{"start":{"line":202,"column":19},"end":{"line":202,"column":27}},"96":{"start":{"line":203,"column":18},"end":{"line":203,"column":null}},"97":{"start":{"line":203,"column":57},"end":{"line":203,"column":71}},"98":{"start":{"line":204,"column":12},"end":{"line":207,"column":null}},"99":{"start":{"line":200,"column":25},"end":{"line":200,"column":null}},"100":{"start":{"line":200,"column":15},"end":{"line":200,"column":25}},"101":{"start":{"line":166,"column":13},"end":{"line":166,"column":37}},"102":{"start":{"line":218,"column":37},"end":{"line":265,"column":null}},"103":{"start":{"line":218,"column":103},"end":{"line":265,"column":null}},"104":{"start":{"line":220,"column":26},"end":{"line":220,"column":65}},"105":{"start":{"line":220,"column":10},"end":{"line":220,"column":null}},"106":{"start":{"line":222,"column":10},"end":{"line":222,"column":56}},"107":{"start":{"line":222,"column":4},"end":{"line":224,"column":null}},"108":{"start":{"line":223,"column":8},"end":{"line":223,"column":null}},"109":{"start":{"line":226,"column":4},"end":{"line":226,"column":null}},"110":{"start":{"line":228,"column":24},"end":{"line":228,"column":null}},"111":{"start":{"line":228,"column":10},"end":{"line":228,"column":null}},"112":{"start":{"line":229,"column":4},"end":{"line":229,"column":null}},"113":{"start":{"line":231,"column":4},"end":{"line":231,"column":null}},"114":{"start":{"line":233,"column":34},"end":{"line":238,"column":null}},"115":{"start":{"line":233,"column":10},"end":{"line":238,"column":null}},"116":{"start":{"line":240,"column":24},"end":{"line":240,"column":null}},"117":{"start":{"line":240,"column":15},"end":{"line":240,"column":24}},"118":{"start":{"line":241,"column":8},"end":{"line":241,"column":null}},"119":{"start":{"line":242,"column":8},"end":{"line":242,"column":null}},"120":{"start":{"line":245,"column":20},"end":{"line":245,"column":null}},"121":{"start":{"line":245,"column":10},"end":{"line":245,"column":null}},"122":{"start":{"line":246,"column":8},"end":{"line":246,"column":15}},"123":{"start":{"line":248,"column":22},"end":{"line":248,"column":null}},"124":{"start":{"line":248,"column":14},"end":{"line":248,"column":null}},"125":{"start":{"line":249,"column":23},"end":{"line":249,"column":null}},"126":{"start":{"line":249,"column":14},"end":{"line":249,"column":null}},"127":{"start":{"line":250,"column":8},"end":{"line":257,"column":null}},"128":{"start":{"line":261,"column":19},"end":{"line":261,"column":77}},"129":{"start":{"line":261,"column":10},"end":{"line":261,"column":null}},"130":{"start":{"line":262,"column":23},"end":{"line":262,"column":null}},"131":{"start":{"line":262,"column":15},"end":{"line":262,"column":23}},"132":{"start":{"line":263,"column":8},"end":{"line":263,"column":null}},"133":{"start":{"line":218,"column":13},"end":{"line":218,"column":37}},"134":{"start":{"line":274,"column":37},"end":{"line":315,"column":null}},"135":{"start":{"line":274,"column":103},"end":{"line":315,"column":null}},"136":{"start":{"line":276,"column":10},"end":{"line":276,"column":56}},"137":{"start":{"line":276,"column":4},"end":{"line":278,"column":null}},"138":{"start":{"line":277,"column":8},"end":{"line":277,"column":null}},"139":{"start":{"line":280,"column":4},"end":{"line":280,"column":null}},"140":{"start":{"line":282,"column":21},"end":{"line":282,"column":null}},"141":{"start":{"line":282,"column":10},"end":{"line":282,"column":null}},"142":{"start":{"line":283,"column":4},"end":{"line":283,"column":null}},"143":{"start":{"line":285,"column":4},"end":{"line":285,"column":null}},"144":{"start":{"line":286,"column":34},"end":{"line":291,"column":null}},"145":{"start":{"line":286,"column":10},"end":{"line":291,"column":null}},"146":{"start":{"line":293,"column":24},"end":{"line":293,"column":null}},"147":{"start":{"line":293,"column":15},"end":{"line":293,"column":24}},"148":{"start":{"line":294,"column":8},"end":{"line":294,"column":null}},"149":{"start":{"line":295,"column":8},"end":{"line":295,"column":null}},"150":{"start":{"line":298,"column":19},"end":{"line":298,"column":null}},"151":{"start":{"line":298,"column":10},"end":{"line":298,"column":null}},"152":{"start":{"line":299,"column":18},"end":{"line":299,"column":null}},"153":{"start":{"line":299,"column":10},"end":{"line":299,"column":null}},"154":{"start":{"line":300,"column":4},"end":{"line":307,"column":null}},"155":{"start":{"line":274,"column":13},"end":{"line":274,"column":37}},"156":{"start":{"line":324,"column":23},"end":{"line":359,"column":null}},"157":{"start":{"line":324,"column":86},"end":{"line":359,"column":null}},"158":{"start":{"line":327,"column":21},"end":{"line":327,"column":null}},"159":{"start":{"line":327,"column":14},"end":{"line":327,"column":null}},"160":{"start":{"line":328,"column":21},"end":{"line":328,"column":null}},"161":{"start":{"line":328,"column":14},"end":{"line":328,"column":null}},"162":{"start":{"line":329,"column":25},"end":{"line":329,"column":null}},"163":{"start":{"line":329,"column":14},"end":{"line":329,"column":null}},"164":{"start":{"line":330,"column":8},"end":{"line":332,"column":null}},"165":{"start":{"line":331,"column":12},"end":{"line":331,"column":null}},"166":{"start":{"line":333,"column":12},"end":{"line":333,"column":19}},"167":{"start":{"line":335,"column":12},"end":{"line":335,"column":null}},"168":{"start":{"line":338,"column":8},"end":{"line":342,"column":null}},"169":{"start":{"line":339,"column":12},"end":{"line":339,"column":null}},"170":{"start":{"line":341,"column":12},"end":{"line":341,"column":null}},"171":{"start":{"line":344,"column":14},"end":{"line":344,"column":null}},"172":{"start":{"line":345,"column":8},"end":{"line":345,"column":null}},"173":{"start":{"line":347,"column":8},"end":{"line":347,"column":null}},"174":{"start":{"line":348,"column":12},"end":{"line":348,"column":19}},"175":{"start":{"line":350,"column":18},"end":{"line":350,"column":null}},"176":{"start":{"line":350,"column":67},"end":{"line":350,"column":83}},"177":{"start":{"line":352,"column":12},"end":{"line":352,"column":null}},"178":{"start":{"line":355,"column":14},"end":{"line":355,"column":null}},"179":{"start":{"line":356,"column":8},"end":{"line":356,"column":null}},"180":{"start":{"line":357,"column":8},"end":{"line":357,"column":null}},"181":{"start":{"line":324,"column":13},"end":{"line":324,"column":23}},"182":{"start":{"line":368,"column":24},"end":{"line":406,"column":null}},"183":{"start":{"line":368,"column":83},"end":{"line":406,"column":null}},"184":{"start":{"line":371,"column":26},"end":{"line":371,"column":56}},"185":{"start":{"line":371,"column":14},"end":{"line":371,"column":null}},"186":{"start":{"line":372,"column":21},"end":{"line":372,"column":null}},"187":{"start":{"line":372,"column":14},"end":{"line":372,"column":null}},"188":{"start":{"line":373,"column":8},"end":{"line":375,"column":null}},"189":{"start":{"line":374,"column":12},"end":{"line":374,"column":null}},"190":{"start":{"line":377,"column":12},"end":{"line":377,"column":16}},"191":{"start":{"line":378,"column":16},"end":{"line":378,"column":20}},"192":{"start":{"line":380,"column":16},"end":{"line":380,"column":null}},"193":{"start":{"line":383,"column":16},"end":{"line":383,"column":null}},"194":{"start":{"line":387,"column":8},"end":{"line":387,"column":null}},"195":{"start":{"line":389,"column":24},"end":{"line":389,"column":null}},"196":{"start":{"line":389,"column":14},"end":{"line":389,"column":null}},"197":{"start":{"line":394,"column":31},"end":{"line":394,"column":70}},"198":{"start":{"line":394,"column":14},"end":{"line":394,"column":null}},"199":{"start":{"line":395,"column":14},"end":{"line":395,"column":null}},"200":{"start":{"line":395,"column":54},"end":{"line":395,"column":70}},"201":{"start":{"line":396,"column":12},"end":{"line":396,"column":19}},"202":{"start":{"line":397,"column":12},"end":{"line":397,"column":null}},"203":{"start":{"line":399,"column":12},"end":{"line":399,"column":null}},"204":{"start":{"line":402,"column":14},"end":{"line":402,"column":null}},"205":{"start":{"line":403,"column":8},"end":{"line":403,"column":null}},"206":{"start":{"line":404,"column":8},"end":{"line":404,"column":null}},"207":{"start":{"line":368,"column":13},"end":{"line":368,"column":24}},"208":{"start":{"line":415,"column":27},"end":{"line":452,"column":null}},"209":{"start":{"line":415,"column":75},"end":{"line":452,"column":null}},"210":{"start":{"line":418,"column":22},"end":{"line":418,"column":null}},"211":{"start":{"line":418,"column":14},"end":{"line":418,"column":null}},"212":{"start":{"line":419,"column":8},"end":{"line":423,"column":null}},"213":{"start":{"line":420,"column":12},"end":{"line":422,"column":null}},"214":{"start":{"line":421,"column":16},"end":{"line":421,"column":null}},"215":{"start":{"line":424,"column":8},"end":{"line":424,"column":null}},"216":{"start":{"line":425,"column":8},"end":{"line":433,"column":null}},"217":{"start":{"line":425,"column":45},"end":{"line":433,"column":10}},"218":{"start":{"line":427,"column":16},"end":{"line":427,"column":null}},"219":{"start":{"line":429,"column":16},"end":{"line":429,"column":null}},"220":{"start":{"line":432,"column":12},"end":{"line":432,"column":null}},"221":{"start":{"line":437,"column":31},"end":{"line":437,"column":70}},"222":{"start":{"line":437,"column":14},"end":{"line":437,"column":null}},"223":{"start":{"line":438,"column":14},"end":{"line":438,"column":null}},"224":{"start":{"line":438,"column":54},"end":{"line":438,"column":65}},"225":{"start":{"line":439,"column":14},"end":{"line":439,"column":null}},"226":{"start":{"line":440,"column":23},"end":{"line":440,"column":69}},"227":{"start":{"line":440,"column":14},"end":{"line":440,"column":null}},"228":{"start":{"line":441,"column":8},"end":{"line":445,"column":null}},"229":{"start":{"line":441,"column":19},"end":{"line":441,"column":27}},"230":{"start":{"line":442,"column":12},"end":{"line":444,"column":null}},"231":{"start":{"line":442,"column":23},"end":{"line":442,"column":30}},"232":{"start":{"line":443,"column":16},"end":{"line":443,"column":null}},"233":{"start":{"line":446,"column":8},"end":{"line":446,"column":41}},"234":{"start":{"line":448,"column":14},"end":{"line":448,"column":null}},"235":{"start":{"line":449,"column":8},"end":{"line":449,"column":null}},"236":{"start":{"line":450,"column":8},"end":{"line":450,"column":null}},"237":{"start":{"line":415,"column":13},"end":{"line":415,"column":27}},"238":{"start":{"line":456,"column":26},"end":{"line":502,"column":null}},"239":{"start":{"line":456,"column":45},"end":{"line":502,"column":null}},"240":{"start":{"line":458,"column":21},"end":{"line":458,"column":null}},"241":{"start":{"line":458,"column":10},"end":{"line":458,"column":null}},"242":{"start":{"line":459,"column":8},"end":{"line":459,"column":9}},"243":{"start":{"line":461,"column":8},"end":{"line":461,"column":null}},"244":{"start":{"line":463,"column":8},"end":{"line":463,"column":null}},"245":{"start":{"line":464,"column":8},"end":{"line":464,"column":null}},"246":{"start":{"line":465,"column":8},"end":{"line":465,"column":null}},"247":{"start":{"line":466,"column":8},"end":{"line":466,"column":null}},"248":{"start":{"line":469,"column":24},"end":{"line":469,"column":null}},"249":{"start":{"line":469,"column":10},"end":{"line":469,"column":null}},"250":{"start":{"line":470,"column":8},"end":{"line":470,"column":19}},"251":{"start":{"line":471,"column":8},"end":{"line":471,"column":null}},"252":{"start":{"line":473,"column":8},"end":{"line":475,"column":null}},"253":{"start":{"line":473,"column":56},"end":{"line":475,"column":10}},"254":{"start":{"line":474,"column":12},"end":{"line":474,"column":null}},"255":{"start":{"line":477,"column":38},"end":{"line":482,"column":null}},"256":{"start":{"line":477,"column":14},"end":{"line":482,"column":null}},"257":{"start":{"line":484,"column":28},"end":{"line":484,"column":null}},"258":{"start":{"line":484,"column":19},"end":{"line":484,"column":28}},"259":{"start":{"line":485,"column":12},"end":{"line":485,"column":null}},"260":{"start":{"line":486,"column":12},"end":{"line":486,"column":null}},"261":{"start":{"line":489,"column":8},"end":{"line":489,"column":null}},"262":{"start":{"line":491,"column":25},"end":{"line":491,"column":null}},"263":{"start":{"line":491,"column":14},"end":{"line":491,"column":null}},"264":{"start":{"line":492,"column":27},"end":{"line":492,"column":null}},"265":{"start":{"line":492,"column":19},"end":{"line":492,"column":27}},"266":{"start":{"line":494,"column":18},"end":{"line":494,"column":null}},"267":{"start":{"line":495,"column":12},"end":{"line":495,"column":null}},"268":{"start":{"line":498,"column":8},"end":{"line":498,"column":null}},"269":{"start":{"line":499,"column":8},"end":{"line":499,"column":null}},"270":{"start":{"line":501,"column":4},"end":{"line":501,"column":null}}},"fnMap":{"0":{"name":"(anonymous_17)","decl":{"start":{"line":41,"column":23},"end":{"line":41,"column":30}},"loc":{"start":{"line":41,"column":56},"end":{"line":57,"column":null}}},"1":{"name":"(anonymous_18)","decl":{"start":{"line":41,"column":56},"end":{"line":41,"column":null}},"loc":{"start":{"line":41,"column":56},"end":{"line":57,"column":null}}},"2":{"name":"(anonymous_20)","decl":{"start":{"line":70,"column":25},"end":{"line":70,"column":32}},"loc":{"start":{"line":70,"column":152},"end":{"line":136,"column":null}}},"3":{"name":"(anonymous_21)","decl":{"start":{"line":70,"column":152},"end":{"line":70,"column":null}},"loc":{"start":{"line":70,"column":152},"end":{"line":136,"column":null}}},"4":{"name":"(anonymous_23)","decl":{"start":{"line":94,"column":36},"end":{"line":94,"column":41}},"loc":{"start":{"line":94,"column":41},"end":{"line":94,"column":61}}},"5":{"name":"(anonymous_24)","decl":{"start":{"line":145,"column":26},"end":{"line":145,"column":33}},"loc":{"start":{"line":145,"column":68},"end":{"line":157,"column":null}}},"6":{"name":"(anonymous_25)","decl":{"start":{"line":145,"column":68},"end":{"line":145,"column":null}},"loc":{"start":{"line":145,"column":68},"end":{"line":157,"column":null}}},"7":{"name":"(anonymous_27)","decl":{"start":{"line":166,"column":37},"end":{"line":166,"column":44}},"loc":{"start":{"line":166,"column":103},"end":{"line":210,"column":null}}},"8":{"name":"(anonymous_28)","decl":{"start":{"line":166,"column":103},"end":{"line":166,"column":null}},"loc":{"start":{"line":166,"column":103},"end":{"line":210,"column":null}}},"9":{"name":"(anonymous_32)","decl":{"start":{"line":203,"column":51},"end":{"line":203,"column":53}},"loc":{"start":{"line":203,"column":53},"end":{"line":203,"column":59}}},"10":{"name":"(anonymous_33)","decl":{"start":{"line":218,"column":37},"end":{"line":218,"column":44}},"loc":{"start":{"line":218,"column":103},"end":{"line":265,"column":null}}},"11":{"name":"(anonymous_34)","decl":{"start":{"line":218,"column":103},"end":{"line":218,"column":null}},"loc":{"start":{"line":218,"column":103},"end":{"line":265,"column":null}}},"12":{"name":"(anonymous_36)","decl":{"start":{"line":274,"column":37},"end":{"line":274,"column":44}},"loc":{"start":{"line":274,"column":103},"end":{"line":315,"column":null}}},"13":{"name":"(anonymous_37)","decl":{"start":{"line":274,"column":103},"end":{"line":274,"column":null}},"loc":{"start":{"line":274,"column":103},"end":{"line":315,"column":null}}},"14":{"name":"(anonymous_39)","decl":{"start":{"line":324,"column":23},"end":{"line":324,"column":30}},"loc":{"start":{"line":324,"column":86},"end":{"line":359,"column":null}}},"15":{"name":"(anonymous_40)","decl":{"start":{"line":324,"column":86},"end":{"line":324,"column":null}},"loc":{"start":{"line":324,"column":86},"end":{"line":359,"column":null}}},"16":{"name":"(anonymous_42)","decl":{"start":{"line":338,"column":34},"end":{"line":338,"column":35}},"loc":{"start":{"line":338,"column":37},"end":{"line":340,"column":13}}},"17":{"name":"(anonymous_43)","decl":{"start":{"line":350,"column":61},"end":{"line":350,"column":63}},"loc":{"start":{"line":350,"column":63},"end":{"line":350,"column":69}}},"18":{"name":"(anonymous_44)","decl":{"start":{"line":368,"column":24},"end":{"line":368,"column":31}},"loc":{"start":{"line":368,"column":83},"end":{"line":406,"column":null}}},"19":{"name":"(anonymous_45)","decl":{"start":{"line":368,"column":83},"end":{"line":368,"column":null}},"loc":{"start":{"line":368,"column":83},"end":{"line":406,"column":null}}},"20":{"name":"(anonymous_47)","decl":{"start":{"line":395,"column":48},"end":{"line":395,"column":50}},"loc":{"start":{"line":395,"column":50},"end":{"line":395,"column":56}}},"21":{"name":"(anonymous_48)","decl":{"start":{"line":415,"column":27},"end":{"line":415,"column":34}},"loc":{"start":{"line":415,"column":75},"end":{"line":452,"column":null}}},"22":{"name":"(anonymous_49)","decl":{"start":{"line":415,"column":75},"end":{"line":415,"column":null}},"loc":{"start":{"line":415,"column":75},"end":{"line":452,"column":null}}},"23":{"name":"(anonymous_51)","decl":{"start":{"line":419,"column":21},"end":{"line":419,"column":22}},"loc":{"start":{"line":419,"column":25},"end":{"line":423,"column":9}}},"24":{"name":"(anonymous_52)","decl":{"start":{"line":425,"column":35},"end":{"line":425,"column":42}},"loc":{"start":{"line":425,"column":45},"end":{"line":433,"column":10}}},"25":{"name":"(anonymous_53)","decl":{"start":{"line":425,"column":45},"end":{"line":425,"column":null}},"loc":{"start":{"line":425,"column":45},"end":{"line":433,"column":10}}},"26":{"name":"(anonymous_55)","decl":{"start":{"line":438,"column":48},"end":{"line":438,"column":50}},"loc":{"start":{"line":438,"column":50},"end":{"line":438,"column":56}}},"27":{"name":"(anonymous_56)","decl":{"start":{"line":456,"column":26},"end":{"line":456,"column":33}},"loc":{"start":{"line":456,"column":45},"end":{"line":502,"column":null}}},"28":{"name":"(anonymous_57)","decl":{"start":{"line":456,"column":45},"end":{"line":456,"column":null}},"loc":{"start":{"line":456,"column":45},"end":{"line":502,"column":null}}},"29":{"name":"(anonymous_59)","decl":{"start":{"line":473,"column":49},"end":{"line":473,"column":55}},"loc":{"start":{"line":473,"column":56},"end":{"line":475,"column":10}}},"30":{"name":"(anonymous_60)","decl":{"start":{"line":473,"column":56},"end":{"line":473,"column":null}},"loc":{"start":{"line":473,"column":56},"end":{"line":475,"column":10}}}},"branchMap":{"0":{"loc":{"start":{"line":45,"column":20},"end":{"line":45,"column":79}},"type":"cond-expr","locations":[{"start":{"line":45,"column":34},"end":{"line":45,"column":45}},{"start":{"line":45,"column":48},"end":{"line":45,"column":79}}]},"1":{"loc":{"start":{"line":47,"column":8},"end":{"line":49,"column":null}},"type":"if","locations":[{"start":{"line":47,"column":8},"end":{"line":49,"column":null}}]},"2":{"loc":{"start":{"line":76,"column":8},"end":{"line":78,"column":null}},"type":"if","locations":[{"start":{"line":76,"column":8},"end":{"line":78,"column":null}}]},"3":{"loc":{"start":{"line":80,"column":8},"end":{"line":82,"column":null}},"type":"if","locations":[{"start":{"line":80,"column":8},"end":{"line":82,"column":null}}]},"4":{"loc":{"start":{"line":85,"column":8},"end":{"line":87,"column":null}},"type":"if","locations":[{"start":{"line":85,"column":8},"end":{"line":87,"column":null}}]},"5":{"loc":{"start":{"line":88,"column":8},"end":{"line":90,"column":null}},"type":"if","locations":[{"start":{"line":88,"column":8},"end":{"line":90,"column":null}}]},"6":{"loc":{"start":{"line":94,"column":8},"end":{"line":96,"column":null}},"type":"if","locations":[{"start":{"line":94,"column":8},"end":{"line":96,"column":null}}]},"7":{"loc":{"start":{"line":168,"column":26},"end":{"line":168,"column":65}},"type":"switch","locations":[{"start":{"line":168,"column":26},"end":{"line":168,"column":65}}]},"8":{"loc":{"start":{"line":189,"column":8},"end":{"line":189,"column":15}},"type":"if","locations":[{"start":{"line":189,"column":8},"end":{"line":189,"column":15}}]},"9":{"loc":{"start":{"line":201,"column":25},"end":{"line":201,"column":74}},"type":"switch","locations":[{"start":{"line":201,"column":25},"end":{"line":201,"column":74}}]},"10":{"loc":{"start":{"line":220,"column":26},"end":{"line":220,"column":65}},"type":"switch","locations":[{"start":{"line":220,"column":26},"end":{"line":220,"column":65}},{"start":{"line":245,"column":20},"end":{"line":245,"column":null}},{"start":{"line":261,"column":19},"end":{"line":261,"column":77}}]},"11":{"loc":{"start":{"line":222,"column":4},"end":{"line":224,"column":null}},"type":"if","locations":[{"start":{"line":222,"column":4},"end":{"line":224,"column":null}}]},"12":{"loc":{"start":{"line":246,"column":8},"end":{"line":246,"column":15}},"type":"if","locations":[{"start":{"line":246,"column":8},"end":{"line":246,"column":15}}]},"13":{"loc":{"start":{"line":276,"column":10},"end":{"line":276,"column":56}},"type":"switch","locations":[{"start":{"line":276,"column":10},"end":{"line":276,"column":56}},{"start":{"line":298,"column":19},"end":{"line":298,"column":null}}]},"14":{"loc":{"start":{"line":276,"column":4},"end":{"line":278,"column":null}},"type":"if","locations":[{"start":{"line":276,"column":4},"end":{"line":278,"column":null}}]},"15":{"loc":{"start":{"line":330,"column":8},"end":{"line":332,"column":null}},"type":"if","locations":[{"start":{"line":330,"column":8},"end":{"line":332,"column":null}}]},"16":{"loc":{"start":{"line":330,"column":12},"end":{"line":330,"column":90}},"type":"binary-expr","locations":[{"start":{"line":330,"column":12},"end":{"line":330,"column":46}},{"start":{"line":330,"column":50},"end":{"line":330,"column":90}}]},"17":{"loc":{"start":{"line":333,"column":12},"end":{"line":333,"column":19}},"type":"if","locations":[{"start":{"line":333,"column":12},"end":{"line":333,"column":19}}]},"18":{"loc":{"start":{"line":338,"column":8},"end":{"line":342,"column":null}},"type":"if","locations":[{"start":{"line":338,"column":8},"end":{"line":342,"column":null}}]},"19":{"loc":{"start":{"line":348,"column":12},"end":{"line":348,"column":19}},"type":"if","locations":[{"start":{"line":348,"column":12},"end":{"line":348,"column":19}}]},"20":{"loc":{"start":{"line":399,"column":12},"end":{"line":399,"column":null}},"type":"switch","locations":[{"start":{"line":399,"column":12},"end":{"line":399,"column":null}}]},"21":{"loc":{"start":{"line":373,"column":8},"end":{"line":375,"column":null}},"type":"if","locations":[{"start":{"line":373,"column":8},"end":{"line":375,"column":null}}]},"22":{"loc":{"start":{"line":377,"column":12},"end":{"line":377,"column":16}},"type":"if","locations":[{"start":{"line":377,"column":12},"end":{"line":377,"column":16}}]},"23":{"loc":{"start":{"line":377,"column":12},"end":{"line":377,"column":71}},"type":"binary-expr","locations":[{"start":{"line":377,"column":12},"end":{"line":377,"column":38}},{"start":{"line":377,"column":42},"end":{"line":377,"column":71}}]},"24":{"loc":{"start":{"line":378,"column":16},"end":{"line":378,"column":20}},"type":"if","locations":[{"start":{"line":378,"column":16},"end":{"line":378,"column":20}}]},"25":{"loc":{"start":{"line":396,"column":12},"end":{"line":396,"column":19}},"type":"if","locations":[{"start":{"line":396,"column":12},"end":{"line":396,"column":19}}]},"26":{"loc":{"start":{"line":420,"column":12},"end":{"line":422,"column":null}},"type":"if","locations":[{"start":{"line":420,"column":12},"end":{"line":422,"column":null}}]},"27":{"loc":{"start":{"line":458,"column":21},"end":{"line":458,"column":null}},"type":"switch","locations":[{"start":{"line":458,"column":21},"end":{"line":458,"column":null}},{"start":{"line":469,"column":24},"end":{"line":469,"column":null}},{"start":{"line":501,"column":4},"end":{"line":501,"column":null}}]},"28":{"loc":{"start":{"line":459,"column":8},"end":{"line":459,"column":9}},"type":"if","locations":[{"start":{"line":459,"column":8},"end":{"line":459,"column":9}}]},"29":{"loc":{"start":{"line":459,"column":9},"end":{"line":459,"column":90}},"type":"binary-expr","locations":[{"start":{"line":459,"column":9},"end":{"line":459,"column":44}},{"start":{"line":459,"column":48},"end":{"line":459,"column":90}}]},"30":{"loc":{"start":{"line":470,"column":8},"end":{"line":470,"column":19}},"type":"if","locations":[{"start":{"line":470,"column":8},"end":{"line":470,"column":19}}]},"31":{"loc":{"st
[...]
,"/Users/peter/Documents/bavenir/AURORAL/auroral_nm/src/types/roles.ts": {"path":"/Users/peter/Documents/bavenir/AURORAL/auroral_nm/src/types/roles.ts","statementMap":{"0":{"start":{"line":11,"column":0},"end":{"line":11,"column":null}},"1":{"start":{"line":12,"column":4},"end":{"line":12,"column":null}},"2":{"start":{"line":13,"column":4},"end":{"line":13,"column":null}},"3":{"start":{"line":14,"column":4},"end":{"line":14,"column":null}},"4":{"start":{"line":15,"column":4},"end":{"line":15,"column":null}},"5":{"start":{"line":16,"column":4},"end":{"line":16,"column":null}},"6":{"start":{"line":17,"column":4},"end":{"line":17,"column":null}},"7":{"start":{"line":18,"column":4},"end":{"line":18,"column":null}},"8":{"start":{"line":19,"column":4},"end":{"line":19,"column":null}}},"fnMap":{"0":{"name":"(anonymous_0)","decl":{"start":{"line":11,"column":0},"end":{"line":11,"column":12}},"loc":{"start":{"line":11,"column":21},"end":{"line":20,"column":1}}}},"branchMap":{"0":{"loc":{"start":{"line":11,"column":12},"end":{"line":11,"column":null}},"type":"binary-expr","locations":[{"start":{"line":11,"column":12},"end":{"line":11,"column":21}},{"start":{"line":11,"column":12},"end":{"line":11,"column":null}}]}},"s":{"0":17,"1":17,"2":17,"3":17,"4":17,"5":17,"6":17,"7":17,"8":17},"f":{"0":17},"b":{"0":[17,17]}}
,"/Users/peter/Documents/bavenir/AURORAL/auroral_nm/src/utils/error-handler.ts": {"path":"/Users/peter/Documents/bavenir/AURORAL/auroral_nm/src/utils/error-handler.ts","statementMap":{"0":{"start":{"line":5,"column":0},"end":{"line":5,"column":52}},"1":{"start":{"line":6,"column":0},"end":{"line":6,"column":33}},"2":{"start":{"line":8,"column":0},"end":{"line":8,"column":null}},"3":{"start":{"line":9,"column":4},"end":{"line":9,"column":null}},"4":{"start":{"line":10,"column":4},"end":{"line":10,"column":null}},"5":{"start":{"line":11,"column":4},"end":{"line":11,"column":null}},"6":{"start":{"line":12,"column":4},"end":{"line":12,"column":null}},"7":{"start":{"line":13,"column":4},"end":{"line":13,"column":null}},"8":{"start":{"line":14,"column":4},"end":{"line":14,"column":null}},"9":{"start":{"line":15,"column":4},"end":{"line":15,"column":null}},"10":{"start":{"line":23,"column":0},"end":{"line":23,"column":13}},"11":{"start":{"line":28,"column":33},"end":{"line":28,"column":96}},"12":{"start":{"line":29,"column":8},"end":{"line":29,"column":null}},"13":{"start":{"line":30,"column":8},"end":{"line":30,"column":null}},"14":{"start":{"line":31,"column":8},"end":{"line":31,"column":null}},"15":{"start":{"line":32,"column":8},"end":{"line":32,"column":null}},"16":{"start":{"line":34,"column":0},"end":{"line":34,"column":null}},"17":{"start":{"line":23,"column":13},"end":{"line":23,"column":20}},"18":{"start":{"line":36,"column":28},"end":{"line":55,"column":1}},"19":{"start":{"line":37,"column":4},"end":{"line":54,"column":null}},"20":{"start":{"line":38,"column":8},"end":{"line":38,"column":null}},"21":{"start":{"line":39,"column":11},"end":{"line":54,"column":null}},"22":{"start":{"line":40,"column":8},"end":{"line":44,"column":null}},"23":{"start":{"line":46,"column":8},"end":{"line":46,"column":null}},"24":{"start":{"line":47,"column":8},"end":{"line":47,"column":null}},"25":{"start":{"line":48,"column":8},"end":{"line":48,"column":null}},"26":{"start":{"line":49,"column":8},"end":{"line":53,"column":null}},"27":{"start":{"line":36,"column":13},"end":{"line":36,"column":28}}},"fnMap":{"0":{"name":"(anonymous_0)","decl":{"start":{"line":8,"column":0},"end":{"line":8,"column":12}},"loc":{"start":{"line":8,"column":23},"end":{"line":16,"column":1}}},"1":{"name":"(anonymous_1)","decl":{"start":{"line":23,"column":0},"end":{"line":23,"column":13}},"loc":{"start":{"line":23,"column":0},"end":{"line":34,"column":null}}},"2":{"name":"MyError","decl":{"start":{"line":28,"column":4},"end":{"line":28,"column":16}},"loc":{"start":{"line":28,"column":118},"end":{"line":33,"column":5}}},"3":{"name":"(anonymous_3)","decl":{"start":{"line":36,"column":28},"end":{"line":36,"column":29}},"loc":{"start":{"line":36,"column":41},"end":{"line":55,"column":1}}}},"branchMap":{"0":{"loc":{"start":{"line":8,"column":12},"end":{"line":8,"column":null}},"type":"binary-expr","locations":[{"start":{"line":8,"column":12},"end":{"line":8,"column":23}},{"start":{"line":8,"column":12},"end":{"line":8,"column":null}}]},"1":{"loc":{"start":{"line":28,"column":33},"end":{"line":28,"column":96}},"type":"if","locations":[{"start":{"line":28,"column":33},"end":{"line":28,"column":96}}]},"2":{"loc":{"start":{"line":31,"column":21},"end":{"line":31,"column":35}},"type":"cond-expr","locations":[{"start":{"line":31,"column":28},"end":{"line":31,"column":30}},{"start":{"line":31,"column":21},"end":{"line":31,"column":35}}]},"3":{"loc":{"start":{"line":31,"column":21},"end":{"line":31,"column":30}},"type":"binary-expr","locations":[{"start":{"line":31,"column":21},"end":{"line":31,"column":30}},{"start":{"line":31,"column":21},"end":{"line":31,"column":30}}]},"4":{"loc":{"start":{"line":32,"column":22},"end":{"line":32,"column":37}},"type":"cond-expr","locations":[{"start":{"line":32,"column":29},"end":{"line":32,"column":31}},{"start":{"line":32,"column":22},"end":{"line":32,"column":37}}]},"5":{"loc":{"start":{"line":32,"column":22},"end":{"line":32,"column":31}},"type":"binary-expr","locations":[{"start":{"line":32,"column":22},"end":{"line":32,"column":31}},{"start":{"line":32,"column":22},"end":{"line":32,"column":31}}]},"6":{"loc":{"start":{"line":37,"column":4},"end":{"line":54,"column":null}},"type":"if","locations":[{"start":{"line":37,"column":4},"end":{"line":54,"column":null}},{"start":{"line":39,"column":11},"end":{"line":54,"column":null}}]},"7":{"loc":{"start":{"line":39,"column":11},"end":{"line":54,"column":null}},"type":"if","locations":[{"start":{"line":39,"column":11},"end":{"line":54,"column":null}},{"start":{"line":45,"column":11},"end":{"line":54,"column":null}}]}},"s":{"0":55,"1":55,"2":55,"3":55,"4":55,"5":55,"6":55,"7":55,"8":55,"9":55,"10":55,"11":24,"12":23,"13":23,"14":23,"15":23,"16":55,"17":55,"18":55,"19":26,"20":15,"21":11,"22":9,"23":2,"24":2,"25":2,"26":2,"27":55},"f":{"0":55,"1":55,"2":23,"3":26},"b":{"0":[55,55],"1":[1],"2":[21,2],"3":[23,23],"4":[21,2],"5":[23,23],"6":[15,11],"7":[9,2]}}
,"/Users/peter/Documents/bavenir/AURORAL/auroral_nm/src/utils/http-status-codes.ts": {"path":"/Users/peter/Documents/bavenir/AURORAL/auroral_nm/src/utils/http-status-codes.ts","statementMap":{"0":{"start":{"line":1,"column":0},"end":{"line":1,"column":null}},"1":{"start":{"line":9,"column":4},"end":{"line":9,"column":null}},"2":{"start":{"line":14,"column":4},"end":{"line":14,"column":null}},"3":{"start":{"line":21,"column":4},"end":{"line":21,"column":null}},"4":{"start":{"line":29,"column":4},"end":{"line":29,"column":null}},"5":{"start":{"line":34,"column":4},"end":{"line":34,"column":null}},"6":{"start":{"line":40,"column":4},"end":{"line":40,"column":null}},"7":{"start":{"line":47,"column":4},"end":{"line":47,"column":null}},"8":{"start":{"line":52,"column":4},"end":{"line":52,"column":null}},"9":{"start":{"line":58,"column":4},"end":{"line":58,"column":null}},"10":{"start":{"line":65,"column":4},"end":{"line":65,"column":null}},"11":{"start":{"line":71,"column":4},"end":{"line":71,"column":null}},"12":{"start":{"line":77,"column":4},"end":{"line":77,"column":null}},"13":{"start":{"line":83,"column":4},"end":{"line":83,"column":null}},"14":{"start":{"line":90,"column":4},"end":{"line":90,"column":null}},"15":{"start":{"line":95,"column":4},"end":{"line":95,"column":null}},"16":{"start":{"line":105,"column":4},"end":{"line":105,"column":null}},"17":{"start":{"line":113,"column":4},"end":{"line":113,"column":null}},"18":{"start":{"line":119,"column":4},"end":{"line":119,"column":null}},"19":{"start":{"line":126,"column":4},"end":{"line":126,"column":null}},"20":{"start":{"line":131,"column":4},"end":{"line":131,"column":null}},"21":{"start":{"line":139,"column":4},"end":{"line":139,"column":null}},"22":{"start":{"line":146,"column":4},"end":{"line":146,"column":null}},"23":{"start":{"line":152,"column":4},"end":{"line":152,"column":null}},"24":{"start":{"line":160,"column":4},"end":{"line":160,"column":null}},"25":{"start":{"line":167,"column":4},"end":{"line":167,"column":null}},"26":{"start":{"line":173,"column":4},"end":{"line":173,"column":null}},"27":{"start":{"line":179,"column":4},"end":{"line":179,"column":null}},"28":{"start":{"line":185,"column":4},"end":{"line":185,"column":null}},"29":{"start":{"line":190,"column":4},"end":{"line":190,"column":null}},"30":{"start":{"line":195,"column":4},"end":{"line":195,"column":null}},"31":{"start":{"line":202,"column":4},"end":{"line":202,"column":null}},"32":{"start":{"line":208,"column":4},"end":{"line":208,"column":null}},"33":{"start":{"line":217,"column":4},"end":{"line":217,"column":null}},"34":{"start":{"line":222,"column":4},"end":{"line":222,"column":null}},"35":{"start":{"line":227,"column":4},"end":{"line":227,"column":null}},"36":{"start":{"line":232,"column":4},"end":{"line":232,"column":null}},"37":{"start":{"line":239,"column":4},"end":{"line":239,"column":null}},"38":{"start":{"line":245,"column":4},"end":{"line":245,"column":null}},"39":{"start":{"line":252,"column":4},"end":{"line":252,"column":null}},"40":{"start":{"line":257,"column":4},"end":{"line":257,"column":null}},"41":{"start":{"line":264,"column":4},"end":{"line":264,"column":null}},"42":{"start":{"line":269,"column":4},"end":{"line":269,"column":null}},"43":{"start":{"line":274,"column":4},"end":{"line":274,"column":null}},"44":{"start":{"line":279,"column":4},"end":{"line":279,"column":null}},"45":{"start":{"line":284,"column":4},"end":{"line":284,"column":null}},"46":{"start":{"line":289,"column":4},"end":{"line":289,"column":null}},"47":{"start":{"line":297,"column":4},"end":{"line":297,"column":null}},"48":{"start":{"line":302,"column":4},"end":{"line":302,"column":null}},"49":{"start":{"line":308,"column":4},"end":{"line":308,"column":null}},"50":{"start":{"line":314,"column":4},"end":{"line":314,"column":null}},"51":{"start":{"line":319,"column":4},"end":{"line":319,"column":null}},"52":{"start":{"line":325,"column":4},"end":{"line":325,"column":null}},"53":{"start":{"line":330,"column":4},"end":{"line":330,"column":null}},"54":{"start":{"line":336,"column":4},"end":{"line":336,"column":null}},"55":{"start":{"line":341,"column":4},"end":{"line":341,"column":null}},"56":{"start":{"line":346,"column":4},"end":{"line":346,"column":null}},"57":{"start":{"line":351,"column":4},"end":{"line":351,"column":null}},"58":{"start":{"line":356,"column":4},"end":{"line":356,"column":null}},"59":{"start":{"line":361,"column":4},"end":{"line":361,"column":null}},"60":{"start":{"line":366,"column":4},"end":{"line":366,"column":null}},"61":{"start":{"line":373,"column":4},"end":{"line":373,"column":null}}},"fnMap":{"0":{"name":"(anonymous_0)","decl":{"start":{"line":1,"column":0},"end":{"line":1,"column":12}},"loc":{"start":{"line":1,"column":26},"end":{"line":374,"column":1}}}},"branchMap":{"0":{"loc":{"start":{"line":1,"column":12},"end":{"line":1,"column":null}},"type":"binary-expr","locations":[{"start":{"line":1,"column":12},"end":{"line":1,"column":26}},{"start":{"line":1,"column":12},"end":{"line":1,"column":null}}]}},"s":{"0":55,"1":55,"2":55,"3":55,"4":55,"5":55,"6":55,"7":55,"8":55,"9":55,"10":55,"11":55,"12":55,"13":55,"14":55,"15":55,"16":55,"17":55,"18":55,"19":55,"20":55,"21":55,"22":55,"23":55,"24":55,"25":55,"26":55,"27":55,"28":55,"29":55,"30":55,"31":55,"32":55,"33":55,"34":55,"35":55,"36":55,"37":55,"38":55,"39":55,"40":55,"41":55,"42":55,"43":55,"44":55,"45":55,"46":55,"47":55,"48":55,"49":55,"50":55,"51":55,"52":55,"53":55,"54":55,"55":55,"56":55,"57":55,"58":55,"59":55,"60":55,"61":55},"f":{"0":55},"b":{"0":[55,55]}}
,"/Users/peter/Documents/bavenir/AURORAL/auroral_nm/src/utils/index.ts": {"path":"/Users/peter/Documents/bavenir/AURORAL/auroral_nm/src/utils/index.ts","statementMap":{"0":{"start":{"line":1,"column":0},"end":{"line":1,"column":9}},"1":{"start":{"line":6,"column":9},"end":{"line":1,"column":33}},"2":{"start":{"line":2,"column":0},"end":{"line":2,"column":9}},"3":{"start":{"line":6,"column":17},"end":{"line":2,"column":52}},"4":{"start":{"line":3,"column":0},"end":{"line":3,"column":9}},"5":{"start":{"line":6,"column":34},"end":{"line":3,"column":52}},"6":{"start":{"line":4,"column":0},"end":{"line":4,"column":9}},"7":{"start":{"line":6,"column":50},"end":{"line":4,"column":33}}},"fnMap":{"0":{"name":"(anonymous_0)","decl":{"start":{"line":6,"column":9},"end":{"line":6,"column":15}},"loc":{"start":{"line":6,"column":9},"end":{"line":1,"column":33}}},"1":{"name":"(anonymous_1)","decl":{"start":{"line":6,"column":17},"end":{"line":6,"column":32}},"loc":{"start":{"line":6,"column":17},"end":{"line":2,"column":52}}},"2":{"name":"(anonymous_2)","decl":{"start":{"line":6,"column":34},"end":{"line":6,"column":48}},"loc":{"start":{"line":6,"column":34},"end":{"line":3,"column":52}}},"3":{"name":"(anonymous_3)","decl":{"start":{"line":6,"column":50},"end":{"line":6,"column":53}},"loc":{"start":{"line":6,"column":50},"end":{"line":4,"column":33}}}},"branchMap":{},"s":{"0":24,"1":26,"2":24,"3":24,"4":24,"5":41,"6":24,"7":24},"f":{"0":2,"1":0,"2":17,"3":0},"b":{}}
,"/Users/peter/Documents/bavenir/AURORAL/auroral_nm/src/utils/logger.ts": {"path":"/Users/peter/Documents/bavenir/AURORAL/auroral_nm/src/utils/logger.ts","statementMap":{"0":{"start":{"line":1,"column":0},"end":{"line":1,"column":23}},"1":{"start":{"line":2,"column":0},"end":{"line":2,"column":58}},"2":{"start":{"line":3,"column":0},"end":{"line":3,"column":51}},"3":{"start":{"line":5,"column":0},"end":{"line":5,"column":27}},"4":{"start":{"line":7,"column":62},"end":{"line":7,"column":null}},"5":{"start":{"line":8,"column":27},"end":{"line":8,"column":77}},"6":{"start":{"line":9,"column":28},"end":{"line":9,"column":75}},"7":{"start":{"line":11,"column":0},"end":{"line":11,"column":null}},"8":{"start":{"line":14,"column":22},"end":{"line":14,"column":37}},"9":{"start":{"line":15,"column":18},"end":{"line":15,"column":19}},"10":{"start":{"line":17,"column":18},"end":{"line":17,"column":142}},"11":{"start":{"line":17,"column":40},"end":{"line":17,"column":142}},"12":{"start":{"line":20,"column":16},"end":{"line":48,"column":null}},"13":{"start":{"line":51,"column":13},"end":{"line":58,"column":null}},"14":{"start":{"line":61,"column":2},"end":{"line":61,"column":null}},"15":{"start":{"line":65,"column":2},"end":{"line":65,"column":null}}},"fnMap":{"0":{"name":"(anonymous_1)","decl":{"start":{"line":17,"column":32},"end":{"line":17,"column":36}},"loc":{"start":{"line":17,"column":36},"end":{"line":17,"column":43}}},"1":{"name":"parseMsg","decl":{"start":{"line":60,"column":9},"end":{"line":60,"column":17}},"loc":{"start":{"line":60,"column":24},"end":{"line":62,"column":1}}},"2":{"name":"getId","decl":{"start":{"line":64,"column":9},"end":{"line":64,"column":14}},"loc":{"start":{"line":64,"column":21},"end":{"line":66,"column":1}}}},"branchMap":{"0":{"loc":{"start":{"line":61,"column":9},"end":{"line":61,"column":42}},"type":"cond-expr","locations":[{"start":{"line":61,"column":33},"end":{"line":61,"column":38}},{"start":{"line":61,"column":41},"end":{"line":61,"column":42}}]},"1":{"loc":{"start":{"line":65,"column":9},"end":{"line":65,"column":49}},"type":"cond-expr","locations":[{"start":{"line":65,"column":33},"end":{"line":65,"column":37}},{"start":{"line":65,"column":40},"end":{"line":65,"column":49}}]}},"s":{"0":9,"1":9,"2":9,"3":9,"4":54,"5":9,"6":9,"7":9,"8":9,"9":9,"10":9,"11":6,"12":9,"13":9,"14":6,"15":6},"f":{"0":6,"1":6,"2":6},"b":{"0":[0,6],"1":[0,6]}}
,"/Users/peter/Documents/bavenir/AURORAL/auroral_nm/src/utils/obj-utils.ts": {"path":"/Users/peter/Documents/bavenir/AURORAL/auroral_nm/src/utils/obj-utils.ts","statementMap":{"0":{"start":{"line":2,"column":13},"end":{"line":11,"column":null}},"1":{"start":{"line":4,"column":8},"end":{"line":8,"column":null}},"2":{"start":{"line":5,"column":12},"end":{"line":7,"column":null}},"3":{"start":{"line":6,"column":16},"end":{"line":6,"column":null}},"4":{"start":{"line":9,"column":8},"end":{"line":9,"column":null}}},"fnMap":{"0":{"name":"(anonymous_0)","decl":{"start":{"line":3,"column":13},"end":{"line":3,"column":22}},"loc":{"start":{"line":3,"column":27},"end":{"line":10,"column":5}}},"1":{"name":"(anonymous_1)","decl":{"start":{"line":4,"column":31},"end":{"line":4,"column":34}},"loc":{"start":{"line":4,"column":34},"end":{"line":8,"column":9}}}},"branchMap":{"0":{"loc":{"start":{"line":5,"column":12},"end":{"line":7,"column":null}},"type":"if","locations":[{"start":{"line":5,"column":12},"end":{"line":7,"column":null}}]}},"s":{"0":24,"1":0,"2":0,"3":0,"4":0},"f":{"0":0,"1":0},"b":{"0":[0]}}
,"/Users/peter/Documents/bavenir/AURORAL/auroral_nm/src/utils/response-builder.ts": {"path":"/Users/peter/Documents/bavenir/AURORAL/auroral_nm/src/utils/response-builder.ts","statementMap":{"0":{"start":{"line":2,"column":0},"end":{"line":2,"column":52}},"1":{"start":{"line":6,"column":4},"end":{"line":8,"column":null}},"2":{"start":{"line":7,"column":8},"end":{"line":7,"column":null}},"3":{"start":{"line":9,"column":4},"end":{"line":18,"column":null}},"4":{"start":{"line":11,"column":12},"end":{"line":11,"column":null}},"5":{"start":{"line":13,"column":12},"end":{"line":13,"column":null}},"6":{"start":{"line":15,"column":12},"end":{"line":15,"column":null}},"7":{"start":{"line":17,"column":12},"end":{"line":17,"column":null}},"8":{"start":{"line":22,"column":16},"end":{"line":22,"column":47}},"9":{"start":{"line":23,"column":4},"end":{"line":34,"column":null}},"10":{"start":{"line":24,"column":8},"end":{"line":27,"column":null}},"11":{"start":{"line":29,"column":8},"end":{"line":33,"column":null}},"12":{"start":{"line":21,"column":0},"end":{"line":21,"column":16}}},"fnMap":{"0":{"name":"errorBuilder","decl":{"start":{"line":5,"column":9},"end":{"line":5,"column":21}},"loc":{"start":{"line":5,"column":78},"end":{"line":19,"column":1}}},"1":{"name":"responseBuilder","decl":{"start":{"line":21,"column":16},"end":{"line":21,"column":31}},"loc":{"start":{"line":21,"column":137},"end":{"line":35,"column":1}}}},"branchMap":{"0":{"loc":{"start":{"line":6,"column":4},"end":{"line":8,"column":null}},"type":"if","locations":[{"start":{"line":6,"column":4},"end":{"line":8,"column":null}}]},"1":{"loc":{"start":{"line":9,"column":4},"end":{"line":18,"column":null}},"type":"switch","locations":[{"start":{"line":10,"column":8},"end":{"line":11,"column":null}},{"start":{"line":12,"column":8},"end":{"line":13,"column":null}},{"start":{"line":14,"column":8},"end":{"line":15,"column":null}},{"start":{"line":16,"column":8},"end":{"line":17,"column":null}}]},"2":{"loc":{"start":{"line":23,"column":4},"end":{"line":34,"column":null}},"type":"if","locations":[{"start":{"line":23,"column":4},"end":{"line":34,"column":null}},{"start":{"line":28,"column":11},"end":{"line":34,"column":null}}]}},"s":{"0":24,"1":0,"2":0,"3":0,"4":0,"5":0,"6":0,"7":0,"8":0,"9":0,"10":0,"11":0,"12":24},"f":{"0":0,"1":0},"b":{"0":[0],"1":[0,0,0,0],"2":[0,0]}}
}
