{"/Users/jorgealmela/Projects/bavenir/Auroral/Projects/auroral_nm/src/config.ts": {"path":"/Users/jorgealmela/Projects/bavenir/Auroral/Projects/auroral_nm/src/config.ts","statementMap":{"0":{"start":{"line":1,"column":0},"end":{"line":1,"column":27}},"1":{"start":{"line":2,"column":0},"end":{"line":2,"column":39}},"2":{"start":{"line":4,"column":0},"end":{"line":4,"column":null}},"3":{"start":{"line":6,"column":0},"end":{"line":12,"column":null}},"4":{"start":{"line":10,"column":1},"end":{"line":10,"column":null}},"5":{"start":{"line":11,"column":1},"end":{"line":11,"column":null}},"6":{"start":{"line":14,"column":13},"end":{"line":54,"column":null}}},"fnMap":{},"branchMap":{"0":{"loc":{"start":{"line":6,"column":0},"end":{"line":12,"column":null}},"type":"if","locations":[{"start":{"line":6,"column":0},"end":{"line":12,"column":null}}]},"1":{"loc":{"start":{"line":7,"column":1},"end":{"line":8,"column":21}},"type":"binary-expr","locations":[{"start":{"line":7,"column":1},"end":{"line":7,"column":22}},{"start":{"line":7,"column":26},"end":{"line":7,"column":41}},{"start":{"line":8,"column":4},"end":{"line":8,"column":21}}]}},"s":{"0":1,"1":1,"2":1,"3":1,"4":0,"5":0,"6":1},"f":{},"b":{"0":[0],"1":[1,1,1]}}
,"/Users/jorgealmela/Projects/bavenir/Auroral/Projects/auroral_nm/src/auth-server/auth-server.ts": {"path":"/Users/jorgealmela/Projects/bavenir/Auroral/Projects/auroral_nm/src/auth-server/auth-server.ts","statementMap":{"0":{"start":{"line":1,"column":0},"end":{"line":1,"column":27}},"1":{"start":{"line":2,"column":0},"end":{"line":2,"column":33}},"2":{"start":{"line":3,"column":0},"end":{"line":3,"column":23}},"3":{"start":{"line":4,"column":0},"end":{"line":4,"column":19}},"4":{"start":{"line":5,"column":0},"end":{"line":5,"column":30}},"5":{"start":{"line":6,"column":0},"end":{"line":6,"column":59}},"6":{"start":{"line":7,"column":0},"end":{"line":7,"column":34}},"7":{"start":{"line":8,"column":0},"end":{"line":8,"column":40}},"8":{"start":{"line":10,"column":0},"end":{"line":10,"column":48}},"9":{"start":{"line":11,"column":0},"end":{"line":11,"column":41}},"10":{"start":{"line":14,"column":0},"end":{"line":14,"column":null}},"11":{"start":{"line":15,"column":4},"end":{"line":15,"column":null}},"12":{"start":{"line":16,"column":4},"end":{"line":16,"column":null}},"13":{"start":{"line":20,"column":32},"end":{"line":20,"column":36}},"14":{"start":{"line":21,"column":31},"end":{"line":21,"column":35}},"15":{"start":{"line":22,"column":30},"end":{"line":22,"column":34}},"16":{"start":{"line":24,"column":0},"end":{"line":38,"column":null}},"17":{"start":{"line":25,"column":4},"end":{"line":25,"column":null}},"18":{"start":{"line":26,"column":7},"end":{"line":38,"column":null}},"19":{"start":{"line":27,"column":4},"end":{"line":27,"column":null}},"20":{"start":{"line":28,"column":4},"end":{"line":28,"column":null}},"21":{"start":{"line":31,"column":4},"end":{"line":37,"column":null}},"22":{"start":{"line":32,"column":8},"end":{"line":32,"column":null}},"23":{"start":{"line":33,"column":8},"end":{"line":33,"column":null}},"24":{"start":{"line":35,"column":8},"end":{"line":35,"column":null}},"25":{"start":{"line":36,"column":8},"end":{"line":36,"column":null}},"26":{"start":{"line":41,"column":24},"end":{"line":41,"column":82}},"27":{"start":{"line":43,"column":28},"end":{"line":47,"column":null}},"28":{"start":{"line":43,"column":51},"end":{"line":47,"column":null}},"29":{"start":{"line":44,"column":10},"end":{"line":44,"column":null}},"30":{"start":{"line":45,"column":17},"end":{"line":45,"column":null}},"31":{"start":{"line":45,"column":10},"end":{"line":45,"column":null}},"32":{"start":{"line":46,"column":4},"end":{"line":46,"column":null}},"33":{"start":{"line":43,"column":13},"end":{"line":43,"column":28}},"34":{"start":{"line":49,"column":31},"end":{"line":56,"column":null}},"35":{"start":{"line":49,"column":72},"end":{"line":56,"column":null}},"36":{"start":{"line":50,"column":17},"end":{"line":50,"column":null}},"37":{"start":{"line":50,"column":10},"end":{"line":50,"column":null}},"38":{"start":{"line":51,"column":20},"end":{"line":51,"column":null}},"39":{"start":{"line":51,"column":10},"end":{"line":51,"column":null}},"40":{"start":{"line":52,"column":4},"end":{"line":54,"column":null}},"41":{"start":{"line":53,"column":8},"end":{"line":53,"column":null}},"42":{"start":{"line":55,"column":4},"end":{"line":55,"column":null}},"43":{"start":{"line":49,"column":13},"end":{"line":49,"column":31}},"44":{"start":{"line":58,"column":29},"end":{"line":93,"column":null}},"45":{"start":{"line":58,"column":88},"end":{"line":93,"column":null}},"46":{"start":{"line":59,"column":4},"end":{"line":61,"column":null}},"47":{"start":{"line":60,"column":8},"end":{"line":60,"column":null}},"48":{"start":{"line":64,"column":4},"end":{"line":70,"column":null}},"49":{"start":{"line":65,"column":8},"end":{"line":65,"column":null}},"50":{"start":{"line":66,"column":8},"end":{"line":66,"column":null}},"51":{"start":{"line":68,"column":8},"end":{"line":68,"column":null}},"52":{"start":{"line":69,"column":8},"end":{"line":69,"column":null}},"53":{"start":{"line":71,"column":22},"end":{"line":71,"column":null}},"54":{"start":{"line":71,"column":10},"end":{"line":71,"column":null}},"55":{"start":{"line":72,"column":26},"end":{"line":72,"column":null}},"56":{"start":{"line":72,"column":10},"end":{"line":72,"column":null}},"57":{"start":{"line":73,"column":4},"end":{"line":92,"column":null}},"58":{"start":{"line":74,"column":8},"end":{"line":91,"column":null}},"59":{"start":{"line":84,"column":12},"end":{"line":90,"column":null}},"60":{"start":{"line":85,"column":16},"end":{"line":85,"column":null}},"61":{"start":{"line":86,"column":19},"end":{"line":90,"column":null}},"62":{"start":{"line":87,"column":16},"end":{"line":87,"column":null}},"63":{"start":{"line":89,"column":16},"end":{"line":89,"column":null}},"64":{"start":{"line":58,"column":13},"end":{"line":58,"column":29}},"65":{"start":{"line":95,"column":28},"end":{"line":134,"column":null}},"66":{"start":{"line":95,"column":51},"end":{"line":134,"column":null}},"67":{"start":{"line":96,"column":17},"end":{"line":96,"column":null}},"68":{"start":{"line":96,"column":10},"end":{"line":96,"column":null}},"69":{"start":{"line":99,"column":4},"end":{"line":105,"column":null}},"70":{"start":{"line":100,"column":8},"end":{"line":100,"column":null}},"71":{"start":{"line":101,"column":8},"end":{"line":101,"column":null}},"72":{"start":{"line":103,"column":8},"end":{"line":103,"column":null}},"73":{"start":{"line":104,"column":8},"end":{"line":104,"column":null}},"74":{"start":{"line":106,"column":4},"end":{"line":133,"column":null}},"75":{"start":{"line":107,"column":8},"end":{"line":132,"column":null}},"76":{"start":{"line":125,"column":16},"end":{"line":131,"column":null}},"77":{"start":{"line":126,"column":20},"end":{"line":126,"column":null}},"78":{"start":{"line":127,"column":23},"end":{"line":131,"column":null}},"79":{"start":{"line":128,"column":20},"end":{"line":128,"column":null}},"80":{"start":{"line":130,"column":20},"end":{"line":130,"column":null}},"81":{"start":{"line":95,"column":13},"end":{"line":95,"column":28}},"82":{"start":{"line":136,"column":27},"end":{"line":166,"column":null}},"83":{"start":{"line":136,"column":47},"end":{"line":166,"column":null}},"84":{"start":{"line":139,"column":4},"end":{"line":145,"column":null}},"85":{"start":{"line":140,"column":8},"end":{"line":140,"column":null}},"86":{"start":{"line":141,"column":8},"end":{"line":141,"column":null}},"87":{"start":{"line":143,"column":8},"end":{"line":143,"column":null}},"88":{"start":{"line":144,"column":8},"end":{"line":144,"column":null}},"89":{"start":{"line":146,"column":4},"end":{"line":165,"column":null}},"90":{"start":{"line":147,"column":8},"end":{"line":164,"column":null}},"91":{"start":{"line":148,"column":12},"end":{"line":163,"column":null}},"92":{"start":{"line":159,"column":16},"end":{"line":159,"column":null}},"93":{"start":{"line":160,"column":16},"end":{"line":160,"column":null}},"94":{"start":{"line":162,"column":16},"end":{"line":162,"column":null}},"95":{"start":{"line":136,"column":13},"end":{"line":136,"column":27}},"96":{"start":{"line":174,"column":31},"end":{"line":181,"column":null}},"97":{"start":{"line":174,"column":70},"end":{"line":181,"column":null}},"98":{"start":{"line":175,"column":19},"end":{"line":175,"column":null}},"99":{"start":{"line":175,"column":10},"end":{"line":175,"column":null}},"100":{"start":{"line":176,"column":4},"end":{"line":178,"column":null}},"101":{"start":{"line":177,"column":8},"end":{"line":177,"column":null}},"102":{"start":{"line":179,"column":4},"end":{"line":179,"column":null}},"103":{"start":{"line":180,"column":4},"end":{"line":180,"column":null}},"104":{"start":{"line":174,"column":13},"end":{"line":174,"column":31}},"105":{"start":{"line":186,"column":32},"end":{"line":188,"column":1}},"106":{"start":{"line":187,"column":4},"end":{"line":187,"column":null}},"107":{"start":{"line":186,"column":14},"end":{"line":186,"column":32}},"108":{"start":{"line":196,"column":26},"end":{"line":202,"column":null}},"109":{"start":{"line":196,"column":67},"end":{"line":202,"column":null}},"110":{"start":{"line":197,"column":20},"end":{"line":197,"column":null}},"111":{"start":{"line":197,"column":10},"end":{"line":197,"column":null}},"112":{"start":{"line":198,"column":4},"end":{"line":200,"column":null}},"113":{"start":{"line":199,"column":7},"end":{"line":199,"column":null}},"114":{"start":{"line":201,"column":4},"end":{"line":201,"column":null}},"115":{"start":{"line":196,"column":13},"end":{"line":196,"column":26}}},"fnMap":{"0":{"name":"(anonymous_14)","decl":{"start":{"line":14,"column":0},"end":{"line":14,"column":5}},"loc":{"start":{"line":14,"column":15},"end":{"line":17,"column":1}}},"1":{"name":"(anonymous_15)","decl":{"start":{"line":43,"column":28},"end":{"line":43,"column":35}},"loc":{"start":{"line":43,"column":51},"end":{"line":47,"column":null}}},"2":{"name":"(anonymous_16)","decl":{"start":{"line":43,"column":51},"end":{"line":43,"column":null}},"loc":{"start":{"line":43,"column":51},"end":{"line":47,"column":null}}},"3":{"name":"(anonymous_18)","decl":{"start":{"line":49,"column":31},"end":{"line":49,"column":38}},"loc":{"start":{"line":49,"column":72},"end":{"line":56,"column":null}}},"4":{"name":"(anonymous_19)","decl":{"start":{"line":49,"column":72},"end":{"line":49,"column":null}},"loc":{"start":{"line":49,"column":72},"end":{"line":56,"column":null}}},"5":{"name":"(anonymous_21)","decl":{"start":{"line":58,"column":29},"end":{"line":58,"column":36}},"loc":{"start":{"line":58,"column":88},"end":{"line":93,"column":null}}},"6":{"name":"(anonymous_22)","decl":{"start":{"line":58,"column":88},"end":{"line":58,"column":null}},"loc":{"start":{"line":58,"column":88},"end":{"line":93,"column":null}}},"7":{"name":"(anonymous_24)","decl":{"start":{"line":73,"column":23},"end":{"line":73,"column":24}},"loc":{"start":{"line":73,"column":39},"end":{"line":92,"column":5}}},"8":{"name":"(anonymous_25)","decl":{"start":{"line":83,"column":8},"end":{"line":83,"column":9}},"loc":{"start":{"line":83,"column":42},"end":{"line":91,"column":9}}},"9":{"name":"(anonymous_26)","decl":{"start":{"line":95,"column":28},"end":{"line":95,"column":35}},"loc":{"start":{"line":95,"column":51},"end":{"line":134,"column":null}}},"10":{"name":"(anonymous_27)","decl":{"start":{"line":95,"column":51},"end":{"line":95,"column":null}},"loc":{"start":{"line":95,"column":51},"end":{"line":134,"column":null}}},"11":{"name":"(anonymous_29)","decl":{"start":{"line":106,"column":23},"end":{"line":106,"column":24}},"loc":{"start":{"line":106,"column":39},"end":{"line":133,"column":5}}},"12":{"name":"(anonymous_30)","decl":{"start":{"line":124,"column":12},"end":{"line":124,"column":13}},"loc":{"start":{"line":124,"column":46},"end":{"line":132,"column":13}}},"13":{"name":"(anonymous_31)","decl":{"start":{"line":136,"column":27},"end":{"line":136,"column":34}},"loc":{"start":{"line":136,"column":47},"end":{"line":166,"column":null}}},"14":{"name":"(anonymous_32)","decl":{"start":{"line":136,"column":47},"end":{"line":136,"column":null}},"loc":{"start":{"line":136,"column":47},"end":{"line":166,"column":null}}},"15":{"name":"(anonymous_34)","decl":{"start":{"line":146,"column":23},"end":{"line":146,"column":24}},"loc":{"start":{"line":146,"column":39},"end":{"line":165,"column":5}}},"16":{"name":"(anonymous_35)","decl":{"start":{"line":147,"column":63},"end":{"line":147,"column":64}},"loc":{"start":{"line":147,"column":76},"end":{"line":164,"column":9}}},"17":{"name":"(anonymous_36)","decl":{"start":{"line":174,"column":31},"end":{"line":174,"column":38}},"loc":{"start":{"line":174,"column":70},"end":{"line":181,"column":null}}},"18":{"name":"(anonymous_37)","decl":{"start":{"line":174,"column":70},"end":{"line":174,"column":null}},"loc":{"start":{"line":174,"column":70},"end":{"line":181,"column":null}}},"19":{"name":"(anonymous_39)","decl":{"start":{"line":186,"column":32},"end":{"line":186,"column":null}},"loc":{"start":{"line":186,"column":32},"end":{"line":188,"column":1}}},"20":{"name":"(anonymous_40)","decl":{"start":{"line":196,"column":26},"end":{"line":196,"column":33}},"loc":{"start":{"line":196,"column":67},"end":{"line":202,"column":null}}},"21":{"name":"(anonymous_41)","decl":{"start":{"line":196,"column":67},"end":{"line":196,"column":null}},"loc":{"start":{"line":196,"column":67},"end":{"line":202,"column":null}}}},"branchMap":{"0":{"loc":{"start":{"line":14,"column":5},"end":{"line":14,"column":null}},"type":"binary-expr","locations":[{"start":{"line":14,"column":5},"end":{"line":14,"column":15}},{"start":{"line":14,"column":5},"end":{"line":14,"column":null}}]},"1":{"loc":{"start":{"line":24,"column":0},"end":{"line":38,"column":null}},"type":"if","locations":[{"start":{"line":24,"column":0},"end":{"line":38,"column":null}},{"start":{"line":26,"column":7},"end":{"line":38,"column":null}}]},"2":{"loc":{"start":{"line":26,"column":7},"end":{"line":38,"column":null}},"type":"if","locations":[{"start":{"line":26,"column":7},"end":{"line":38,"column":null}},{"start":{"line":29,"column":7},"end":{"line":38,"column":null}}]},"3":{"loc":{"start":{"line":50,"column":17},"end":{"line":50,"column":null}},"type":"switch","locations":[{"start":{"line":50,"column":17},"end":{"line":50,"column":null}}]},"4":{"loc":{"start":{"line":52,"column":4},"end":{"line":54,"column":null}},"type":"if","locations":[{"start":{"line":52,"column":4},"end":{"line":54,"column":null}}]},"5":{"loc":{"start":{"line":59,"column":4},"end":{"line":61,"column":null}},"type":"if","locations":[{"start":{"line":59,"column":4},"end":{"line":61,"column":null}}]},"6":{"loc":{"start":{"line":64,"column":4},"end":{"line":70,"column":null}},"type":"if","locations":[{"start":{"line":64,"column":4},"end":{"line":70,"column":null}},{"start":{"line":67,"column":11},"end":{"line":70,"column":null}}]},"7":{"loc":{"start":{"line":77,"column":17},"end":{"line":77,"column":47}},"type":"cond-expr","locations":[{"start":{"line":77,"column":28},"end":{"line":77,"column":36}},{"start":{"line":77,"column":39},"end":{"line":77,"column":47}}]},"8":{"loc":{"start":{"line":84,"column":12},"end":{"line":90,"column":null}},"type":"if","locations":[{"start":{"line":84,"column":12},"end":{"line":90,"column":null}},{"start":{"line":86,"column":19},"end":{"line":90,"column":null}}]},"9":{"loc":{"start":{"line":86,"column":19},"end":{"line":90,"column":null}},"type":"if","locations":[{"start":{"line":86,"column":19},"end":{"line":90,"column":null}},{"start":{"line":88,"column":19},"end":{"line":90,"column":null}}]},"10":{"loc":{"start":{"line":96,"column":17},"end":{"line":96,"column":null}},"type":"switch","locations":[{"start":{"line":96,"column":17},"end":{"line":96,"column":null}}]},"11":{"loc":{"start":{"line":99,"column":4},"end":{"line":105,"column":null}},"type":"if","locations":[{"start":{"line":99,"column":4},"end":{"line":105,"column":null}},{"start":{"line":102,"column":11},"end":{"line":105,"column":null}}]},"12":{"loc":{"start":{"line":125,"column":16},"end":{"line":131,"column":null}},"type":"if","locations":[{"start":{"line":125,"column":16},"end":{"line":131,"column":null}},{"start":{"line":127,"column":23},"end":{"line":131,"column":null}}]},"13":{"loc":{"start":{"line":127,"column":23},"end":{"line":131,"column":null}},"type":"if","locations":[{"start":{"line":127,"column":23},"end":{"line":131,"column":null}},{"start":{"line":129,"column":23},"end":{"line":131,"column":null}}]},"14":{"loc":{"start":{"line":139,"column":4},"end":{"line":145,"column":null}},"type":"if","locations":[{"start":{"line":139,"column":4},"end":{"line":145,"column":null}},{"start":{"line":142,"column":11},"end":{"line":145,"column":null}}]},"15":{"loc":{"start":{"line":148,"column":12},"end":{"line":163,"column":null}},"type":"if","locations":[{"start":{"line":148,"column":12},"end":{"line":163,"column":null}},{"start":{"line":161,"column":19},"end":{"line":163,"column":null}}]},"16":{"loc":{"start":{"line":175,"column":19},"end":{"line":175,"column":null}},"type":"switch","locations":[{"start":{"line":175,"column":19},"end":{"line":175,"column":null}}]},"17":{"loc":{"start":{"line":176,"column":4},"end":{"line":178,"column":null}},"type":"if","locations":[{"start":{"line":176,"column":4},"end":{"line":178,"column":null}}]},"18":{"loc":{"start":{"line":197,"column":20},"end":{"line":197,"column":null}},"type":"switch","locations":[{"start":{"line":197,"column":20},"end":{"line":197,"column":null}}]},"19":{"loc":{"start":{"line":198,"column":4},"end":{"line":200,"column":null}},"type":"if","locations":[{"start":{"line":198,"column":4},"end":{"line":200,"column":null}}]}},"s":{"0":1,"1":1,"2":1,"3":1,"4":1,"5":1,"6":1,"7":1,"8":1,"9":1,"10":1,"11":1,"12":1,"13":1,"14":1,"15":1,"16":1,"17":1,"18":0,"19":0,"20":0,"21":0,"22":0,"23":0,"24":0,"25":0,"26":1,"27":1,"28":1,"29":1,"30":1,"31":1,"32":1,"33":1,"34":1,"35":1,"36":1,"37":1,"38":1,"39":1,"40":1,"41":0,"42":1,"43":1,"44":1,"45":0,"46":0,"47":0,"48":0,"49":0,"50":0,"51":0,"52":0,"53":0,"54":0,"55":0,"56":0,"57":0,"58":0,"59":0,"60":0,"61":0,"62":0,"63":0,"64":1,"65":1,"66":0,"67":0,"68":0,"69":0,"70":0,"71":0,"72":0,"73":0,"74":0,"75":0,"76":0,"77":0,"78":0,"79":0,"80":0,"81":1,"82":1,"83":0,"84":0,"85":0,"86":0,"87":0,"88":0,"89":0,"90":0,"91":0,"92":0,"93":0,"94":0,"95":1,"96":1,"97":0,"98":0,"99":0,"100":0,"101":0,"102":0,"103":0,"104":1,"105":1,"106":0,"107":1,"108":1,"109":0,"110":0,"111":0,"112":0,"113":0,"114":0,"115":1},"f":{"0":1,"1":1,"2":1,"3":1,"4":1,"5":0,"6":0,"7":0,"8":0,"9":0,"10":0,"11":0,"12":0,"13":0,"14":0,"15":0,"16":0,"17":0,"18":0,"19":0,"20":0,"21":0},"b":{"0":[1,1],"1":[1,0],"2":[0,0],"3":[1],"4":[0],"5":[0],"6":[0,0],"7":[0,0],"8":[0,0],"9":[0,0],"10":[0],"11":[0,0],"12":[0,0],"13":[0,0],"14":[0,0],"15":[0,0],"16":[0],"17":[0],"18":[0],"19":[0]}}
,"/Users/jorgealmela/Projects/bavenir/Auroral/Projects/auroral_nm/src/persistance/account/methods.ts": {"path":"/Users/jorgealmela/Projects/bavenir/Auroral/Projects/auroral_nm/src/persistance/account/methods.ts","statementMap":{"0":{"start":{"line":1,"column":0},"end":{"line":1,"column":27}},"1":{"start":{"line":6,"column":4},"end":{"line":6,"column":null}},"2":{"start":{"line":7,"column":4},"end":{"line":7,"column":null}},"3":{"start":{"line":8,"column":4},"end":{"line":8,"column":null}},"4":{"start":{"line":5,"column":0},"end":{"line":5,"column":22}},"5":{"start":{"line":12,"column":10},"end":{"line":12,"column":null}},"6":{"start":{"line":13,"column":4},"end":{"line":13,"column":null}},"7":{"start":{"line":14,"column":4},"end":{"line":14,"column":null}},"8":{"start":{"line":15,"column":4},"end":{"line":15,"column":null}},"9":{"start":{"line":16,"column":4},"end":{"line":16,"column":null}},"10":{"start":{"line":11,"column":0},"end":{"line":11,"column":22}},"11":{"start":{"line":20,"column":4},"end":{"line":20,"column":null}},"12":{"start":{"line":21,"column":4},"end":{"line":21,"column":null}},"13":{"start":{"line":22,"column":4},"end":{"line":22,"column":null}},"14":{"start":{"line":19,"column":0},"end":{"line":19,"column":22}}},"fnMap":{"0":{"name":"updatePasswordHash","decl":{"start":{"line":5,"column":22},"end":{"line":5,"column":40}},"loc":{"start":{"line":5,"column":85},"end":{"line":9,"column":null}}},"1":{"name":"updateTempSecret","decl":{"start":{"line":11,"column":22},"end":{"line":11,"column":38}},"loc":{"start":{"line":11,"column":38},"end":{"line":17,"column":null}}},"2":{"name":"updateRoles","decl":{"start":{"line":19,"column":22},"end":{"line":19,"column":33}},"loc":{"start":{"line":19,"column":76},"end":{"line":23,"column":null}}}},"branchMap":{},"s":{"0":1,"1":0,"2":0,"3":0,"4":1,"5":0,"6":0,"7":0,"8":0,"9":0,"10":1,"11":0,"12":0,"13":0,"14":1},"f":{"0":0,"1":0,"2":0},"b":{}}
,"/Users/jorgealmela/Projects/bavenir/Auroral/Projects/auroral_nm/src/persistance/account/model.ts": {"path":"/Users/jorgealmela/Projects/bavenir/Auroral/Projects/auroral_nm/src/persistance/account/model.ts","statementMap":{"0":{"start":{"line":1,"column":0},"end":{"line":1,"column":31}},"1":{"start":{"line":2,"column":0},"end":{"line":2,"column":36}},"2":{"start":{"line":5,"column":13},"end":{"line":8,"column":null}}},"fnMap":{},"branchMap":{},"s":{"0":1,"1":1,"2":1},"f":{},"b":{}}
,"/Users/jorgealmela/Projects/bavenir/Auroral/Projects/auroral_nm/src/persistance/account/schema.ts": {"path":"/Users/jorgealmela/Projects/bavenir/Auroral/Projects/auroral_nm/src/persistance/account/schema.ts","statementMap":{"0":{"start":{"line":1,"column":0},"end":{"line":1,"column":31}},"1":{"start":{"line":2,"column":0},"end":{"line":2,"column":27}},"2":{"start":{"line":3,"column":0},"end":{"line":3,"column":45}},"3":{"start":{"line":4,"column":0},"end":{"line":4,"column":125}},"4":{"start":{"line":5,"column":0},"end":{"line":5,"column":77}},"5":{"start":{"line":8,"column":15},"end":{"line":8,"column":30}},"6":{"start":{"line":10,"column":14},"end":{"line":10,"column":38}},"7":{"start":{"line":12,"column":22},"end":{"line":26,"column":2}},"8":{"start":{"line":28,"column":0},"end":{"line":28,"column":null}},"9":{"start":{"line":29,"column":0},"end":{"line":29,"column":null}},"10":{"start":{"line":30,"column":0},"end":{"line":30,"column":null}},"11":{"start":{"line":31,"column":0},"end":{"line":31,"column":null}},"12":{"start":{"line":32,"column":0},"end":{"line":32,"column":null}},"13":{"start":{"line":33,"column":0},"end":{"line":33,"column":null}},"14":{"start":{"line":34,"column":0},"end":{"line":34,"column":null}},"15":{"start":{"line":35,"column":0},"end":{"line":35,"column":null}},"16":{"start":{"line":37,"column":0},"end":{"line":37,"column":null}},"17":{"start":{"line":38,"column":0},"end":{"line":38,"column":null}},"18":{"start":{"line":39,"column":0},"end":{"line":39,"column":null}},"19":{"start":{"line":42,"column":0},"end":{"line":42,"column":null}}},"fnMap":{},"branchMap":{},"s":{"0":1,"1":1,"2":1,"3":1,"4":1,"5":1,"6":1,"7":1,"8":1,"9":1,"10":1,"11":1,"12":1,"13":1,"14":1,"15":1,"16":1,"17":1,"18":1,"19":1},"f":{},"b":{}}
,"/Users/jorgealmela/Projects/bavenir/Auroral/Projects/auroral_nm/src/persistance/account/statics.ts": {"path":"/Users/jorgealmela/Projects/bavenir/Auroral/Projects/auroral_nm/src/persistance/account/statics.ts","statementMap":{"0":{"start":{"line":2,"column":0},"end":{"line":2,"column":51}},"1":{"start":{"line":3,"column":0},"end":{"line":3,"column":44}},"2":{"start":{"line":8,"column":17},"end":{"line":8,"column":null}},"3":{"start":{"line":8,"column":8},"end":{"line":8,"column":null}},"4":{"start":{"line":9,"column":2},"end":{"line":13,"column":null}},"5":{"start":{"line":10,"column":4},"end":{"line":10,"column":null}},"6":{"start":{"line":12,"column":4},"end":{"line":12,"column":null}},"7":{"start":{"line":5,"column":0},"end":{"line":5,"column":22}},"8":{"start":{"line":20,"column":17},"end":{"line":20,"column":null}},"9":{"start":{"line":20,"column":8},"end":{"line":20,"column":null}},"10":{"start":{"line":21,"column":2},"end":{"line":25,"column":null}},"11":{"start":{"line":22,"column":4},"end":{"line":22,"column":null}},"12":{"start":{"line":24,"column":4},"end":{"line":24,"column":null}},"13":{"start":{"line":17,"column":0},"end":{"line":17,"column":22}},"14":{"start":{"line":31,"column":17},"end":{"line":31,"column":null}},"15":{"start":{"line":31,"column":8},"end":{"line":31,"column":null}},"16":{"start":{"line":32,"column":2},"end":{"line":36,"column":null}},"17":{"start":{"line":33,"column":4},"end":{"line":33,"column":null}},"18":{"start":{"line":35,"column":4},"end":{"line":35,"column":null}},"19":{"start":{"line":28,"column":0},"end":{"line":28,"column":22}},"20":{"start":{"line":42,"column":17},"end":{"line":42,"column":null}},"21":{"start":{"line":42,"column":8},"end":{"line":42,"column":null}},"22":{"start":{"line":43,"column":2},"end":{"line":47,"column":null}},"23":{"start":{"line":44,"column":4},"end":{"line":44,"column":null}},"24":{"start":{"line":46,"column":4},"end":{"line":46,"column":null}},"25":{"start":{"line":39,"column":0},"end":{"line":39,"column":22}},"26":{"start":{"line":53,"column":4},"end":{"line":56,"column":null}},"27":{"start":{"line":50,"column":0},"end":{"line":50,"column":22}},"28":{"start":{"line":62,"column":2},"end":{"line":62,"column":null}},"29":{"start":{"line":59,"column":0},"end":{"line":59,"column":22}},"30":{"start":{"line":68,"column":14},"end":{"line":68,"column":null}},"31":{"start":{"line":68,"column":8},"end":{"line":68,"column":null}},"32":{"start":{"line":69,"column":2},"end":{"line":73,"column":null}},"33":{"start":{"line":70,"column":4},"end":{"line":70,"column":null}},"34":{"start":{"line":72,"column":4},"end":{"line":72,"column":null}},"35":{"start":{"line":65,"column":0},"end":{"line":65,"column":22}},"36":{"start":{"line":79,"column":2},"end":{"line":79,"column":null}},"37":{"start":{"line":76,"column":0},"end":{"line":76,"column":22}}},"fnMap":{"0":{"name":"getAccount","decl":{"start":{"line":5,"column":22},"end":{"line":5,"column":32}},"loc":{"start":{"line":6,"column":39},"end":{"line":14,"column":null}}},"1":{"name":"getHash","decl":{"start":{"line":17,"column":22},"end":{"line":17,"column":29}},"loc":{"start":{"line":18,"column":39},"end":{"line":26,"column":null}}},"2":{"name":"getDoc","decl":{"start":{"line":28,"column":22},"end":{"line":28,"column":28}},"loc":{"start":{"line":29,"column":39},"end":{"line":37,"column":null}}},"3":{"name":"getDocByUid","decl":{"start":{"line":39,"column":22},"end":{"line":39,"column":33}},"loc":{"start":{"line":40,"column":34},"end":{"line":48,"column":null}}},"4":{"name":"createAccount","decl":{"start":{"line":50,"column":22},"end":{"line":50,"column":35}},"loc":{"start":{"line":51,"column":55},"end":{"line":57,"column":null}}},"5":{"name":"verifyAccount","decl":{"start":{"line":59,"column":22},"end":{"line":59,"column":35}},"loc":{"start":{"line":60,"column":52},"end":{"line":63,"column":null}}},"6":{"name":"isVerified","decl":{"start":{"line":65,"column":22},"end":{"line":65,"column":32}},"loc":{"start":{"line":66,"column":39},"end":{"line":74,"column":null}}},"7":{"name":"deleteAccount","decl":{"start":{"line":76,"column":22},"end":{"line":76,"column":35}},"loc":{"start":{"line":77,"column":39},"end":{"line":80,"column":null}}}},"branchMap":{"0":{"loc":{"start":{"line":8,"column":17},"end":{"line":8,"column":null}},"type":"switch","locations":[{"start":{"line":8,"column":17},"end":{"line":8,"column":null}}]},"1":{"loc":{"start":{"line":9,"column":2},"end":{"line":13,"column":null}},"type":"if","locations":[{"start":{"line":9,"column":2},"end":{"line":13,"column":null}},{"start":{"line":11,"column":9},"end":{"line":13,"column":null}}]},"2":{"loc":{"start":{"line":20,"column":17},"end":{"line":20,"column":null}},"type":"switch","locations":[{"start":{"line":20,"column":17},"end":{"line":20,"column":null}}]},"3":{"loc":{"start":{"line":21,"column":2},"end":{"line":25,"column":null}},"type":"if","locations":[{"start":{"line":21,"column":2},"end":{"line":25,"column":null}},{"start":{"line":23,"column":9},"end":{"line":25,"column":null}}]},"4":{"loc":{"start":{"line":31,"column":17},"end":{"line":31,"column":null}},"type":"switch","locations":[{"start":{"line":31,"column":17},"end":{"line":31,"column":null}}]},"5":{"loc":{"start":{"line":32,"column":2},"end":{"line":36,"column":null}},"type":"if","locations":[{"start":{"line":32,"column":2},"end":{"line":36,"column":null}},{"start":{"line":34,"column":9},"end":{"line":36,"column":null}}]},"6":{"loc":{"start":{"line":42,"column":17},"end":{"line":42,"column":null}},"type":"switch","locations":[{"start":{"line":42,"column":17},"end":{"line":42,"column":null}}]},"7":{"loc":{"start":{"line":43,"column":2},"end":{"line":47,"column":null}},"type":"if","locations":[{"start":{"line":43,"column":2},"end":{"line":47,"column":null}},{"start":{"line":45,"column":9},"end":{"line":47,"column":null}}]},"8":{"loc":{"start":{"line":62,"column":2},"end":{"line":62,"column":null}},"type":"switch","locations":[{"start":{"line":62,"column":2},"end":{"line":62,"column":null}}]},"9":{"loc":{"start":{"line":68,"column":14},"end":{"line":68,"column":null}},"type":"switch","locations":[{"start":{"line":68,"column":14},"end":{"line":68,"column":null}}]},"10":{"loc":{"start":{"line":69,"column":2},"end":{"line":73,"column":null}},"type":"if","locations":[{"start":{"line":69,"column":2},"end":{"line":73,"column":null}},{"start":{"line":71,"column":9},"end":{"line":73,"column":null}}]},"11":{"loc":{"start":{"line":69,"column":6},"end":{"line":69,"column":25}},"type":"binary-expr","locations":[{"start":{"line":69,"column":6},"end":{"line":69,"column":9}},{"start":{"line":69,"column":13},"end":{"line":69,"column":25}}]},"12":{"loc":{"start":{"line":79,"column":2},"end":{"line":79,"column":null}},"type":"switch","locations":[{"start":{"line":79,"column":2},"end":{"line":79,"column":null}}]}},"s":{"0":1,"1":1,"2":0,"3":0,"4":0,"5":0,"6":0,"7":1,"8":0,"9":0,"10":0,"11":0,"12":0,"13":1,"14":0,"15":0,"16":0,"17":0,"18":0,"19":1,"20":0,"21":0,"22":0,"23":0,"24":0,"25":1,"26":0,"27":1,"28":0,"29":1,"30":0,"31":0,"32":0,"33":0,"34":0,"35":1,"36":0,"37":1},"f":{"0":0,"1":0,"2":0,"3":0,"4":0,"5":0,"6":0,"7":0},"b":{"0":[0],"1":[0,0],"2":[0],"3":[0,0],"4":[0],"5":[0,0],"6":[0],"7":[0,0],"8":[0],"9":[0],"10":[0,0],"11":[0,0],"12":[0]}}
,"/Users/jorgealmela/Projects/bavenir/Auroral/Projects/auroral_nm/src/types/roles.ts": {"path":"/Users/jorgealmela/Projects/bavenir/Auroral/Projects/auroral_nm/src/types/roles.ts","statementMap":{"0":{"start":{"line":11,"column":0},"end":{"line":11,"column":null}},"1":{"start":{"line":12,"column":4},"end":{"line":12,"column":null}},"2":{"start":{"line":13,"column":4},"end":{"line":13,"column":null}},"3":{"start":{"line":14,"column":4},"end":{"line":14,"column":null}},"4":{"start":{"line":15,"column":4},"end":{"line":15,"column":null}},"5":{"start":{"line":16,"column":4},"end":{"line":16,"column":null}},"6":{"start":{"line":17,"column":4},"end":{"line":17,"column":null}},"7":{"start":{"line":18,"column":4},"end":{"line":18,"column":null}},"8":{"start":{"line":19,"column":4},"end":{"line":19,"column":null}}},"fnMap":{"0":{"name":"(anonymous_0)","decl":{"start":{"line":11,"column":0},"end":{"line":11,"column":12}},"loc":{"start":{"line":11,"column":21},"end":{"line":20,"column":1}}}},"branchMap":{"0":{"loc":{"start":{"line":11,"column":12},"end":{"line":11,"column":null}},"type":"binary-expr","locations":[{"start":{"line":11,"column":12},"end":{"line":11,"column":21}},{"start":{"line":11,"column":12},"end":{"line":11,"column":null}}]}},"s":{"0":1,"1":1,"2":1,"3":1,"4":1,"5":1,"6":1,"7":1,"8":1},"f":{"0":1},"b":{"0":[1,1]}}
,"/Users/jorgealmela/Projects/bavenir/Auroral/Projects/auroral_nm/src/utils/error-handler.ts": {"path":"/Users/jorgealmela/Projects/bavenir/Auroral/Projects/auroral_nm/src/utils/error-handler.ts","statementMap":{"0":{"start":{"line":5,"column":0},"end":{"line":5,"column":52}},"1":{"start":{"line":6,"column":0},"end":{"line":6,"column":33}},"2":{"start":{"line":8,"column":0},"end":{"line":8,"column":null}},"3":{"start":{"line":9,"column":4},"end":{"line":9,"column":null}},"4":{"start":{"line":10,"column":4},"end":{"line":10,"column":null}},"5":{"start":{"line":11,"column":4},"end":{"line":11,"column":null}},"6":{"start":{"line":12,"column":4},"end":{"line":12,"column":null}},"7":{"start":{"line":13,"column":4},"end":{"line":13,"column":null}},"8":{"start":{"line":14,"column":4},"end":{"line":14,"column":null}},"9":{"start":{"line":22,"column":0},"end":{"line":22,"column":13}},"10":{"start":{"line":27,"column":33},"end":{"line":27,"column":96}},"11":{"start":{"line":28,"column":8},"end":{"line":28,"column":null}},"12":{"start":{"line":29,"column":8},"end":{"line":29,"column":null}},"13":{"start":{"line":30,"column":8},"end":{"line":30,"column":null}},"14":{"start":{"line":31,"column":8},"end":{"line":31,"column":null}},"15":{"start":{"line":33,"column":0},"end":{"line":33,"column":null}},"16":{"start":{"line":22,"column":13},"end":{"line":22,"column":20}},"17":{"start":{"line":35,"column":28},"end":{"line":53,"column":1}},"18":{"start":{"line":36,"column":4},"end":{"line":52,"column":null}},"19":{"start":{"line":37,"column":8},"end":{"line":37,"column":null}},"20":{"start":{"line":38,"column":11},"end":{"line":52,"column":null}},"21":{"start":{"line":39,"column":8},"end":{"line":43,"column":null}},"22":{"start":{"line":45,"column":8},"end":{"line":45,"column":null}},"23":{"start":{"line":46,"column":8},"end":{"line":46,"column":null}},"24":{"start":{"line":47,"column":8},"end":{"line":51,"column":null}},"25":{"start":{"line":35,"column":13},"end":{"line":35,"column":28}}},"fnMap":{"0":{"name":"(anonymous_0)","decl":{"start":{"line":8,"column":0},"end":{"line":8,"column":12}},"loc":{"start":{"line":8,"column":23},"end":{"line":15,"column":1}}},"1":{"name":"(anonymous_1)","decl":{"start":{"line":22,"column":0},"end":{"line":22,"column":13}},"loc":{"start":{"line":22,"column":0},"end":{"line":33,"column":null}}},"2":{"name":"MyError","decl":{"start":{"line":27,"column":4},"end":{"line":27,"column":16}},"loc":{"start":{"line":27,"column":118},"end":{"line":32,"column":5}}},"3":{"name":"(anonymous_3)","decl":{"start":{"line":35,"column":28},"end":{"line":35,"column":29}},"loc":{"start":{"line":35,"column":41},"end":{"line":53,"column":1}}}},"branchMap":{"0":{"loc":{"start":{"line":8,"column":12},"end":{"line":8,"column":null}},"type":"binary-expr","locations":[{"start":{"line":8,"column":12},"end":{"line":8,"column":23}},{"start":{"line":8,"column":12},"end":{"line":8,"column":null}}]},"1":{"loc":{"start":{"line":27,"column":33},"end":{"line":27,"column":96}},"type":"if","locations":[{"start":{"line":27,"column":33},"end":{"line":27,"column":96}}]},"2":{"loc":{"start":{"line":30,"column":21},"end":{"line":30,"column":35}},"type":"cond-expr","locations":[{"start":{"line":30,"column":28},"end":{"line":30,"column":30}},{"start":{"line":30,"column":21},"end":{"line":30,"column":35}}]},"3":{"loc":{"start":{"line":30,"column":21},"end":{"line":30,"column":30}},"type":"binary-expr","locations":[{"start":{"line":30,"column":21},"end":{"line":30,"column":30}},{"start":{"line":30,"column":21},"end":{"line":30,"column":30}}]},"4":{"loc":{"start":{"line":31,"column":22},"end":{"line":31,"column":37}},"type":"cond-expr","locations":[{"start":{"line":31,"column":29},"end":{"line":31,"column":31}},{"start":{"line":31,"column":22},"end":{"line":31,"column":37}}]},"5":{"loc":{"start":{"line":31,"column":22},"end":{"line":31,"column":31}},"type":"binary-expr","locations":[{"start":{"line":31,"column":22},"end":{"line":31,"column":31}},{"start":{"line":31,"column":22},"end":{"line":31,"column":31}}]},"6":{"loc":{"start":{"line":36,"column":4},"end":{"line":52,"column":null}},"type":"if","locations":[{"start":{"line":36,"column":4},"end":{"line":52,"column":null}},{"start":{"line":38,"column":11},"end":{"line":52,"column":null}}]},"7":{"loc":{"start":{"line":38,"column":11},"end":{"line":52,"column":null}},"type":"if","locations":[{"start":{"line":38,"column":11},"end":{"line":52,"column":null}},{"start":{"line":44,"column":11},"end":{"line":52,"column":null}}]}},"s":{"0":1,"1":1,"2":1,"3":1,"4":1,"5":1,"6":1,"7":1,"8":1,"9":1,"10":0,"11":0,"12":0,"13":0,"14":0,"15":1,"16":1,"17":1,"18":0,"19":0,"20":0,"21":0,"22":0,"23":0,"24":0,"25":1},"f":{"0":1,"1":1,"2":0,"3":0},"b":{"0":[1,1],"1":[0],"2":[0,0],"3":[0,0],"4":[0,0],"5":[0,0],"6":[0,0],"7":[0,0]}}
,"/Users/jorgealmela/Projects/bavenir/Auroral/Projects/auroral_nm/src/utils/http-status-codes.ts": {"path":"/Users/jorgealmela/Projects/bavenir/Auroral/Projects/auroral_nm/src/utils/http-status-codes.ts","statementMap":{"0":{"start":{"line":1,"column":0},"end":{"line":1,"column":null}},"1":{"start":{"line":9,"column":4},"end":{"line":9,"column":null}},"2":{"start":{"line":14,"column":4},"end":{"line":14,"column":null}},"3":{"start":{"line":21,"column":4},"end":{"line":21,"column":null}},"4":{"start":{"line":29,"column":4},"end":{"line":29,"column":null}},"5":{"start":{"line":34,"column":4},"end":{"line":34,"column":null}},"6":{"start":{"line":40,"column":4},"end":{"line":40,"column":null}},"7":{"start":{"line":47,"column":4},"end":{"line":47,"column":null}},"8":{"start":{"line":52,"column":4},"end":{"line":52,"column":null}},"9":{"start":{"line":58,"column":4},"end":{"line":58,"column":null}},"10":{"start":{"line":65,"column":4},"end":{"line":65,"column":null}},"11":{"start":{"line":71,"column":4},"end":{"line":71,"column":null}},"12":{"start":{"line":77,"column":4},"end":{"line":77,"column":null}},"13":{"start":{"line":83,"column":4},"end":{"line":83,"column":null}},"14":{"start":{"line":90,"column":4},"end":{"line":90,"column":null}},"15":{"start":{"line":95,"column":4},"end":{"line":95,"column":null}},"16":{"start":{"line":105,"column":4},"end":{"line":105,"column":null}},"17":{"start":{"line":113,"column":4},"end":{"line":113,"column":null}},"18":{"start":{"line":119,"column":4},"end":{"line":119,"column":null}},"19":{"start":{"line":126,"column":4},"end":{"line":126,"column":null}},"20":{"start":{"line":131,"column":4},"end":{"line":131,"column":null}},"21":{"start":{"line":139,"column":4},"end":{"line":139,"column":null}},"22":{"start":{"line":146,"column":4},"end":{"line":146,"column":null}},"23":{"start":{"line":152,"column":4},"end":{"line":152,"column":null}},"24":{"start":{"line":160,"column":4},"end":{"line":160,"column":null}},"25":{"start":{"line":167,"column":4},"end":{"line":167,"column":null}},"26":{"start":{"line":173,"column":4},"end":{"line":173,"column":null}},"27":{"start":{"line":179,"column":4},"end":{"line":179,"column":null}},"28":{"start":{"line":185,"column":4},"end":{"line":185,"column":null}},"29":{"start":{"line":190,"column":4},"end":{"line":190,"column":null}},"30":{"start":{"line":195,"column":4},"end":{"line":195,"column":null}},"31":{"start":{"line":202,"column":4},"end":{"line":202,"column":null}},"32":{"start":{"line":208,"column":4},"end":{"line":208,"column":null}},"33":{"start":{"line":217,"column":4},"end":{"line":217,"column":null}},"34":{"start":{"line":222,"column":4},"end":{"line":222,"column":null}},"35":{"start":{"line":227,"column":4},"end":{"line":227,"column":null}},"36":{"start":{"line":232,"column":4},"end":{"line":232,"column":null}},"37":{"start":{"line":239,"column":4},"end":{"line":239,"column":null}},"38":{"start":{"line":245,"column":4},"end":{"line":245,"column":null}},"39":{"start":{"line":252,"column":4},"end":{"line":252,"column":null}},"40":{"start":{"line":257,"column":4},"end":{"line":257,"column":null}},"41":{"start":{"line":264,"column":4},"end":{"line":264,"column":null}},"42":{"start":{"line":269,"column":4},"end":{"line":269,"column":null}},"43":{"start":{"line":274,"column":4},"end":{"line":274,"column":null}},"44":{"start":{"line":279,"column":4},"end":{"line":279,"column":null}},"45":{"start":{"line":284,"column":4},"end":{"line":284,"column":null}},"46":{"start":{"line":289,"column":4},"end":{"line":289,"column":null}},"47":{"start":{"line":297,"column":4},"end":{"line":297,"column":null}},"48":{"start":{"line":302,"column":4},"end":{"line":302,"column":null}},"49":{"start":{"line":308,"column":4},"end":{"line":308,"column":null}},"50":{"start":{"line":314,"column":4},"end":{"line":314,"column":null}},"51":{"start":{"line":319,"column":4},"end":{"line":319,"column":null}},"52":{"start":{"line":325,"column":4},"end":{"line":325,"column":null}},"53":{"start":{"line":330,"column":4},"end":{"line":330,"column":null}},"54":{"start":{"line":336,"column":4},"end":{"line":336,"column":null}},"55":{"start":{"line":341,"column":4},"end":{"line":341,"column":null}},"56":{"start":{"line":346,"column":4},"end":{"line":346,"column":null}},"57":{"start":{"line":351,"column":4},"end":{"line":351,"column":null}},"58":{"start":{"line":356,"column":4},"end":{"line":356,"column":null}},"59":{"start":{"line":361,"column":4},"end":{"line":361,"column":null}},"60":{"start":{"line":366,"column":4},"end":{"line":366,"column":null}},"61":{"start":{"line":373,"column":4},"end":{"line":373,"column":null}}},"fnMap":{"0":{"name":"(anonymous_0)","decl":{"start":{"line":1,"column":0},"end":{"line":1,"column":12}},"loc":{"start":{"line":1,"column":26},"end":{"line":374,"column":1}}}},"branchMap":{"0":{"loc":{"start":{"line":1,"column":12},"end":{"line":1,"column":null}},"type":"binary-expr","locations":[{"start":{"line":1,"column":12},"end":{"line":1,"column":26}},{"start":{"line":1,"column":12},"end":{"line":1,"column":null}}]}},"s":{"0":1,"1":1,"2":1,"3":1,"4":1,"5":1,"6":1,"7":1,"8":1,"9":1,"10":1,"11":1,"12":1,"13":1,"14":1,"15":1,"16":1,"17":1,"18":1,"19":1,"20":1,"21":1,"22":1,"23":1,"24":1,"25":1,"26":1,"27":1,"28":1,"29":1,"30":1,"31":1,"32":1,"33":1,"34":1,"35":1,"36":1,"37":1,"38":1,"39":1,"40":1,"41":1,"42":1,"43":1,"44":1,"45":1,"46":1,"47":1,"48":1,"49":1,"50":1,"51":1,"52":1,"53":1,"54":1,"55":1,"56":1,"57":1,"58":1,"59":1,"60":1,"61":1},"f":{"0":1},"b":{"0":[1,1]}}
,"/Users/jorgealmela/Projects/bavenir/Auroral/Projects/auroral_nm/src/utils/index.ts": {"path":"/Users/jorgealmela/Projects/bavenir/Auroral/Projects/auroral_nm/src/utils/index.ts","statementMap":{"0":{"start":{"line":1,"column":0},"end":{"line":1,"column":9}},"1":{"start":{"line":6,"column":9},"end":{"line":1,"column":33}},"2":{"start":{"line":2,"column":0},"end":{"line":2,"column":9}},"3":{"start":{"line":6,"column":17},"end":{"line":2,"column":52}},"4":{"start":{"line":3,"column":0},"end":{"line":3,"column":9}},"5":{"start":{"line":6,"column":34},"end":{"line":3,"column":52}},"6":{"start":{"line":4,"column":0},"end":{"line":4,"column":9}},"7":{"start":{"line":6,"column":50},"end":{"line":4,"column":33}}},"fnMap":{"0":{"name":"(anonymous_0)","decl":{"start":{"line":6,"column":9},"end":{"line":6,"column":15}},"loc":{"start":{"line":6,"column":9},"end":{"line":1,"column":33}}},"1":{"name":"(anonymous_1)","decl":{"start":{"line":6,"column":17},"end":{"line":6,"column":32}},"loc":{"start":{"line":6,"column":17},"end":{"line":2,"column":52}}},"2":{"name":"(anonymous_2)","decl":{"start":{"line":6,"column":34},"end":{"line":6,"column":48}},"loc":{"start":{"line":6,"column":34},"end":{"line":3,"column":52}}},"3":{"name":"(anonymous_3)","decl":{"start":{"line":6,"column":50},"end":{"line":6,"column":53}},"loc":{"start":{"line":6,"column":50},"end":{"line":4,"column":33}}}},"branchMap":{},"s":{"0":1,"1":1,"2":1,"3":1,"4":1,"5":1,"6":1,"7":1},"f":{"0":0,"1":0,"2":0,"3":0},"b":{}}
,"/Users/jorgealmela/Projects/bavenir/Auroral/Projects/auroral_nm/src/utils/logger.ts": {"path":"/Users/jorgealmela/Projects/bavenir/Auroral/Projects/auroral_nm/src/utils/logger.ts","statementMap":{"0":{"start":{"line":1,"column":0},"end":{"line":1,"column":23}},"1":{"start":{"line":2,"column":0},"end":{"line":2,"column":58}},"2":{"start":{"line":3,"column":0},"end":{"line":3,"column":27}},"3":{"start":{"line":5,"column":62},"end":{"line":5,"column":null}},"4":{"start":{"line":6,"column":27},"end":{"line":6,"column":77}},"5":{"start":{"line":7,"column":28},"end":{"line":7,"column":75}},"6":{"start":{"line":9,"column":0},"end":{"line":9,"column":null}},"7":{"start":{"line":12,"column":22},"end":{"line":12,"column":37}},"8":{"start":{"line":13,"column":18},"end":{"line":13,"column":19}},"9":{"start":{"line":15,"column":18},"end":{"line":15,"column":142}},"10":{"start":{"line":15,"column":40},"end":{"line":15,"column":142}},"11":{"start":{"line":18,"column":16},"end":{"line":54,"column":null}},"12":{"start":{"line":57,"column":13},"end":{"line":64,"column":null}},"13":{"start":{"line":67,"column":2},"end":{"line":67,"column":null}},"14":{"start":{"line":71,"column":2},"end":{"line":71,"column":null}}},"fnMap":{"0":{"name":"(anonymous_1)","decl":{"start":{"line":15,"column":32},"end":{"line":15,"column":36}},"loc":{"start":{"line":15,"column":36},"end":{"line":15,"column":43}}},"1":{"name":"parseMsg","decl":{"start":{"line":66,"column":9},"end":{"line":66,"column":17}},"loc":{"start":{"line":66,"column":24},"end":{"line":68,"column":1}}},"2":{"name":"getId","decl":{"start":{"line":70,"column":9},"end":{"line":70,"column":14}},"loc":{"start":{"line":70,"column":21},"end":{"line":72,"column":1}}}},"branchMap":{"0":{"loc":{"start":{"line":67,"column":9},"end":{"line":67,"column":42}},"type":"cond-expr","locations":[{"start":{"line":67,"column":33},"end":{"line":67,"column":38}},{"start":{"line":67,"column":41},"end":{"line":67,"column":42}}]},"1":{"loc":{"start":{"line":71,"column":9},"end":{"line":71,"column":49}},"type":"cond-expr","locations":[{"start":{"line":71,"column":33},"end":{"line":71,"column":37}},{"start":{"line":71,"column":40},"end":{"line":71,"column":49}}]}},"s":{"0":1,"1":1,"2":1,"3":6,"4":1,"5":1,"6":1,"7":1,"8":1,"9":1,"10":0,"11":1,"12":1,"13":0,"14":0},"f":{"0":0,"1":0,"2":0},"b":{"0":[0,0],"1":[0,0]}}
,"/Users/jorgealmela/Projects/bavenir/Auroral/Projects/auroral_nm/src/utils/obj-utils.ts": {"path":"/Users/jorgealmela/Projects/bavenir/Auroral/Projects/auroral_nm/src/utils/obj-utils.ts","statementMap":{"0":{"start":{"line":2,"column":13},"end":{"line":11,"column":null}},"1":{"start":{"line":4,"column":8},"end":{"line":8,"column":null}},"2":{"start":{"line":5,"column":12},"end":{"line":7,"column":null}},"3":{"start":{"line":6,"column":16},"end":{"line":6,"column":null}},"4":{"start":{"line":9,"column":8},"end":{"line":9,"column":null}}},"fnMap":{"0":{"name":"(anonymous_0)","decl":{"start":{"line":3,"column":13},"end":{"line":3,"column":22}},"loc":{"start":{"line":3,"column":27},"end":{"line":10,"column":5}}},"1":{"name":"(anonymous_1)","decl":{"start":{"line":4,"column":31},"end":{"line":4,"column":34}},"loc":{"start":{"line":4,"column":34},"end":{"line":8,"column":9}}}},"branchMap":{"0":{"loc":{"start":{"line":5,"column":12},"end":{"line":7,"column":null}},"type":"if","locations":[{"start":{"line":5,"column":12},"end":{"line":7,"column":null}}]}},"s":{"0":1,"1":0,"2":0,"3":0,"4":0},"f":{"0":0,"1":0},"b":{"0":[0]}}
,"/Users/jorgealmela/Projects/bavenir/Auroral/Projects/auroral_nm/src/utils/response-builder.ts": {"path":"/Users/jorgealmela/Projects/bavenir/Auroral/Projects/auroral_nm/src/utils/response-builder.ts","statementMap":{"0":{"start":{"line":2,"column":0},"end":{"line":2,"column":52}},"1":{"start":{"line":6,"column":4},"end":{"line":8,"column":null}},"2":{"start":{"line":7,"column":8},"end":{"line":7,"column":null}},"3":{"start":{"line":9,"column":4},"end":{"line":18,"column":null}},"4":{"start":{"line":11,"column":12},"end":{"line":11,"column":null}},"5":{"start":{"line":13,"column":12},"end":{"line":13,"column":null}},"6":{"start":{"line":15,"column":12},"end":{"line":15,"column":null}},"7":{"start":{"line":17,"column":12},"end":{"line":17,"column":null}},"8":{"start":{"line":22,"column":16},"end":{"line":22,"column":47}},"9":{"start":{"line":23,"column":4},"end":{"line":33,"column":null}},"10":{"start":{"line":24,"column":8},"end":{"line":26,"column":null}},"11":{"start":{"line":28,"column":8},"end":{"line":32,"column":null}},"12":{"start":{"line":21,"column":0},"end":{"line":21,"column":16}}},"fnMap":{"0":{"name":"errorBuilder","decl":{"start":{"line":5,"column":9},"end":{"line":5,"column":21}},"loc":{"start":{"line":5,"column":78},"end":{"line":19,"column":1}}},"1":{"name":"responseBuilder","decl":{"start":{"line":21,"column":16},"end":{"line":21,"column":31}},"loc":{"start":{"line":21,"column":137},"end":{"line":34,"column":1}}}},"branchMap":{"0":{"loc":{"start":{"line":6,"column":4},"end":{"line":8,"column":null}},"type":"if","locations":[{"start":{"line":6,"column":4},"end":{"line":8,"column":null}}]},"1":{"loc":{"start":{"line":9,"column":4},"end":{"line":18,"column":null}},"type":"switch","locations":[{"start":{"line":10,"column":8},"end":{"line":11,"column":null}},{"start":{"line":12,"column":8},"end":{"line":13,"column":null}},{"start":{"line":14,"column":8},"end":{"line":15,"column":null}},{"start":{"line":16,"column":8},"end":{"line":17,"column":null}}]},"2":{"loc":{"start":{"line":23,"column":4},"end":{"line":33,"column":null}},"type":"if","locations":[{"start":{"line":23,"column":4},"end":{"line":33,"column":null}},{"start":{"line":27,"column":11},"end":{"line":33,"column":null}}]}},"s":{"0":1,"1":0,"2":0,"3":0,"4":0,"5":0,"6":0,"7":0,"8":0,"9":0,"10":0,"11":0,"12":1},"f":{"0":0,"1":0},"b":{"0":[0],"1":[0,0,0,0],"2":[0,0]}}
}
