TN:
SF:src/config.ts
FNF:0
FNH:0
DA:1,1
DA:2,1
DA:4,1
DA:6,1
DA:10,0
DA:11,0
DA:14,1
LF:7
LH:5
BRDA:6,0,0,0
BRDA:7,1,0,1
BRDA:7,1,1,1
BRDA:7,1,2,1
BRF:4
BRH:3
end_of_record
TN:
SF:src/auth-server/auth-server.ts
FN:14,(anonymous_14)
FN:43,(anonymous_15)
FN:43,(anonymous_16)
FN:49,(anonymous_18)
FN:49,(anonymous_19)
FN:58,(anonymous_21)
FN:58,(anonymous_22)
FN:73,(anonymous_24)
FN:83,(anonymous_25)
FN:95,(anonymous_26)
FN:95,(anonymous_27)
FN:106,(anonymous_29)
FN:124,(anonymous_30)
FN:136,(anonymous_31)
FN:136,(anonymous_32)
FN:146,(anonymous_34)
FN:147,(anonymous_35)
FN:174,(anonymous_36)
FN:174,(anonymous_37)
FN:186,(anonymous_39)
FN:196,(anonymous_40)
FN:196,(anonymous_41)
FNF:22
FNH:5
FNDA:1,(anonymous_14)
FNDA:1,(anonymous_15)
FNDA:1,(anonymous_16)
FNDA:1,(anonymous_18)
FNDA:1,(anonymous_19)
FNDA:0,(anonymous_21)
FNDA:0,(anonymous_22)
FNDA:0,(anonymous_24)
FNDA:0,(anonymous_25)
FNDA:0,(anonymous_26)
FNDA:0,(anonymous_27)
FNDA:0,(anonymous_29)
FNDA:0,(anonymous_30)
FNDA:0,(anonymous_31)
FNDA:0,(anonymous_32)
FNDA:0,(anonymous_34)
FNDA:0,(anonymous_35)
FNDA:0,(anonymous_36)
FNDA:0,(anonymous_37)
FNDA:0,(anonymous_39)
FNDA:0,(anonymous_40)
FNDA:0,(anonymous_41)
DA:1,1
DA:2,1
DA:3,1
DA:4,1
DA:5,1
DA:6,1
DA:7,1
DA:8,1
DA:10,1
DA:11,1
DA:14,1
DA:15,1
DA:16,1
DA:20,1
DA:21,1
DA:22,1
DA:24,1
DA:25,1
DA:26,0
DA:27,0
DA:28,0
DA:31,0
DA:32,0
DA:33,0
DA:35,0
DA:36,0
DA:41,1
DA:43,1
DA:44,1
DA:45,1
DA:46,1
DA:49,1
DA:50,1
DA:51,1
DA:52,1
DA:53,0
DA:55,1
DA:58,1
DA:59,0
DA:60,0
DA:64,0
DA:65,0
DA:66,0
DA:68,0
DA:69,0
DA:71,0
DA:72,0
DA:73,0
DA:74,0
DA:84,0
DA:85,0
DA:86,0
DA:87,0
DA:89,0
DA:95,1
DA:96,0
DA:99,0
DA:100,0
DA:101,0
DA:103,0
DA:104,0
DA:106,0
DA:107,0
DA:125,0
DA:126,0
DA:127,0
DA:128,0
DA:130,0
DA:136,1
DA:139,0
DA:140,0
DA:141,0
DA:143,0
DA:144,0
DA:146,0
DA:147,0
DA:148,0
DA:159,0
DA:160,0
DA:162,0
DA:174,1
DA:175,0
DA:176,0
DA:177,0
DA:179,0
DA:180,0
DA:186,1
DA:187,0
DA:196,1
DA:197,0
DA:198,0
DA:199,0
DA:201,0
LF:93
LH:34
BRDA:14,0,0,1
BRDA:14,0,1,1
BRDA:24,1,0,1
BRDA:24,1,1,0
BRDA:26,2,0,0
BRDA:26,2,1,0
BRDA:50,3,0,1
BRDA:52,4,0,0
BRDA:59,5,0,0
BRDA:64,6,0,0
BRDA:64,6,1,0
BRDA:77,7,0,0
BRDA:77,7,1,0
BRDA:84,8,0,0
BRDA:84,8,1,0
BRDA:86,9,0,0
BRDA:86,9,1,0
BRDA:96,10,0,0
BRDA:99,11,0,0
BRDA:99,11,1,0
BRDA:125,12,0,0
BRDA:125,12,1,0
BRDA:127,13,0,0
BRDA:127,13,1,0
BRDA:139,14,0,0
BRDA:139,14,1,0
BRDA:148,15,0,0
BRDA:148,15,1,0
BRDA:175,16,0,0
BRDA:176,17,0,0
BRDA:197,18,0,0
BRDA:198,19,0,0
BRF:32
BRH:4
end_of_record
TN:
SF:src/persistance/account/methods.ts
FN:5,updatePasswordHash
FN:11,updateTempSecret
FN:19,updateRoles
FNF:3
FNH:0
FNDA:0,updatePasswordHash
FNDA:0,updateTempSecret
FNDA:0,updateRoles
DA:1,1
DA:5,1
DA:6,0
DA:7,0
DA:8,0
DA:11,1
DA:12,0
DA:13,0
DA:14,0
DA:15,0
DA:16,0
DA:19,1
DA:20,0
DA:21,0
DA:22,0
LF:15
LH:4
BRF:0
BRH:0
end_of_record
TN:
SF:src/persistance/account/model.ts
FNF:0
FNH:0
DA:1,1
DA:2,1
DA:5,1
LF:3
LH:3
BRF:0
BRH:0
end_of_record
TN:
SF:src/persistance/account/schema.ts
FNF:0
FNH:0
DA:1,1
DA:2,1
DA:3,1
DA:4,1
DA:5,1
DA:8,1
DA:10,1
DA:12,1
DA:28,1
DA:29,1
DA:30,1
DA:31,1
DA:32,1
DA:33,1
DA:34,1
DA:35,1
DA:37,1
DA:38,1
DA:39,1
DA:42,1
LF:20
LH:20
BRF:0
BRH:0
end_of_record
TN:
SF:src/persistance/account/statics.ts
FN:5,getAccount
FN:17,getHash
FN:28,getDoc
FN:39,getDocByUid
FN:50,createAccount
FN:59,verifyAccount
FN:65,isVerified
FN:76,deleteAccount
FNF:8
FNH:0
FNDA:0,getAccount
FNDA:0,getHash
FNDA:0,getDoc
FNDA:0,getDocByUid
FNDA:0,createAccount
FNDA:0,verifyAccount
FNDA:0,isVerified
FNDA:0,deleteAccount
DA:2,1
DA:3,1
DA:5,1
DA:8,0
DA:9,0
DA:10,0
DA:12,0
DA:17,1
DA:20,0
DA:21,0
DA:22,0
DA:24,0
DA:28,1
DA:31,0
DA:32,0
DA:33,0
DA:35,0
DA:39,1
DA:42,0
DA:43,0
DA:44,0
DA:46,0
DA:50,1
DA:53,0
DA:59,1
DA:62,0
DA:65,1
DA:68,0
DA:69,0
DA:70,0
DA:72,0
DA:76,1
DA:79,0
LF:33
LH:10
BRDA:8,0,0,0
BRDA:9,1,0,0
BRDA:9,1,1,0
BRDA:20,2,0,0
BRDA:21,3,0,0
BRDA:21,3,1,0
BRDA:31,4,0,0
BRDA:32,5,0,0
BRDA:32,5,1,0
BRDA:42,6,0,0
BRDA:43,7,0,0
BRDA:43,7,1,0
BRDA:62,8,0,0
BRDA:68,9,0,0
BRDA:69,10,0,0
BRDA:69,10,1,0
BRDA:69,11,0,0
BRDA:69,11,1,0
BRDA:79,12,0,0
BRF:19
BRH:0
end_of_record
TN:
SF:src/types/roles.ts
FN:11,(anonymous_0)
FNF:1
FNH:1
FNDA:1,(anonymous_0)
DA:11,1
DA:12,1
DA:13,1
DA:14,1
DA:15,1
DA:16,1
DA:17,1
DA:18,1
DA:19,1
LF:9
LH:9
BRDA:11,0,0,1
BRDA:11,0,1,1
BRF:2
BRH:2
end_of_record
TN:
SF:src/utils/error-handler.ts
FN:8,(anonymous_0)
FN:22,(anonymous_1)
FN:27,MyError
FN:35,(anonymous_3)
FNF:4
FNH:2
FNDA:1,(anonymous_0)
FNDA:1,(anonymous_1)
FNDA:0,MyError
FNDA:0,(anonymous_3)
DA:5,1
DA:6,1
DA:8,1
DA:9,1
DA:10,1
DA:11,1
DA:12,1
DA:13,1
DA:14,1
DA:22,1
DA:27,0
DA:28,0
DA:29,0
DA:30,0
DA:31,0
DA:33,1
DA:35,1
DA:36,0
DA:37,0
DA:38,0
DA:39,0
DA:45,0
DA:46,0
DA:47,0
LF:24
LH:12
BRDA:8,0,0,1
BRDA:8,0,1,1
BRDA:27,1,0,0
BRDA:30,2,0,0
BRDA:30,2,1,0
BRDA:30,3,0,0
BRDA:30,3,1,0
BRDA:31,4,0,0
BRDA:31,4,1,0
BRDA:31,5,0,0
BRDA:31,5,1,0
BRDA:36,6,0,0
BRDA:36,6,1,0
BRDA:38,7,0,0
BRDA:38,7,1,0
BRF:15
BRH:2
end_of_record
TN:
SF:src/utils/http-status-codes.ts
FN:1,(anonymous_0)
FNF:1
FNH:1
FNDA:1,(anonymous_0)
DA:1,1
DA:9,1
DA:14,1
DA:21,1
DA:29,1
DA:34,1
DA:40,1
DA:47,1
DA:52,1
DA:58,1
DA:65,1
DA:71,1
DA:77,1
DA:83,1
DA:90,1
DA:95,1
DA:105,1
DA:113,1
DA:119,1
DA:126,1
DA:131,1
DA:139,1
DA:146,1
DA:152,1
DA:160,1
DA:167,1
DA:173,1
DA:179,1
DA:185,1
DA:190,1
DA:195,1
DA:202,1
DA:208,1
DA:217,1
DA:222,1
DA:227,1
DA:232,1
DA:239,1
DA:245,1
DA:252,1
DA:257,1
DA:264,1
DA:269,1
DA:274,1
DA:279,1
DA:284,1
DA:289,1
DA:297,1
DA:302,1
DA:308,1
DA:314,1
DA:319,1
DA:325,1
DA:330,1
DA:336,1
DA:341,1
DA:346,1
DA:351,1
DA:356,1
DA:361,1
DA:366,1
DA:373,1
LF:62
LH:62
BRDA:1,0,0,1
BRDA:1,0,1,1
BRF:2
BRH:2
end_of_record
TN:
SF:src/utils/index.ts
FN:6,(anonymous_0)
FN:6,(anonymous_1)
FN:6,(anonymous_2)
FN:6,(anonymous_3)
FNF:4
FNH:0
FNDA:0,(anonymous_0)
FNDA:0,(anonymous_1)
FNDA:0,(anonymous_2)
FNDA:0,(anonymous_3)
DA:1,1
DA:2,1
DA:3,1
DA:4,1
DA:6,1
LF:5
LH:5
BRF:0
BRH:0
end_of_record
TN:
SF:src/utils/logger.ts
FN:15,(anonymous_1)
FN:66,parseMsg
FN:70,getId
FNF:3
FNH:0
FNDA:0,(anonymous_1)
FNDA:0,parseMsg
FNDA:0,getId
DA:1,1
DA:2,1
DA:3,1
DA:5,6
DA:6,1
DA:7,1
DA:9,1
DA:12,1
DA:13,1
DA:15,1
DA:18,1
DA:57,1
DA:67,0
DA:71,0
LF:14
LH:12
BRDA:67,0,0,0
BRDA:67,0,1,0
BRDA:71,1,0,0
BRDA:71,1,1,0
BRF:4
BRH:0
end_of_record
TN:
SF:src/utils/obj-utils.ts
FN:3,(anonymous_0)
FN:4,(anonymous_1)
FNF:2
FNH:0
FNDA:0,(anonymous_0)
FNDA:0,(anonymous_1)
DA:2,1
DA:4,0
DA:5,0
DA:6,0
DA:9,0
LF:5
LH:1
BRDA:5,0,0,0
BRF:1
BRH:0
end_of_record
TN:
SF:src/utils/response-builder.ts
FN:5,errorBuilder
FN:21,responseBuilder
FNF:2
FNH:0
FNDA:0,errorBuilder
FNDA:0,responseBuilder
DA:2,1
DA:6,0
DA:7,0
DA:9,0
DA:11,0
DA:13,0
DA:15,0
DA:17,0
DA:21,1
DA:22,0
DA:23,0
DA:24,0
DA:28,0
LF:13
LH:2
BRDA:6,0,0,0
BRDA:9,1,0,0
BRDA:9,1,1,0
BRDA:9,1,2,0
BRDA:9,1,3,0
BRDA:23,2,0,0
BRDA:23,2,1,0
BRF:7
BRH:0
end_of_record
