TN:
SF:src/config.ts
FNF:0
FNH:0
DA:1,19
DA:2,19
DA:4,19
DA:6,19
DA:10,0
DA:11,0
DA:14,19
LF:7
LH:5
BRDA:6,0,0,0
BRDA:7,1,0,19
BRDA:7,1,1,19
BRDA:7,1,2,19
BRDA:22,2,0,19
BRDA:22,2,1,0
BRDA:23,3,0,0
BRDA:23,3,1,19
BRDA:31,4,0,19
BRDA:31,4,1,0
BRDA:32,5,0,19
BRDA:32,5,1,19
BRDA:33,6,0,19
BRDA:33,6,1,0
BRDA:34,7,0,19
BRDA:34,7,1,19
BRDA:42,8,0,0
BRDA:42,8,1,19
BRDA:47,9,0,19
BRDA:47,9,1,0
BRDA:48,10,0,19
BRDA:48,10,1,0
BRDA:49,11,0,0
BRDA:49,11,1,19
BRDA:51,12,0,0
BRDA:51,12,1,19
BRDA:52,13,0,19
BRDA:52,13,1,19
BRDA:64,14,0,19
BRDA:64,14,1,0
BRDA:65,15,0,19
BRDA:65,15,1,0
BRDA:66,16,0,19
BRDA:66,16,1,0
BRDA:67,17,0,19
BRDA:67,17,1,0
BRDA:70,18,0,19
BRDA:70,18,1,0
BRDA:71,19,0,19
BRDA:71,19,1,0
BRDA:74,20,0,19
BRDA:74,20,1,0
BRDA:75,21,0,19
BRDA:75,21,1,0
BRF:44
BRH:26
end_of_record
TN:
SF:src/auth-server/auth-server.ts
FN:16,(anonymous_14)
FN:48,(anonymous_15)
FN:48,(anonymous_16)
FN:54,(anonymous_18)
FN:54,(anonymous_19)
FN:63,signMessage
FN:77,getMyPubkey
FN:81,(anonymous_25)
FN:81,(anonymous_26)
FN:100,(anonymous_28)
FN:100,(anonymous_29)
FN:135,(anonymous_31)
FN:135,(anonymous_32)
FN:137,(anonymous_34)
FN:138,(anonymous_35)
FN:156,(anonymous_36)
FN:166,(anonymous_37)
FN:166,(anonymous_38)
FN:178,(anonymous_40)
FN:188,(anonymous_41)
FN:188,(anonymous_42)
FN:198,(anonymous_44)
FN:211,(anonymous_45)
FN:211,(anonymous_46)
FN:212,(anonymous_48)
FN:217,(anonymous_49)
FNF:26
FNH:23
FNDA:9,(anonymous_14)
FNDA:1,(anonymous_15)
FNDA:1,(anonymous_16)
FNDA:2,(anonymous_18)
FNDA:2,(anonymous_19)
FNDA:0,signMessage
FNDA:0,getMyPubkey
FNDA:2,(anonymous_25)
FNDA:2,(anonymous_26)
FNDA:1,(anonymous_28)
FNDA:1,(anonymous_29)
FNDA:1,(anonymous_31)
FNDA:1,(anonymous_32)
FNDA:1,(anonymous_34)
FNDA:1,(anonymous_35)
FNDA:0,(anonymous_36)
FNDA:2,(anonymous_37)
FNDA:2,(anonymous_38)
FNDA:1,(anonymous_40)
FNDA:1,(anonymous_41)
FNDA:1,(anonymous_42)
FNDA:3,(anonymous_44)
FNDA:3,(anonymous_45)
FNDA:3,(anonymous_46)
FNDA:3,(anonymous_48)
FNDA:3,(anonymous_49)
DA:1,9
DA:2,9
DA:3,9
DA:4,9
DA:5,9
DA:6,9
DA:7,9
DA:8,9
DA:10,9
DA:11,9
DA:12,9
DA:16,9
DA:17,9
DA:18,9
DA:19,9
DA:23,9
DA:24,9
DA:25,9
DA:27,9
DA:28,9
DA:29,0
DA:30,0
DA:31,0
DA:34,0
DA:36,0
DA:37,0
DA:39,0
DA:40,0
DA:41,0
DA:46,9
DA:48,9
DA:49,1
DA:50,1
DA:51,1
DA:54,9
DA:55,2
DA:56,2
DA:57,2
DA:58,1
DA:60,1
DA:63,9
DA:64,0
DA:65,0
DA:66,0
DA:71,0
DA:72,0
DA:73,0
DA:77,9
DA:78,0
DA:81,9
DA:82,2
DA:83,1
DA:85,1
DA:86,1
DA:87,1
DA:88,1
DA:100,9
DA:101,1
DA:102,1
DA:103,1
DA:104,1
DA:105,1
DA:106,2
DA:107,1
DA:120,1
DA:132,1
DA:135,9
DA:136,1
DA:137,1
DA:138,1
DA:139,1
DA:140,0
DA:141,0
DA:142,0
DA:143,0
DA:145,0
DA:146,0
DA:149,1
DA:156,9
DA:157,0
DA:166,9
DA:167,2
DA:168,2
DA:169,1
DA:171,2
DA:172,1
DA:178,9
DA:179,1
DA:188,9
DA:189,1
DA:190,1
DA:191,1
DA:193,0
DA:198,9
DA:201,3
DA:202,3
DA:203,3
DA:205,0
DA:206,0
DA:208,3
DA:211,9
DA:212,3
DA:213,3
DA:218,3
DA:219,0
DA:220,3
DA:221,3
DA:223,0
LF:108
LH:80
BRDA:16,0,0,9
BRDA:16,0,1,9
BRDA:27,1,0,9
BRDA:27,1,1,0
BRDA:29,2,0,0
BRDA:29,2,1,0
BRDA:55,3,0,2
BRDA:57,4,0,1
BRDA:82,5,0,1
BRDA:91,6,0,0
BRDA:91,6,1,1
BRDA:101,7,0,1
BRDA:104,8,0,0
BRDA:104,8,1,1
BRDA:139,9,0,0
BRDA:139,9,1,1
BRDA:140,10,0,0
BRDA:140,10,1,0
BRDA:142,11,0,0
BRDA:142,11,1,0
BRDA:167,12,0,2
BRDA:168,13,0,1
BRDA:189,14,0,1
BRDA:190,15,0,1
BRDA:201,16,0,3
BRDA:201,16,1,0
BRDA:218,17,0,0
BRDA:218,17,1,3
BRDA:220,18,0,3
BRDA:220,18,1,0
BRF:30
BRH:17
end_of_record
TN:
SF:src/auth-server/mailer.ts
FN:30,(anonymous_14)
FN:30,(anonymous_15)
FN:50,(anonymous_17)
FN:50,(anonymous_18)
FN:64,(anonymous_20)
FN:64,(anonymous_21)
FN:79,(anonymous_23)
FN:79,(anonymous_24)
FN:90,(anonymous_26)
FN:90,(anonymous_27)
FN:100,(anonymous_29)
FN:100,(anonymous_30)
FN:113,(anonymous_32)
FN:113,(anonymous_33)
FNF:14
FNH:14
FNDA:8,(anonymous_14)
FNDA:8,(anonymous_15)
FNDA:1,(anonymous_17)
FNDA:1,(anonymous_18)
FNDA:2,(anonymous_20)
FNDA:2,(anonymous_21)
FNDA:1,(anonymous_23)
FNDA:1,(anonymous_24)
FNDA:1,(anonymous_26)
FNDA:1,(anonymous_27)
FNDA:2,(anonymous_29)
FNDA:2,(anonymous_30)
FNDA:1,(anonymous_32)
FNDA:1,(anonymous_33)
DA:1,5
DA:2,5
DA:3,5
DA:5,5
DA:6,5
DA:7,5
DA:8,5
DA:9,5
DA:11,5
DA:12,5
DA:13,5
DA:14,5
DA:15,5
DA:16,5
DA:17,5
DA:18,5
DA:20,5
DA:30,8
DA:32,16
DA:41,8
DA:43,0
DA:44,0
DA:50,5
DA:51,1
DA:52,1
DA:53,1
DA:57,1
DA:60,1
DA:61,1
DA:64,5
DA:65,2
DA:66,2
DA:67,2
DA:68,2
DA:72,2
DA:75,2
DA:76,2
DA:79,5
DA:80,1
DA:82,1
DA:86,1
DA:87,1
DA:90,5
DA:91,1
DA:93,1
DA:96,1
DA:97,1
DA:100,5
DA:101,2
DA:102,2
DA:103,2
DA:104,2
DA:106,2
DA:109,2
DA:110,2
DA:113,5
DA:114,1
DA:115,1
DA:116,1
DA:118,1
DA:120,1
DA:123,1
DA:124,1
LF:63
LH:61
BRDA:51,0,0,1
BRDA:51,0,1,0
BRDA:51,1,0,1
BRDA:51,1,1,1
BRDA:65,2,0,2
BRDA:65,2,1,0
BRDA:65,3,0,2
BRDA:65,3,1,2
BRDA:67,4,0,1
BRDA:67,4,1,1
BRDA:101,5,0,2
BRDA:101,5,1,0
BRDA:101,6,0,2
BRDA:101,6,1,2
BRDA:103,7,0,1
BRDA:103,7,1,1
BRDA:114,8,0,1
BRDA:114,8,1,0
BRDA:114,9,0,1
BRDA:114,9,1,1
BRF:20
BRH:16
end_of_record
TN:
SF:src/core/communities.ts
FN:17,(anonymous_15)
FN:17,(anonymous_16)
FN:51,(anonymous_18)
FN:51,(anonymous_19)
FN:76,(anonymous_21)
FN:76,(anonymous_22)
FN:110,(anonymous_24)
FN:110,(anonymous_25)
FN:132,(anonymous_27)
FN:132,(anonymous_28)
FN:145,(anonymous_30)
FN:145,(anonymous_31)
FNF:12
FNH:12
FNDA:3,(anonymous_15)
FNDA:3,(anonymous_16)
FNDA:1,(anonymous_18)
FNDA:1,(anonymous_19)
FNDA:1,(anonymous_21)
FNDA:1,(anonymous_22)
FNDA:1,(anonymous_24)
FNDA:1,(anonymous_25)
FNDA:1,(anonymous_27)
FNDA:1,(anonymous_28)
FNDA:1,(anonymous_30)
FNDA:1,(anonymous_31)
DA:6,3
DA:7,3
DA:8,3
DA:9,3
DA:10,3
DA:11,3
DA:12,3
DA:13,3
DA:17,3
DA:19,3
DA:20,2
DA:21,2
DA:22,1
DA:26,2
DA:28,3
DA:29,2
DA:31,2
DA:34,2
DA:35,2
DA:37,4
DA:39,4
DA:45,1
DA:46,1
DA:47,1
DA:51,3
DA:54,1
DA:57,1
DA:58,1
DA:60,2
DA:62,2
DA:65,2
DA:66,2
DA:70,0
DA:71,0
DA:72,0
DA:76,3
DA:79,1
DA:80,1
DA:83,2
DA:84,1
DA:85,1
DA:86,0
DA:90,1
DA:92,2
DA:96,2
DA:99,2
DA:104,0
DA:105,0
DA:106,0
DA:110,3
DA:113,2
DA:115,2
DA:117,2
DA:120,2
DA:122,2
DA:126,0
DA:127,0
DA:128,0
DA:132,3
DA:133,1
DA:137,0
DA:138,0
DA:139,0
DA:145,3
DA:146,2
DA:147,2
DA:149,0
DA:151,0
LF:68
LH:53
BRDA:31,0,0,1
BRDA:19,1,0,2
BRDA:19,2,0,3
BRDA:19,2,1,3
BRDA:21,3,0,1
BRDA:28,4,0,1
BRDA:65,5,0,1
BRDA:84,6,0,0
BRDA:85,7,0,0
BRDA:85,8,0,1
BRDA:85,8,1,1
BRDA:146,9,0,1
BRDA:147,10,0,1
BRF:13
BRH:11
end_of_record
TN:
SF:src/core/contracts.ts
FN:41,(anonymous_17)
FN:41,(anonymous_18)
FN:70,(anonymous_20)
FN:70,(anonymous_21)
FN:94,(anonymous_23)
FN:145,(anonymous_24)
FN:145,(anonymous_25)
FN:166,(anonymous_27)
FN:166,(anonymous_28)
FN:203,(anonymous_32)
FN:218,(anonymous_33)
FN:218,(anonymous_34)
FN:274,(anonymous_36)
FN:274,(anonymous_37)
FN:324,(anonymous_39)
FN:324,(anonymous_40)
FN:338,(anonymous_42)
FN:350,(anonymous_43)
FN:368,(anonymous_44)
FN:368,(anonymous_45)
FN:395,(anonymous_47)
FN:415,(anonymous_48)
FN:415,(anonymous_49)
FN:419,(anonymous_51)
FN:425,(anonymous_52)
FN:425,(anonymous_53)
FN:438,(anonymous_55)
FN:456,(anonymous_56)
FN:456,(anonymous_57)
FN:473,(anonymous_59)
FN:473,(anonymous_60)
FNF:31
FNH:28
FNDA:2,(anonymous_17)
FNDA:2,(anonymous_18)
FNDA:4,(anonymous_20)
FNDA:4,(anonymous_21)
FNDA:0,(anonymous_23)
FNDA:2,(anonymous_24)
FNDA:2,(anonymous_25)
FNDA:2,(anonymous_27)
FNDA:2,(anonymous_28)
FNDA:8,(anonymous_32)
FNDA:2,(anonymous_33)
FNDA:2,(anonymous_34)
FNDA:1,(anonymous_36)
FNDA:1,(anonymous_37)
FNDA:3,(anonymous_39)
FNDA:3,(anonymous_40)
FNDA:1,(anonymous_42)
FNDA:2,(anonymous_43)
FNDA:2,(anonymous_44)
FNDA:2,(anonymous_45)
FNDA:2,(anonymous_47)
FNDA:2,(anonymous_48)
FNDA:2,(anonymous_49)
FNDA:2,(anonymous_51)
FNDA:1,(anonymous_52)
FNDA:1,(anonymous_53)
FNDA:2,(anonymous_55)
FNDA:4,(anonymous_56)
FNDA:4,(anonymous_57)
FNDA:0,(anonymous_59)
FNDA:0,(anonymous_60)
DA:6,3
DA:16,3
DA:17,3
DA:18,3
DA:19,3
DA:20,3
DA:21,3
DA:22,3
DA:23,3
DA:24,3
DA:25,3
DA:26,3
DA:27,3
DA:28,3
DA:30,3
DA:31,3
DA:41,3
DA:43,2
DA:47,2
DA:48,2
DA:53,2
DA:55,1
DA:70,4
DA:73,4
DA:74,4
DA:76,4
DA:77,1
DA:80,3
DA:81,2
DA:83,1
DA:85,1
DA:86,0
DA:88,1
DA:89,0
DA:92,1
DA:93,1
DA:94,1
DA:95,0
DA:98,1
DA:100,1
DA:102,2
DA:105,1
DA:106,1
DA:107,2
DA:108,1
DA:109,1
DA:110,2
DA:120,2
DA:129,2
DA:130,1
DA:132,3
DA:133,3
DA:134,3
DA:145,3
DA:148,2
DA:149,4
DA:151,1
DA:153,1
DA:154,1
DA:155,1
DA:166,3
DA:168,2
DA:171,4
DA:172,4
DA:174,4
DA:175,4
DA:176,2
DA:177,2
DA:179,4
DA:188,2
DA:189,3
DA:190,2
DA:200,8
DA:201,4
DA:202,4
DA:203,8
DA:204,8
DA:218,3
DA:220,2
DA:222,2
DA:223,0
DA:226,4
DA:228,2
DA:229,4
DA:231,4
DA:233,2
DA:240,2
DA:241,4
DA:242,4
DA:245,2
DA:246,3
DA:248,1
DA:249,1
DA:250,2
DA:261,2
DA:262,2
DA:263,4
DA:274,3
DA:276,1
DA:277,0
DA:280,2
DA:282,1
DA:283,2
DA:285,2
DA:286,1
DA:293,1
DA:294,2
DA:295,2
DA:298,1
DA:299,1
DA:300,2
DA:324,3
DA:327,3
DA:328,3
DA:329,3
DA:330,3
DA:331,1
DA:333,2
DA:335,4
DA:338,2
DA:339,1
DA:341,1
DA:344,1
DA:345,2
DA:347,2
DA:348,1
DA:350,2
DA:352,2
DA:355,2
DA:356,2
DA:357,2
DA:368,3
DA:371,2
DA:372,1
DA:373,1
DA:374,0
DA:377,1
DA:378,2
DA:380,0
DA:383,2
DA:387,2
DA:389,1
DA:394,1
DA:395,2
DA:396,1
DA:397,2
DA:399,0
DA:402,1
DA:403,1
DA:404,1
DA:415,3
DA:418,2
DA:419,2
DA:420,2
DA:421,1
DA:424,2
DA:425,2
DA:427,2
DA:429,0
DA:432,2
DA:437,1
DA:438,2
DA:439,1
DA:440,1
DA:441,1
DA:442,1
DA:443,1
DA:446,2
DA:448,1
DA:449,1
DA:450,1
DA:456,4
DA:458,4
DA:459,7
DA:461,1
DA:463,2
DA:464,2
DA:465,2
DA:466,2
DA:469,4
DA:470,6
DA:471,2
DA:473,2
DA:474,0
DA:477,2
DA:484,2
DA:485,4
DA:486,4
DA:489,4
DA:491,2
DA:492,2
DA:494,2
DA:495,4
DA:498,4
DA:499,2
DA:501,2
LF:196
LH:186
BRDA:45,0,0,0
BRDA:45,0,1,2
BRDA:47,1,0,2
BRDA:76,2,0,1
BRDA:80,3,0,2
BRDA:85,4,0,0
BRDA:88,5,0,0
BRDA:94,6,0,0
BRDA:168,7,0,2
BRDA:189,8,0,1
BRDA:201,9,0,4
BRDA:220,10,0,2
BRDA:220,10,1,2
BRDA:220,10,2,2
BRDA:222,11,0,0
BRDA:246,12,0,1
BRDA:276,13,0,1
BRDA:276,13,1,1
BRDA:276,14,0,0
BRDA:330,15,0,1
BRDA:330,16,0,3
BRDA:330,16,1,2
BRDA:333,17,0,0
BRDA:338,18,0,1
BRDA:348,19,0,0
BRDA:399,20,0,0
BRDA:373,21,0,0
BRDA:377,22,0,0
BRDA:377,23,0,1
BRDA:377,23,1,1
BRDA:378,24,0,1
BRDA:396,25,0,0
BRDA:420,26,0,1
BRDA:458,27,0,4
BRDA:458,27,1,4
BRDA:458,27,2,2
BRDA:459,28,0,3
BRDA:459,29,0,4
BRDA:459,29,1,1
BRDA:470,30,0,2
BRDA:474,31,0,0
BRDA:494,32,0,0
BRDA:494,32,1,2
BRF:43
BRH:29
end_of_record
TN:
SF:src/core/index.ts
FNF:0
FNH:0
DA:5,3
DA:6,3
DA:7,3
DA:8,3
DA:9,3
DA:10,3
DA:11,3
DA:12,3
DA:14,3
LF:9
LH:9
BRF:0
BRH:0
end_of_record
TN:
SF:src/core/items.ts
FN:33,(anonymous_23)
FN:33,(anonymous_24)
FN:46,(anonymous_26)
FN:46,(anonymous_27)
FN:61,(anonymous_29)
FN:61,(anonymous_30)
FN:104,(anonymous_32)
FN:104,(anonymous_33)
FN:126,(anonymous_35)
FN:126,(anonymous_36)
FN:167,(anonymous_38)
FN:167,(anonymous_39)
FN:205,(anonymous_41)
FN:205,(anonymous_42)
FN:233,(anonymous_44)
FN:233,(anonymous_45)
FN:244,(anonymous_47)
FN:244,(anonymous_48)
FN:263,(anonymous_50)
FNF:19
FNH:19
FNDA:2,(anonymous_23)
FNDA:2,(anonymous_24)
FNDA:1,(anonymous_26)
FNDA:1,(anonymous_27)
FNDA:3,(anonymous_29)
FNDA:3,(anonymous_30)
FNDA:2,(anonymous_32)
FNDA:2,(anonymous_33)
FNDA:3,(anonymous_35)
FNDA:3,(anonymous_36)
FNDA:9,(anonymous_38)
FNDA:9,(anonymous_39)
FNDA:2,(anonymous_41)
FNDA:2,(anonymous_42)
FNDA:2,(anonymous_44)
FNDA:2,(anonymous_45)
FNDA:9,(anonymous_47)
FNDA:9,(anonymous_48)
FNDA:1,(anonymous_50)
DA:6,4
DA:7,4
DA:8,4
DA:9,4
DA:10,4
DA:11,4
DA:12,4
DA:13,4
DA:14,4
DA:25,4
DA:26,4
DA:33,4
DA:36,2
DA:38,1
DA:40,1
DA:42,1
DA:44,1
DA:46,1
DA:47,1
DA:48,1
DA:49,2
DA:50,1
DA:54,1
DA:61,4
DA:64,3
DA:66,3
DA:67,3
DA:68,3
DA:69,1
DA:75,1
DA:77,1
DA:79,1
DA:81,1
DA:92,2
DA:93,2
DA:94,1
DA:96,1
DA:104,4
DA:107,4
DA:109,1
DA:111,2
DA:113,2
DA:115,1
DA:117,1
DA:126,4
DA:129,3
DA:131,3
DA:132,1
DA:133,1
DA:136,4
DA:138,1
DA:139,2
DA:142,1
DA:143,2
DA:146,1
DA:147,1
DA:148,2
DA:152,2
DA:154,2
DA:157,2
DA:167,9
DA:170,9
DA:172,8
DA:174,3
DA:182,10
DA:184,8
DA:186,4
DA:188,4
DA:189,4
DA:191,4
DA:193,2
DA:195,2
DA:199,5
DA:205,4
DA:209,4
DA:211,2
DA:215,4
DA:216,3
DA:218,2
DA:220,2
DA:222,2
DA:225,2
DA:227,2
DA:229,2
DA:233,4
DA:235,2
DA:236,4
DA:237,3
DA:238,1
DA:240,2
DA:244,9
DA:245,9
DA:247,9
DA:249,8
DA:250,0
DA:251,0
DA:253,0
DA:254,0
DA:256,0
DA:257,0
DA:263,4
DA:265,1
DA:268,1
DA:273,1
DA:276,0
DA:282,0
DA:285,0
DA:291,0
DA:294,0
DA:300,0
DA:303,0
DA:308,0
DA:311,0
DA:317,0
DA:320,0
DA:325,0
DA:328,0
DA:329,0
DA:336,1
DA:337,0
DA:339,1
LF:121
LH:100
BRDA:38,0,0,1
BRDA:38,0,1,0
BRDA:49,1,0,1
BRDA:49,1,1,1
BRDA:49,2,0,1
BRDA:75,3,0,1
BRDA:67,4,0,0
BRDA:93,5,0,1
BRDA:93,5,1,1
BRDA:131,6,0,1
BRDA:131,7,0,3
BRDA:131,7,1,3
BRDA:131,7,2,3
BRDA:138,8,0,0
BRDA:142,9,0,0
BRDA:146,10,0,0
BRDA:195,11,0,1
BRDA:172,12,0,3
BRDA:172,13,0,8
BRDA:172,13,1,7
BRDA:172,13,2,7
BRDA:172,13,3,3
BRDA:184,14,0,3
BRDA:184,15,0,5
BRDA:184,15,1,2
BRDA:189,16,0,1
BRDA:189,17,0,3
BRDA:189,17,1,2
BRDA:211,18,0,1
BRDA:211,18,1,1
BRDA:216,19,0,1
BRDA:235,20,0,2
BRDA:235,20,1,1
BRDA:237,21,0,1
BRDA:245,22,0,9
BRDA:247,23,0,8
BRDA:247,24,0,9
BRDA:247,24,1,5
BRDA:249,25,0,0
BRDA:249,26,0,8
BRDA:249,26,1,8
BRDA:250,27,0,0
BRDA:253,28,0,0
BRDA:256,29,0,0
BRDA:256,30,0,0
BRDA:256,30,1,0
BRDA:265,31,0,1
BRDA:265,31,1,0
BRDA:265,31,2,0
BRDA:265,31,3,0
BRDA:265,31,4,0
BRDA:265,31,5,0
BRDA:265,31,6,0
BRDA:265,31,7,0
BRDA:336,32,0,0
BRF:55
BRH:36
end_of_record
TN:
SF:src/core/nodes.ts
FN:17,(anonymous_13)
FN:17,(anonymous_14)
FN:39,(anonymous_16)
FN:39,(anonymous_17)
FN:61,(anonymous_19)
FN:61,(anonymous_20)
FN:66,(anonymous_22)
FN:66,(anonymous_23)
FN:71,(anonymous_25)
FN:71,(anonymous_26)
FNF:10
FNH:8
FNDA:2,(anonymous_13)
FNDA:2,(anonymous_14)
FNDA:4,(anonymous_16)
FNDA:4,(anonymous_17)
FNDA:2,(anonymous_19)
FNDA:2,(anonymous_20)
FNDA:2,(anonymous_22)
FNDA:2,(anonymous_23)
FNDA:0,(anonymous_25)
FNDA:0,(anonymous_26)
DA:6,2
DA:7,2
DA:8,2
DA:10,2
DA:11,2
DA:12,2
DA:13,2
DA:14,2
DA:17,2
DA:19,2
DA:21,2
DA:23,2
DA:25,2
DA:27,2
DA:30,1
DA:32,1
DA:33,1
DA:34,1
DA:39,4
DA:42,4
DA:43,8
DA:50,1
DA:51,1
DA:52,1
DA:61,2
DA:64,2
DA:66,2
DA:67,4
DA:70,2
DA:71,0
DA:72,0
DA:76,4
DA:77,0
DA:78,0
DA:80,0
DA:81,0
DA:83,0
DA:84,0
DA:88,4
DA:90,4
DA:94,2
DA:96,1
DA:97,1
DA:98,1
LF:44
LH:36
BRDA:67,0,0,2
BRDA:70,1,0,0
BRDA:72,2,0,0
BRDA:76,3,0,2
BRDA:77,4,0,0
BRDA:80,5,0,0
BRDA:83,6,0,0
BRF:7
BRH:2
end_of_record
TN:
SF:src/core/organisations.ts
FN:21,(anonymous_13)
FN:21,(anonymous_14)
FN:26,(anonymous_16)
FN:26,(anonymous_17)
FN:30,(anonymous_19)
FN:30,(anonymous_20)
FN:34,(anonymous_22)
FN:34,(anonymous_23)
FN:43,(anonymous_25)
FN:43,(anonymous_26)
FN:48,(anonymous_28)
FN:48,(anonymous_29)
FN:54,(anonymous_31)
FN:54,(anonymous_32)
FN:60,(anonymous_34)
FN:60,(anonymous_35)
FNF:16
FNH:16
FNDA:2,(anonymous_13)
FNDA:2,(anonymous_14)
FNDA:2,(anonymous_16)
FNDA:2,(anonymous_17)
FNDA:2,(anonymous_19)
FNDA:2,(anonymous_20)
FNDA:4,(anonymous_22)
FNDA:4,(anonymous_23)
FNDA:2,(anonymous_25)
FNDA:2,(anonymous_26)
FNDA:2,(anonymous_28)
FNDA:2,(anonymous_29)
FNDA:2,(anonymous_31)
FNDA:2,(anonymous_32)
FNDA:2,(anonymous_34)
FNDA:2,(anonymous_35)
DA:6,3
DA:7,3
DA:8,3
DA:9,3
DA:11,3
DA:13,3
DA:14,3
DA:21,3
DA:23,2
DA:26,4
DA:27,4
DA:30,4
DA:31,4
DA:34,4
DA:35,8
DA:36,8
DA:38,4
DA:40,8
DA:43,4
DA:44,4
DA:45,4
DA:48,4
DA:49,4
DA:50,4
DA:54,4
DA:55,4
DA:60,4
DA:61,2
DA:62,4
DA:63,4
DA:68,4
DA:70,1
DA:71,1
LF:33
LH:33
BRDA:27,0,0,2
BRDA:31,1,0,2
BRDA:35,2,0,4
BRDA:44,3,0,2
BRDA:49,4,0,2
BRDA:55,5,0,2
BRDA:61,6,0,2
BRF:7
BRH:7
end_of_record
TN:
SF:src/core/registrations.ts
FN:36,(anonymous_15)
FN:36,(anonymous_16)
FN:57,(anonymous_18)
FN:57,(anonymous_19)
FN:72,(anonymous_21)
FN:72,(anonymous_22)
FN:97,(anonymous_24)
FN:97,(anonymous_25)
FN:198,(anonymous_27)
FN:198,(anonymous_28)
FN:212,(anonymous_30)
FN:212,(anonymous_31)
FN:222,(anonymous_33)
FN:222,(anonymous_34)
FN:237,(anonymous_36)
FN:237,(anonymous_37)
FN:332,(anonymous_39)
FN:332,(anonymous_40)
FN:334,(anonymous_42)
FN:334,(anonymous_43)
FN:342,(anonymous_45)
FN:342,(anonymous_46)
FNF:22
FNH:20
FNDA:1,(anonymous_15)
FNDA:1,(anonymous_16)
FNDA:1,(anonymous_18)
FNDA:1,(anonymous_19)
FNDA:2,(anonymous_21)
FNDA:2,(anonymous_22)
FNDA:5,(anonymous_24)
FNDA:5,(anonymous_25)
FNDA:1,(anonymous_27)
FNDA:1,(anonymous_28)
FNDA:1,(anonymous_30)
FNDA:1,(anonymous_31)
FNDA:1,(anonymous_33)
FNDA:1,(anonymous_34)
FNDA:4,(anonymous_36)
FNDA:4,(anonymous_37)
FNDA:4,(anonymous_39)
FNDA:4,(anonymous_40)
FNDA:4,(anonymous_42)
FNDA:4,(anonymous_43)
FNDA:0,(anonymous_45)
FNDA:0,(anonymous_46)
DA:1,4
DA:2,4
DA:3,4
DA:4,4
DA:7,4
DA:9,4
DA:17,4
DA:18,4
DA:19,4
DA:21,4
DA:22,4
DA:23,4
DA:24,4
DA:25,4
DA:26,4
DA:27,4
DA:28,4
DA:29,4
DA:30,4
DA:36,4
DA:37,1
DA:39,1
DA:40,2
DA:47,1
DA:53,1
DA:55,1
DA:57,1
DA:58,2
DA:72,4
DA:73,2
DA:74,1
DA:76,1
DA:78,1
DA:79,2
DA:86,1
DA:92,1
DA:94,1
DA:97,5
DA:98,5
DA:99,5
DA:101,5
DA:103,10
DA:105,5
DA:106,1
DA:108,7
DA:109,1
DA:112,6
DA:114,5
DA:115,1
DA:117,2
DA:123,1
DA:124,1
DA:134,2
DA:142,2
DA:152,2
DA:154,2
DA:156,2
DA:158,2
DA:159,3
DA:160,1
DA:162,1
DA:163,1
DA:173,2
DA:175,2
DA:177,2
DA:179,2
DA:181,1
DA:183,2
DA:193,1
DA:198,4
DA:200,1
DA:202,2
DA:204,1
DA:205,1
DA:207,1
DA:209,2
DA:212,4
DA:214,1
DA:216,1
DA:217,1
DA:219,1
DA:222,4
DA:224,1
DA:226,2
DA:228,2
DA:229,1
DA:231,1
DA:234,2
DA:237,4
DA:239,4
DA:241,4
DA:242,1
DA:245,6
DA:247,5
DA:248,1
DA:250,2
DA:256,1
DA:257,1
DA:267,2
DA:275,2
DA:285,2
DA:287,2
DA:289,2
DA:291,2
DA:292,3
DA:293,1
DA:295,1
DA:296,1
DA:306,2
DA:308,2
DA:310,2
DA:312,2
DA:314,1
DA:316,2
DA:326,1
DA:332,4
DA:333,4
DA:334,4
DA:335,4
DA:342,4
DA:343,0
DA:344,0
LF:122
LH:120
BRDA:58,0,0,1
BRDA:73,1,0,1
BRDA:73,2,0,2
BRDA:73,2,1,2
BRDA:76,3,0,0
BRDA:76,3,1,1
BRDA:83,4,0,1
BRDA:83,4,1,0
BRDA:98,5,0,5
BRDA:98,5,1,1
BRDA:105,6,0,1
BRDA:108,7,0,3
BRDA:114,8,0,2
BRDA:159,9,0,1
BRDA:200,10,0,1
BRDA:207,11,0,1
BRDA:207,11,1,0
BRDA:207,12,0,1
BRDA:207,12,1,1
BRDA:214,13,0,1
BRDA:219,14,0,1
BRDA:219,14,1,0
BRDA:219,15,0,1
BRDA:219,15,1,1
BRDA:224,16,0,1
BRDA:239,17,0,4
BRDA:239,17,1,1
BRDA:241,18,0,1
BRDA:247,19,0,2
BRDA:292,20,0,1
BRDA:333,21,0,4
BRDA:335,22,0,4
BRDA:343,23,0,0
BRF:33
BRH:28
end_of_record
TN:
SF:src/core/sessions.ts
FN:20,(anonymous_13)
FN:20,(anonymous_14)
FN:28,(anonymous_16)
FN:28,(anonymous_17)
FN:31,(anonymous_19)
FN:31,(anonymous_20)
FN:41,(anonymous_22)
FN:41,(anonymous_23)
FN:47,(anonymous_25)
FN:47,(anonymous_26)
FNF:10
FNH:0
FNDA:0,(anonymous_13)
FNDA:0,(anonymous_14)
FNDA:0,(anonymous_16)
FNDA:0,(anonymous_17)
FNDA:0,(anonymous_19)
FNDA:0,(anonymous_20)
FNDA:0,(anonymous_22)
FNDA:0,(anonymous_23)
FNDA:0,(anonymous_25)
FNDA:0,(anonymous_26)
DA:2,9
DA:3,9
DA:4,9
DA:7,9
DA:14,9
DA:15,9
DA:16,9
DA:20,9
DA:21,0
DA:22,0
DA:24,0
DA:28,9
DA:29,0
DA:30,0
DA:31,0
DA:32,0
DA:35,0
DA:37,0
DA:41,9
DA:42,0
DA:43,0
DA:47,9
DA:48,0
DA:49,0
LF:24
LH:11
BRDA:21,0,0,0
BRDA:21,0,1,0
BRDA:37,1,0,0
BRDA:29,2,0,0
BRDA:42,3,0,0
BRDA:48,4,0,0
BRF:6
BRH:0
end_of_record
TN:
SF:src/core/statistics.ts
FN:12,(anonymous_13)
FN:31,(anonymous_16)
FN:34,(anonymous_19)
FN:34,(anonymous_20)
FNF:4
FNH:4
FNDA:2,(anonymous_13)
FNDA:2,(anonymous_16)
FNDA:1,(anonymous_19)
FNDA:1,(anonymous_20)
DA:1,4
DA:2,4
DA:3,4
DA:4,4
DA:5,4
DA:6,4
DA:8,4
DA:9,4
DA:10,4
DA:12,5
DA:13,1
DA:14,1
DA:15,1
DA:16,1
DA:17,1
DA:18,1
DA:19,1
DA:26,1
DA:27,2
DA:28,2
DA:29,2
DA:31,5
DA:32,1
DA:34,4
DA:35,1
LF:25
LH:25
BRF:0
BRH:0
end_of_record
TN:
SF:src/core/users.ts
FN:17,(anonymous_0)
FN:58,(anonymous_1)
FN:59,(anonymous_2)
FN:60,(anonymous_3)
FN:66,(anonymous_4)
FNF:5
FNH:5
FNDA:4,(anonymous_0)
FNDA:2,(anonymous_1)
FNDA:2,(anonymous_2)
FNDA:1,(anonymous_3)
FNDA:1,(anonymous_4)
DA:6,4
DA:7,4
DA:9,4
DA:10,4
DA:17,4
DA:19,4
DA:20,1
DA:21,1
DA:24,3
DA:25,1
DA:26,1
DA:30,2
DA:33,2
DA:34,1
DA:35,1
DA:39,1
DA:40,1
DA:41,1
DA:43,0
DA:44,0
DA:45,0
DA:47,0
DA:48,0
DA:49,0
DA:58,4
DA:59,2
DA:60,2
DA:61,2
DA:66,4
DA:67,1
LF:30
LH:24
BRDA:19,0,0,1
BRDA:24,1,0,1
BRDA:33,2,0,1
BRDA:33,3,0,2
BRDA:33,3,1,2
BRDA:39,4,0,1
BRDA:39,5,0,1
BRDA:39,5,1,1
BRDA:43,6,0,0
BRDA:43,7,0,0
BRDA:43,7,1,0
BRDA:47,8,0,0
BRDA:47,9,0,0
BRDA:47,9,1,0
BRDA:67,10,0,1
BRDA:67,10,1,0
BRF:16
BRH:9
end_of_record
TN:
SF:src/microservices/commServer.ts
FN:45,(anonymous_16)
FN:63,(anonymous_19)
FN:63,(anonymous_20)
FN:74,(anonymous_22)
FN:74,(anonymous_23)
FN:77,(anonymous_25)
FN:80,(anonymous_28)
FN:80,(anonymous_29)
FN:84,(anonymous_31)
FN:84,(anonymous_32)
FN:87,(anonymous_34)
FN:87,(anonymous_35)
FN:90,(anonymous_37)
FN:90,(anonymous_38)
FN:93,(anonymous_40)
FN:93,(anonymous_41)
FN:96,(anonymous_43)
FN:96,(anonymous_44)
FN:99,(anonymous_46)
FN:99,(anonymous_47)
FN:102,(anonymous_49)
FN:102,(anonymous_50)
FN:105,(anonymous_52)
FN:105,(anonymous_53)
FN:108,(anonymous_55)
FN:108,(anonymous_56)
FN:111,(anonymous_58)
FN:111,(anonymous_59)
FN:114,(anonymous_61)
FN:114,(anonymous_62)
FN:117,(anonymous_64)
FN:117,(anonymous_65)
FN:120,(anonymous_67)
FN:120,(anonymous_68)
FN:134,(anonymous_70)
FN:134,(anonymous_71)
FNF:36
FNH:8
FNDA:0,(anonymous_16)
FNDA:0,(anonymous_19)
FNDA:0,(anonymous_20)
FNDA:0,(anonymous_22)
FNDA:0,(anonymous_23)
FNDA:0,(anonymous_25)
FNDA:0,(anonymous_28)
FNDA:0,(anonymous_29)
FNDA:0,(anonymous_31)
FNDA:0,(anonymous_32)
FNDA:1,(anonymous_34)
FNDA:1,(anonymous_35)
FNDA:1,(anonymous_37)
FNDA:1,(anonymous_38)
FNDA:0,(anonymous_40)
FNDA:0,(anonymous_41)
FNDA:0,(anonymous_43)
FNDA:0,(anonymous_44)
FNDA:0,(anonymous_46)
FNDA:0,(anonymous_47)
FNDA:1,(anonymous_49)
FNDA:1,(anonymous_50)
FNDA:0,(anonymous_52)
FNDA:0,(anonymous_53)
FNDA:0,(anonymous_55)
FNDA:0,(anonymous_56)
FNDA:0,(anonymous_58)
FNDA:0,(anonymous_59)
FNDA:0,(anonymous_61)
FNDA:0,(anonymous_62)
FNDA:0,(anonymous_64)
FNDA:0,(anonymous_65)
FNDA:0,(anonymous_67)
FNDA:0,(anonymous_68)
FNDA:3,(anonymous_70)
FNDA:3,(anonymous_71)
DA:1,7
DA:4,7
DA:6,7
DA:7,7
DA:11,7
DA:13,7
DA:23,7
DA:31,7
DA:38,7
DA:39,7
DA:40,7
DA:44,7
DA:45,0
DA:46,0
DA:47,0
DA:51,0
DA:52,0
DA:54,0
DA:55,0
DA:56,0
DA:57,0
DA:60,0
DA:61,0
DA:63,0
DA:64,0
DA:65,0
DA:66,0
DA:67,0
DA:68,0
DA:69,0
DA:71,0
DA:74,0
DA:75,0
DA:77,0
DA:78,0
DA:80,0
DA:81,0
DA:82,0
DA:84,0
DA:85,0
DA:87,1
DA:88,1
DA:90,1
DA:91,1
DA:93,0
DA:94,0
DA:96,0
DA:97,0
DA:99,0
DA:100,0
DA:102,1
DA:103,1
DA:105,0
DA:106,0
DA:108,0
DA:109,0
DA:111,0
DA:112,0
DA:114,0
DA:115,0
DA:117,0
DA:118,0
DA:120,0
DA:121,0
DA:122,0
DA:123,0
DA:124,0
DA:126,0
DA:127,0
DA:134,7
DA:135,3
DA:136,3
LF:72
LH:21
BRDA:60,0,0,0
BRDA:46,1,0,0
BRDA:71,2,0,0
BRDA:66,3,0,0
BRDA:81,4,0,0
BRDA:81,4,1,0
BRDA:121,5,0,0
BRDA:122,6,0,0
BRDA:135,7,0,3
BRF:9
BRH:1
end_of_record
TN:
SF:src/microservices/redisConnector.ts
FN:17,(anonymous_16)
FN:20,RedisFactory
FN:40,(anonymous_18)
FN:56,(anonymous_21)
FN:69,(anonymous_24)
FN:84,(anonymous_27)
FN:84,(anonymous_28)
FN:95,(anonymous_30)
FN:95,(anonymous_31)
FN:106,(anonymous_33)
FN:117,(anonymous_34)
FN:117,(anonymous_35)
FN:130,(anonymous_37)
FN:139,(anonymous_38)
FNF:14
FNH:3
FNDA:15,(anonymous_16)
FNDA:16,RedisFactory
FNDA:32,(anonymous_18)
FNDA:0,(anonymous_21)
FNDA:0,(anonymous_24)
FNDA:0,(anonymous_27)
FNDA:0,(anonymous_28)
FNDA:0,(anonymous_30)
FNDA:0,(anonymous_31)
FNDA:0,(anonymous_33)
FNDA:0,(anonymous_34)
FNDA:0,(anonymous_35)
FNDA:0,(anonymous_37)
FNDA:0,(anonymous_38)
DA:6,15
DA:7,15
DA:8,15
DA:9,15
DA:10,15
DA:11,15
DA:17,15
DA:20,16
DA:21,16
DA:22,0
DA:32,16
DA:40,16
DA:42,17
DA:44,1
DA:45,1
DA:46,1
DA:56,16
DA:57,0
DA:58,0
DA:69,16
DA:70,0
DA:84,16
DA:85,0
DA:95,16
DA:96,0
DA:106,16
DA:107,0
DA:117,16
DA:118,0
DA:119,0
DA:120,0
DA:130,16
DA:131,0
DA:132,0
DA:139,16
DA:140,0
DA:146,15
LF:37
LH:24
BRDA:57,0,0,0
BRDA:70,1,0,0
BRDA:85,2,0,0
BRDA:96,3,0,0
BRDA:118,4,0,0
BRDA:21,5,0,0
BRDA:21,5,1,16
BRF:7
BRH:1
end_of_record
TN:
SF:src/microservices/slackBot.ts
FN:24,(anonymous_14)
FN:24,(anonymous_15)
FN:37,(anonymous_17)
FN:37,(anonymous_18)
FNF:4
FNH:4
FNDA:2,(anonymous_14)
FNDA:2,(anonymous_15)
FNDA:2,(anonymous_17)
FNDA:2,(anonymous_18)
DA:1,4
DA:3,4
DA:4,4
DA:5,4
DA:9,4
DA:19,4
DA:23,4
DA:24,2
DA:26,2
DA:27,4
DA:29,0
DA:30,0
DA:37,4
DA:38,2
LF:14
LH:12
BRF:0
BRH:0
end_of_record
TN:
SF:src/microservices/xmppClient.ts
FN:31,(anonymous_14)
FN:31,(anonymous_15)
FN:50,(anonymous_17)
FN:50,(anonymous_18)
FN:69,(anonymous_20)
FN:69,(anonymous_21)
FN:86,(anonymous_23)
FN:86,(anonymous_24)
FN:103,(anonymous_26)
FN:103,(anonymous_27)
FN:120,(anonymous_29)
FN:120,(anonymous_30)
FN:141,(anonymous_32)
FN:154,(anonymous_33)
FN:154,(anonymous_34)
FNF:15
FNH:0
FNDA:0,(anonymous_14)
FNDA:0,(anonymous_15)
FNDA:0,(anonymous_17)
FNDA:0,(anonymous_18)
FNDA:0,(anonymous_20)
FNDA:0,(anonymous_21)
FNDA:0,(anonymous_23)
FNDA:0,(anonymous_24)
FNDA:0,(anonymous_26)
FNDA:0,(anonymous_27)
FNDA:0,(anonymous_29)
FNDA:0,(anonymous_30)
FNDA:0,(anonymous_32)
FNDA:0,(anonymous_33)
FNDA:0,(anonymous_34)
DA:1,4
DA:2,4
DA:3,4
DA:4,4
DA:5,4
DA:6,4
DA:10,4
DA:12,4
DA:22,4
DA:30,4
DA:31,0
DA:32,0
DA:34,0
DA:35,0
DA:37,0
DA:38,0
DA:42,0
DA:43,0
DA:45,0
DA:46,0
DA:50,0
DA:51,0
DA:53,0
DA:54,0
DA:56,0
DA:57,0
DA:61,0
DA:62,0
DA:64,0
DA:65,0
DA:69,0
DA:71,0
DA:72,0
DA:74,0
DA:75,0
DA:79,0
DA:80,0
DA:82,0
DA:83,0
DA:86,0
DA:88,0
DA:89,0
DA:91,0
DA:92,0
DA:96,0
DA:97,0
DA:99,0
DA:100,0
DA:103,0
DA:105,0
DA:106,0
DA:108,0
DA:109,0
DA:113,0
DA:114,0
DA:116,0
DA:117,0
DA:120,0
DA:122,0
DA:123,0
DA:125,0
DA:126,0
DA:130,0
DA:131,0
DA:133,0
DA:134,0
DA:141,4
DA:142,0
DA:154,4
DA:155,0
DA:156,0
LF:71
LH:12
BRDA:42,0,0,0
BRDA:32,1,0,0
BRDA:61,2,0,0
BRDA:51,3,0,0
BRDA:79,4,0,0
BRDA:96,5,0,0
BRDA:113,6,0,0
BRDA:130,7,0,0
BRDA:155,8,0,0
BRF:9
BRH:0
end_of_record
TN:
SF:src/persistance/account/methods.ts
FN:5,updatePasswordHash
FN:11,updateTempSecret
FN:19,updateRoles
FNF:3
FNH:0
FNDA:0,updatePasswordHash
FNDA:0,updateTempSecret
FNDA:0,updateRoles
DA:1,7
DA:5,7
DA:6,0
DA:7,0
DA:8,0
DA:11,7
DA:12,0
DA:13,0
DA:14,0
DA:15,0
DA:16,0
DA:19,7
DA:20,0
DA:21,0
DA:22,0
LF:15
LH:4
BRF:0
BRH:0
end_of_record
TN:
SF:src/persistance/account/model.ts
FNF:0
FNH:0
DA:1,7
DA:2,7
DA:5,7
LF:3
LH:3
BRF:0
BRH:0
end_of_record
TN:
SF:src/persistance/account/schema.ts
FNF:0
FNH:0
DA:1,7
DA:2,7
DA:3,7
DA:4,7
DA:5,7
DA:8,7
DA:10,7
DA:12,7
DA:28,7
DA:29,7
DA:30,7
DA:31,7
DA:32,7
DA:33,7
DA:34,7
DA:35,7
DA:37,7
DA:38,7
DA:39,7
DA:42,7
LF:20
LH:20
BRF:0
BRH:0
end_of_record
TN:
SF:src/persistance/account/statics.ts
FN:5,getAccount
FN:17,getHash
FN:28,getDoc
FN:39,getDocByUid
FN:50,createAccount
FN:59,verifyAccount
FN:65,isVerified
FN:76,deleteAccount
FNF:8
FNH:0
FNDA:0,getAccount
FNDA:0,getHash
FNDA:0,getDoc
FNDA:0,getDocByUid
FNDA:0,createAccount
FNDA:0,verifyAccount
FNDA:0,isVerified
FNDA:0,deleteAccount
DA:2,7
DA:3,7
DA:5,7
DA:8,0
DA:9,0
DA:10,0
DA:12,0
DA:17,7
DA:20,0
DA:21,0
DA:22,0
DA:24,0
DA:28,7
DA:31,0
DA:32,0
DA:33,0
DA:35,0
DA:39,7
DA:42,0
DA:43,0
DA:44,0
DA:46,0
DA:50,7
DA:53,0
DA:59,7
DA:62,0
DA:65,7
DA:68,0
DA:69,0
DA:70,0
DA:72,0
DA:76,7
DA:79,0
LF:33
LH:10
BRDA:8,0,0,0
BRDA:9,1,0,0
BRDA:9,1,1,0
BRDA:20,2,0,0
BRDA:21,3,0,0
BRDA:21,3,1,0
BRDA:31,4,0,0
BRDA:32,5,0,0
BRDA:32,5,1,0
BRDA:42,6,0,0
BRDA:43,7,0,0
BRDA:43,7,1,0
BRDA:62,8,0,0
BRDA:68,9,0,0
BRDA:69,10,0,0
BRDA:69,10,1,0
BRDA:69,11,0,0
BRDA:69,11,1,0
BRDA:79,12,0,0
BRF:19
BRH:0
end_of_record
TN:
SF:src/persistance/audit/model.ts
FNF:0
FNH:0
DA:1,6
DA:2,6
DA:5,6
LF:3
LH:3
BRF:0
BRH:0
end_of_record
TN:
SF:src/persistance/audit/schema.ts
FNF:0
FNH:0
DA:1,6
DA:3,6
DA:4,6
DA:5,6
DA:7,6
DA:9,6
DA:10,6
DA:11,6
DA:13,6
DA:18,6
DA:25,6
DA:39,6
DA:40,6
DA:41,6
DA:44,6
LF:15
LH:15
BRF:0
BRH:0
end_of_record
TN:
SF:src/persistance/audit/statics.ts
FN:8,getAudits
FN:29,getDoc
FN:41,createAudit
FN:53,(anonymous_24)
FNF:4
FNH:0
FNDA:0,getAudits
FNDA:0,getDoc
FNDA:0,createAudit
FNDA:0,(anonymous_24)
DA:1,6
DA:3,6
DA:4,6
DA:5,6
DA:6,6
DA:8,6
DA:9,0
DA:11,0
DA:12,0
DA:13,0
DA:14,0
DA:15,0
DA:21,0
DA:22,0
DA:24,0
DA:25,0
DA:29,6
DA:32,0
DA:33,0
DA:34,0
DA:36,0
DA:37,0
DA:41,6
DA:44,0
DA:49,0
DA:53,6
DA:56,0
DA:57,0
DA:60,0
DA:61,0
DA:63,0
DA:64,0
DA:66,0
DA:67,0
DA:69,0
DA:70,0
DA:72,0
DA:73,0
DA:75,0
DA:76,0
DA:80,0
DA:81,0
DA:84,0
DA:85,0
DA:87,0
DA:88,0
DA:90,0
DA:91,0
DA:94,0
DA:95,0
DA:97,0
DA:98,0
DA:100,0
DA:101,0
DA:103,0
DA:104,0
DA:107,0
DA:108,0
DA:110,0
DA:111,0
DA:113,0
DA:114,0
DA:117,0
DA:118,0
DA:120,0
DA:121,0
DA:123,0
DA:124,0
DA:126,0
DA:127,0
DA:129,0
DA:130,0
DA:132,0
DA:133,0
DA:135,0
DA:136,0
DA:138,0
DA:139,0
DA:141,0
DA:142,0
DA:144,0
DA:145,0
DA:147,0
DA:148,0
DA:150,0
LF:85
LH:9
BRDA:9,0,0,0
BRDA:21,1,0,0
BRDA:21,1,1,0
BRDA:32,2,0,0
BRDA:33,3,0,0
BRDA:33,3,1,0
BRDA:57,4,0,0
BRDA:57,4,1,0
BRDA:57,4,2,0
BRDA:57,4,3,0
BRDA:57,4,4,0
BRDA:57,4,5,0
BRDA:57,4,6,0
BRDA:57,4,7,0
BRDA:57,4,8,0
BRDA:57,4,9,0
BRDA:57,4,10,0
BRDA:57,4,11,0
BRDA:57,4,12,0
BRDA:57,4,13,0
BRDA:57,4,14,0
BRDA:57,4,15,0
BRDA:57,4,16,0
BRDA:57,4,17,0
BRDA:57,4,18,0
BRDA:57,4,19,0
BRDA:57,4,20,0
BRDA:57,4,21,0
BRDA:57,4,22,0
BRDA:57,4,23,0
BRDA:57,4,24,0
BRDA:57,4,25,0
BRDA:57,4,26,0
BRDA:57,4,27,0
BRDA:80,5,0,0
BRDA:80,5,1,0
BRDA:80,6,0,0
BRDA:80,6,1,0
BRDA:84,7,0,0
BRDA:84,7,1,0
BRDA:84,8,0,0
BRDA:84,8,1,0
BRDA:117,9,0,0
BRDA:117,9,1,0
BRDA:117,10,0,0
BRDA:117,10,1,0
BRDA:120,11,0,0
BRDA:120,11,1,0
BRDA:120,12,0,0
BRDA:120,12,1,0
BRDA:123,13,0,0
BRDA:123,13,1,0
BRDA:123,14,0,0
BRDA:123,14,1,0
BRDA:126,15,0,0
BRDA:126,15,1,0
BRDA:126,16,0,0
BRDA:126,16,1,0
BRDA:129,17,0,0
BRDA:129,17,1,0
BRDA:129,18,0,0
BRDA:129,18,1,0
BRDA:132,19,0,0
BRDA:132,19,1,0
BRDA:132,20,0,0
BRDA:132,20,1,0
BRDA:135,21,0,0
BRDA:135,21,1,0
BRDA:135,22,0,0
BRDA:135,22,1,0
BRDA:138,23,0,0
BRDA:138,23,1,0
BRDA:138,24,0,0
BRDA:138,24,1,0
BRDA:138,25,0,0
BRDA:138,25,1,0
BRDA:138,26,0,0
BRDA:138,26,1,0
BRF:78
BRH:0
end_of_record
TN:
SF:src/persistance/community/model.ts
FNF:0
FNH:0
DA:1,3
DA:2,3
DA:5,3
LF:3
LH:3
BRF:0
BRH:0
end_of_record
TN:
SF:src/persistance/community/schema.ts
FNF:0
FNH:0
DA:1,3
DA:2,3
DA:3,3
DA:4,3
DA:6,3
DA:8,3
DA:9,3
DA:11,3
DA:17,3
DA:29,3
DA:30,3
DA:31,3
DA:32,3
DA:33,3
DA:34,3
DA:35,3
DA:36,3
DA:37,3
DA:38,3
DA:39,3
DA:40,3
DA:41,3
DA:45,3
LF:23
LH:23
BRF:0
BRH:0
end_of_record
TN:
SF:src/persistance/community/statics.ts
FN:7,getCommunity
FN:20,getCommunityUI
FN:47,getAllCommunitiesUI
FN:56,(anonymous_24)
FN:165,createCommunity
FN:175,removeCommunity
FN:186,addNodeToCommunity
FN:204,removeNodeFromCommunity
FN:222,addOrganisationToCommunity
FN:243,removeOrgsWithoutNodes
FN:264,getPartnershipByCids
FN:286,getOrganisationsInCommunity
FN:317,search
FN:378,getCommunitiesByAgid
FNF:14
FNH:0
FNDA:0,getCommunity
FNDA:0,getCommunityUI
FNDA:0,getAllCommunitiesUI
FNDA:0,(anonymous_24)
FNDA:0,createCommunity
FNDA:0,removeCommunity
FNDA:0,addNodeToCommunity
FNDA:0,removeNodeFromCommunity
FNDA:0,addOrganisationToCommunity
FNDA:0,removeOrgsWithoutNodes
FNDA:0,getPartnershipByCids
FNDA:0,getOrganisationsInCommunity
FNDA:0,search
FNDA:0,getCommunitiesByAgid
DA:1,3
DA:2,3
DA:3,3
DA:4,3
DA:7,3
DA:10,0
DA:13,0
DA:14,0
DA:16,0
DA:20,3
DA:23,0
DA:40,0
DA:41,0
DA:43,0
DA:47,3
DA:51,0
DA:53,0
DA:54,0
DA:56,0
DA:57,0
DA:60,0
DA:65,0
DA:66,0
DA:68,0
DA:158,0
DA:159,0
DA:161,0
DA:165,3
DA:168,0
DA:172,0
DA:175,3
DA:178,0
DA:181,0
DA:182,0
DA:186,3
DA:189,0
DA:199,0
DA:200,0
DA:204,3
DA:207,0
DA:217,0
DA:218,0
DA:222,3
DA:225,0
DA:238,0
DA:239,0
DA:243,3
DA:246,0
DA:259,0
DA:260,0
DA:264,3
DA:267,0
DA:279,0
DA:280,0
DA:282,0
DA:286,3
DA:289,0
DA:310,0
DA:311,0
DA:313,0
DA:317,3
DA:319,0
DA:371,0
DA:372,0
DA:374,0
DA:378,3
DA:381,0
DA:396,0
DA:397,0
DA:399,0
LF:70
LH:17
BRDA:10,0,0,0
BRDA:13,1,0,0
BRDA:13,1,1,0
BRDA:23,2,0,0
BRDA:40,3,0,0
BRDA:40,3,1,0
BRDA:40,4,0,0
BRDA:40,4,1,0
BRDA:51,5,0,0
BRDA:51,5,1,0
BRDA:53,6,0,0
BRDA:53,6,1,0
BRDA:54,7,0,0
BRDA:54,7,1,0
BRDA:57,8,0,0
BRDA:57,8,1,0
BRDA:65,9,0,0
BRDA:158,10,0,0
BRDA:158,10,1,0
BRDA:178,11,0,0
BRDA:181,12,0,0
BRDA:189,13,0,0
BRDA:199,14,0,0
BRDA:207,15,0,0
BRDA:217,16,0,0
BRDA:225,17,0,0
BRDA:238,18,0,0
BRDA:246,19,0,0
BRDA:259,20,0,0
BRDA:267,21,0,0
BRDA:279,22,0,0
BRDA:279,22,1,0
BRDA:279,23,0,0
BRDA:279,23,1,0
BRDA:289,24,0,0
BRDA:310,25,0,0
BRDA:310,25,1,0
BRDA:310,26,0,0
BRDA:310,26,1,0
BRDA:310,26,2,0
BRDA:319,27,0,0
BRDA:371,28,0,0
BRDA:371,28,1,0
BRDA:381,29,0,0
BRDA:396,30,0,0
BRDA:396,30,1,0
BRF:46
BRH:0
end_of_record
TN:
SF:src/persistance/community/types.ts
FN:5,(anonymous_0)
FNF:1
FNH:1
FNDA:5,(anonymous_0)
DA:5,5
DA:6,5
DA:7,5
LF:3
LH:3
BRDA:5,0,0,5
BRDA:5,0,1,5
BRF:2
BRH:2
end_of_record
TN:
SF:src/persistance/contract/methods.ts
FN:3,updateContract
FN:8,removeContract
FN:18,updateStatus
FNF:3
FNH:0
FNDA:0,updateContract
FNDA:0,removeContract
FNDA:0,updateStatus
DA:1,6
DA:3,6
DA:4,0
DA:5,0
DA:8,6
DA:9,0
DA:10,0
DA:11,0
DA:12,0
DA:13,0
DA:14,0
DA:15,0
DA:18,6
DA:19,0
DA:20,0
DA:22,0
DA:24,0
LF:17
LH:4
BRDA:4,0,0,0
BRDA:4,0,1,0
BRDA:19,1,0,0
BRDA:19,1,1,0
BRDA:20,2,0,0
BRDA:20,2,1,0
BRF:6
BRH:0
end_of_record
TN:
SF:src/persistance/contract/model.ts
FNF:0
FNH:0
DA:1,6
DA:2,6
DA:5,6
LF:3
LH:3
BRF:0
BRH:0
end_of_record
TN:
SF:src/persistance/contract/schema.ts
FNF:0
FNH:0
DA:1,6
DA:2,6
DA:26,6
DA:27,6
DA:28,6
DA:30,6
DA:32,6
DA:33,6
DA:34,6
DA:36,6
DA:47,6
DA:62,6
DA:63,6
DA:64,6
DA:65,6
DA:66,6
DA:67,6
DA:68,6
DA:69,6
DA:70,6
DA:71,6
DA:72,6
DA:73,6
DA:74,6
DA:75,6
DA:76,6
DA:77,6
DA:78,6
DA:79,6
DA:80,6
DA:82,6
DA:83,6
DA:87,6
DA:88,6
DA:89,6
DA:92,6
LF:36
LH:36
BRF:0
BRH:0
end_of_record
TN:
SF:src/persistance/contract/statics.ts
FN:20,getContract
FN:35,getContractItems
FN:58,getContractItemsGtw
FN:118,getContractUI
FN:173,getContractItemsUI
FN:246,getDoc
FN:261,getAllContracts
FN:309,createContract
FN:319,getOrgItemsInContract
FN:362,removeOrganisationFromContract
FN:372,removePendingOrganisationFromContract
FN:381,orgAcceptsContract
FN:390,removeOrgItemsFromContract
FN:399,getItem
FN:436,addItem
FN:446,editItem
FN:462,removeItems
FN:473,removeItemFromAllContracts
FN:484,getCommonPrivateContracts
FN:549,getItemsInContractByAgid
FN:622,count
FNF:21
FNH:0
FNDA:0,getContract
FNDA:0,getContractItems
FNDA:0,getContractItemsGtw
FNDA:0,getContractUI
FNDA:0,getContractItemsUI
FNDA:0,getDoc
FNDA:0,getAllContracts
FNDA:0,createContract
FNDA:0,getOrgItemsInContract
FNDA:0,removeOrganisationFromContract
FNDA:0,removePendingOrganisationFromContract
FNDA:0,orgAcceptsContract
FNDA:0,removeOrgItemsFromContract
FNDA:0,getItem
FNDA:0,addItem
FNDA:0,editItem
FNDA:0,removeItems
FNDA:0,removeItemFromAllContracts
FNDA:0,getCommonPrivateContracts
FNDA:0,getItemsInContractByAgid
FNDA:0,count
DA:1,6
DA:2,6
DA:16,6
DA:17,6
DA:20,6
DA:23,0
DA:27,0
DA:28,0
DA:31,0
DA:35,6
DA:38,0
DA:50,0
DA:51,0
DA:54,0
DA:58,6
DA:61,0
DA:111,0
DA:112,0
DA:115,0
DA:118,6
DA:121,0
DA:165,0
DA:166,0
DA:169,0
DA:173,6
DA:176,0
DA:177,0
DA:238,0
DA:239,0
DA:242,0
DA:246,6
DA:249,0
DA:253,0
DA:254,0
DA:257,0
DA:261,6
DA:264,0
DA:265,0
DA:301,0
DA:302,0
DA:305,0
DA:309,6
DA:312,0
DA:316,0
DA:319,6
DA:322,0
DA:355,0
DA:356,0
DA:358,0
DA:362,6
DA:365,0
DA:367,0
DA:368,0
DA:372,6
DA:375,0
DA:377,0
DA:378,0
DA:381,6
DA:384,0
DA:385,0
DA:386,0
DA:390,6
DA:393,0
DA:394,0
DA:395,0
DA:399,6
DA:402,0
DA:430,0
DA:431,0
DA:433,0
DA:436,6
DA:439,0
DA:441,0
DA:442,0
DA:446,6
DA:449,0
DA:453,0
DA:457,0
DA:458,0
DA:462,6
DA:464,0
DA:468,0
DA:469,0
DA:473,6
DA:475,0
DA:479,0
DA:480,0
DA:484,6
DA:486,0
DA:487,0
DA:489,0
DA:543,0
DA:544,0
DA:546,0
DA:549,6
DA:552,0
DA:615,0
DA:616,0
DA:618,0
DA:622,6
DA:624,0
LF:101
LH:25
BRDA:23,0,0,0
BRDA:27,1,0,0
BRDA:27,1,1,0
BRDA:38,2,0,0
BRDA:50,3,0,0
BRDA:50,3,1,0
BRDA:61,4,0,0
BRDA:111,5,0,0
BRDA:111,5,1,0
BRDA:121,6,0,0
BRDA:165,7,0,0
BRDA:165,7,1,0
BRDA:176,8,0,0
BRDA:176,8,1,0
BRDA:238,9,0,0
BRDA:238,9,1,0
BRDA:249,10,0,0
BRDA:253,11,0,0
BRDA:253,11,1,0
BRDA:264,12,0,0
BRDA:264,12,1,0
BRDA:301,13,0,0
BRDA:301,13,1,0
BRDA:322,14,0,0
BRDA:355,15,0,0
BRDA:355,15,1,0
BRDA:355,16,0,0
BRDA:355,16,1,0
BRDA:365,17,0,0
BRDA:367,18,0,0
BRDA:375,19,0,0
BRDA:377,20,0,0
BRDA:384,21,0,0
BRDA:385,22,0,0
BRDA:393,23,0,0
BRDA:394,24,0,0
BRDA:402,25,0,0
BRDA:430,26,0,0
BRDA:439,27,0,0
BRDA:441,28,0,0
BRDA:450,29,0,0
BRDA:450,29,1,0
BRDA:451,30,0,0
BRDA:451,30,1,0
BRDA:457,31,0,0
BRDA:464,32,0,0
BRDA:468,33,0,0
BRDA:475,34,0,0
BRDA:479,35,0,0
BRDA:486,36,0,0
BRDA:543,37,0,0
BRDA:552,38,0,0
BRDA:615,39,0,0
BRDA:615,39,1,0
BRF:54
BRH:0
end_of_record
TN:
SF:src/persistance/contract/types.ts
FN:5,(anonymous_0)
FN:10,(anonymous_1)
FNF:2
FNH:2
FNDA:8,(anonymous_0)
FNDA:8,(anonymous_1)
DA:5,8
DA:6,8
DA:7,8
DA:10,8
DA:11,8
DA:12,8
DA:13,8
LF:7
LH:7
BRDA:5,0,0,8
BRDA:5,0,1,8
BRDA:10,1,0,8
BRDA:10,1,1,8
BRF:4
BRH:4
end_of_record
TN:
SF:src/persistance/invitation/model.ts
FNF:0
FNH:0
DA:1,4
DA:2,4
DA:5,4
LF:3
LH:3
BRF:0
BRH:0
end_of_record
TN:
SF:src/persistance/invitation/schema.ts
FNF:0
FNH:0
DA:1,4
DA:2,4
DA:3,4
DA:5,4
DA:7,4
DA:9,4
DA:27,4
DA:28,4
DA:29,4
DA:30,4
DA:31,4
DA:32,4
DA:35,4
LF:13
LH:13
BRF:0
BRH:0
end_of_record
TN:
SF:src/persistance/invitation/statics.ts
FN:4,getDoc
FN:15,getInvitation
FN:26,getAllInvitations
FN:37,setUsedInvitation
FN:43,setInvitationStatus
FN:49,createInvitation
FNF:6
FNH:0
FNDA:0,getDoc
FNDA:0,getInvitation
FNDA:0,getAllInvitations
FNDA:0,setUsedInvitation
FNDA:0,setInvitationStatus
FNDA:0,createInvitation
DA:1,4
DA:2,4
DA:4,4
DA:7,0
DA:8,0
DA:9,0
DA:11,0
DA:15,4
DA:18,0
DA:19,0
DA:20,0
DA:22,0
DA:26,4
DA:29,0
DA:30,0
DA:31,0
DA:33,0
DA:37,4
DA:40,0
DA:43,4
DA:46,0
DA:49,4
DA:52,0
DA:56,0
DA:57,0
DA:59,0
LF:26
LH:8
BRDA:7,0,0,0
BRDA:8,1,0,0
BRDA:8,1,1,0
BRDA:18,2,0,0
BRDA:19,3,0,0
BRDA:19,3,1,0
BRDA:29,4,0,0
BRDA:30,5,0,0
BRDA:30,5,1,0
BRDA:40,6,0,0
BRDA:46,7,0,0
BRDA:52,8,0,0
BRDA:56,9,0,0
BRDA:56,9,1,0
BRF:14
BRH:0
end_of_record
TN:
SF:src/persistance/invitation/types.ts
FN:4,(anonymous_0)
FN:9,(anonymous_1)
FNF:2
FNH:2
FNDA:7,(anonymous_0)
FNDA:7,(anonymous_1)
DA:4,7
DA:5,7
DA:6,7
DA:9,7
DA:10,7
DA:11,7
DA:12,7
LF:7
LH:7
BRDA:4,0,0,7
BRDA:4,0,1,7
BRDA:9,1,0,7
BRDA:9,1,1,7
BRF:4
BRH:4
end_of_record
TN:
SF:src/persistance/item/methods.ts
FN:3,updateItem
FN:16,removeItem
FNF:2
FNH:0
FNDA:0,updateItem
FNDA:0,removeItem
DA:1,6
DA:3,6
DA:4,0
DA:5,0
DA:6,0
DA:7,0
DA:8,0
DA:9,0
DA:10,0
DA:11,0
DA:12,0
DA:13,0
DA:16,6
DA:17,0
DA:18,0
DA:19,0
DA:20,0
DA:21,0
DA:22,0
LF:19
LH:3
BRDA:4,0,0,0
BRDA:4,0,1,0
BRDA:5,1,0,0
BRDA:5,1,1,0
BRDA:6,2,0,0
BRDA:6,2,1,0
BRDA:7,3,0,0
BRDA:7,3,1,0
BRDA:8,4,0,0
BRDA:8,4,1,0
BRDA:9,5,0,0
BRDA:9,5,1,0
BRDA:10,6,0,0
BRDA:10,6,1,0
BRF:14
BRH:0
end_of_record
TN:
SF:src/persistance/item/model.ts
FNF:0
FNH:0
DA:1,6
DA:2,6
DA:5,6
LF:3
LH:3
BRF:0
BRH:0
end_of_record
TN:
SF:src/persistance/item/schema.ts
FNF:0
FNH:0
DA:1,6
DA:2,6
DA:13,6
DA:14,6
DA:16,6
DA:18,6
DA:19,6
DA:20,6
DA:21,6
DA:23,6
DA:27,6
DA:51,6
DA:52,6
DA:53,6
DA:54,6
DA:55,6
DA:56,6
DA:57,6
DA:58,6
DA:59,6
DA:60,6
DA:61,6
DA:62,6
DA:63,6
DA:64,6
DA:65,6
DA:69,6
DA:70,6
DA:73,6
LF:29
LH:29
BRF:0
BRH:0
end_of_record
TN:
SF:src/persistance/item/statics.ts
FN:16,getItem
FN:31,getDoc
FN:46,getAllItems
FN:65,getByOwner
FN:83,getAllCompanyItemsContractView
FN:177,createItem
FN:186,addUserToItem
FN:192,removeUserFromItem
FN:198,addContractToItem
FN:207,removeContractFromItem
FN:216,removeContractFromCompanyItems
FN:225,getItemsPrivacy
FN:241,getAllCompanyItems
FN:256,count
FN:261,search
FNF:15
FNH:0
FNDA:0,getItem
FNDA:0,getDoc
FNDA:0,getAllItems
FNDA:0,getByOwner
FNDA:0,getAllCompanyItemsContractView
FNDA:0,createItem
FNDA:0,addUserToItem
FNDA:0,removeUserFromItem
FNDA:0,addContractToItem
FNDA:0,removeContractFromItem
FNDA:0,removeContractFromCompanyItems
FNDA:0,getItemsPrivacy
FNDA:0,getAllCompanyItems
FNDA:0,count
FNDA:0,search
DA:1,6
DA:12,6
DA:13,6
DA:16,6
DA:19,0
DA:23,0
DA:24,0
DA:27,0
DA:31,6
DA:34,0
DA:38,0
DA:39,0
DA:42,0
DA:46,6
DA:49,0
DA:57,0
DA:58,0
DA:61,0
DA:65,6
DA:68,0
DA:75,0
DA:76,0
DA:79,0
DA:83,6
DA:86,0
DA:169,0
DA:170,0
DA:173,0
DA:177,6
DA:180,0
DA:183,0
DA:186,6
DA:189,0
DA:192,6
DA:195,0
DA:198,6
DA:201,0
DA:202,0
DA:203,0
DA:207,6
DA:210,0
DA:211,0
DA:212,0
DA:216,6
DA:219,0
DA:220,0
DA:221,0
DA:225,6
DA:229,0
DA:234,0
DA:235,0
DA:237,0
DA:241,6
DA:245,0
DA:249,0
DA:250,0
DA:252,0
DA:256,6
DA:258,0
DA:261,6
DA:263,0
DA:297,0
DA:298,0
DA:300,0
LF:64
LH:18
BRDA:19,0,0,0
BRDA:23,1,0,0
BRDA:23,1,1,0
BRDA:34,2,0,0
BRDA:38,3,0,0
BRDA:38,3,1,0
BRDA:49,4,0,0
BRDA:57,5,0,0
BRDA:57,5,1,0
BRDA:68,6,0,0
BRDA:75,7,0,0
BRDA:75,7,1,0
BRDA:86,8,0,0
BRDA:169,9,0,0
BRDA:169,9,1,0
BRDA:189,10,0,0
BRDA:195,11,0,0
BRDA:201,12,0,0
BRDA:202,13,0,0
BRDA:210,14,0,0
BRDA:211,15,0,0
BRDA:219,16,0,0
BRDA:220,17,0,0
BRDA:229,18,0,0
BRDA:234,19,0,0
BRDA:234,19,1,0
BRDA:245,20,0,0
BRDA:249,21,0,0
BRDA:249,21,1,0
BRDA:263,22,0,0
BRDA:297,23,0,0
BRDA:297,23,1,0
BRF:32
BRH:0
end_of_record
TN:
SF:src/persistance/item/types.ts
FN:4,(anonymous_0)
FN:10,(anonymous_1)
FN:16,(anonymous_2)
FN:22,(anonymous_3)
FNF:4
FNH:4
FNDA:31,(anonymous_0)
FNDA:31,(anonymous_1)
FNDA:31,(anonymous_2)
FNDA:31,(anonymous_3)
DA:4,31
DA:5,31
DA:6,31
DA:7,31
DA:10,31
DA:11,31
DA:12,31
DA:13,31
DA:16,31
DA:17,31
DA:18,31
DA:19,31
DA:22,31
DA:23,31
DA:24,31
DA:25,31
DA:26,31
DA:27,31
DA:28,31
DA:29,31
DA:30,31
LF:21
LH:21
BRDA:4,0,0,31
BRDA:4,0,1,31
BRDA:10,1,0,31
BRDA:10,1,1,31
BRDA:16,2,0,31
BRDA:16,2,1,31
BRDA:22,3,0,31
BRDA:22,3,1,31
BRF:8
BRH:8
end_of_record
TN:
SF:src/persistance/node/methods.ts
FN:3,updateNode
FN:13,removeNode
FNF:2
FNH:0
FNDA:0,updateNode
FNDA:0,removeNode
DA:1,6
DA:3,6
DA:4,0
DA:5,0
DA:6,0
DA:7,0
DA:8,0
DA:9,0
DA:10,0
DA:13,6
DA:19,0
DA:20,0
DA:21,0
DA:22,0
DA:23,0
DA:24,0
DA:25,0
DA:27,0
LF:18
LH:3
BRDA:4,0,0,0
BRDA:4,0,1,0
BRDA:5,1,0,0
BRDA:5,1,1,0
BRDA:6,2,0,0
BRDA:6,2,1,0
BRDA:7,3,0,0
BRDA:7,3,1,0
BRF:8
BRH:0
end_of_record
TN:
SF:src/persistance/node/model.ts
FNF:0
FNH:0
DA:1,6
DA:2,6
DA:5,6
LF:3
LH:3
BRF:0
BRH:0
end_of_record
TN:
SF:src/persistance/node/schema.ts
FNF:0
FNH:0
DA:1,6
DA:2,6
DA:3,6
DA:4,6
DA:6,6
DA:8,6
DA:9,6
DA:11,6
DA:18,6
DA:38,6
DA:39,6
DA:40,6
DA:41,6
DA:42,6
DA:43,6
DA:44,6
DA:45,6
DA:46,6
DA:47,6
DA:48,6
DA:49,6
DA:50,6
DA:51,6
DA:54,6
DA:55,6
DA:58,6
LF:26
LH:26
BRF:0
BRH:0
end_of_record
TN:
SF:src/persistance/node/statics.ts
FN:7,getNode
FN:23,getDoc
FN:36,getAllNodes
FN:51,createNode
FN:61,addItemToNode
FN:70,removeItemFromNode
FN:79,getKey
FN:90,removeKey
FN:99,count
FN:104,addDefaultItemOwner
FN:122,removeDefaultItemOwner
FN:140,addToCommunity
FN:149,removeFromCommunity
FN:158,search
FNF:14
FNH:0
FNDA:0,getNode
FNDA:0,getDoc
FNDA:0,getAllNodes
FNDA:0,createNode
FNDA:0,addItemToNode
FNDA:0,removeItemFromNode
FNDA:0,getKey
FNDA:0,removeKey
FNDA:0,count
FNDA:0,addDefaultItemOwner
FNDA:0,removeDefaultItemOwner
FNDA:0,addToCommunity
FNDA:0,removeFromCommunity
FNDA:0,search
DA:1,6
DA:2,6
DA:3,6
DA:4,6
DA:5,6
DA:7,6
DA:10,0
DA:11,0
DA:15,0
DA:16,0
DA:19,0
DA:23,6
DA:26,0
DA:27,0
DA:28,0
DA:29,0
DA:32,0
DA:36,6
DA:39,0
DA:43,0
DA:44,0
DA:47,0
DA:51,6
DA:54,0
DA:58,0
DA:61,6
DA:64,0
DA:65,0
DA:66,0
DA:70,6
DA:73,0
DA:74,0
DA:75,0
DA:79,6
DA:82,0
DA:83,0
DA:84,0
DA:86,0
DA:90,6
DA:93,0
DA:94,0
DA:95,0
DA:99,6
DA:101,0
DA:104,6
DA:108,0
DA:109,0
DA:110,0
DA:111,0
DA:112,0
DA:113,0
DA:115,0
DA:117,0
DA:118,0
DA:122,6
DA:126,0
DA:127,0
DA:128,0
DA:129,0
DA:130,0
DA:131,0
DA:133,0
DA:135,0
DA:136,0
DA:140,6
DA:143,0
DA:144,0
DA:145,0
DA:149,6
DA:152,0
DA:153,0
DA:154,0
DA:158,6
DA:161,0
DA:181,0
DA:182,0
DA:184,0
LF:77
LH:19
BRDA:10,0,0,0
BRDA:10,0,1,0
BRDA:15,1,0,0
BRDA:15,1,1,0
BRDA:26,2,0,0
BRDA:26,2,1,0
BRDA:28,3,0,0
BRDA:28,3,1,0
BRDA:39,4,0,0
BRDA:43,5,0,0
BRDA:43,5,1,0
BRDA:64,6,0,0
BRDA:65,7,0,0
BRDA:73,8,0,0
BRDA:74,9,0,0
BRDA:82,10,0,0
BRDA:83,11,0,0
BRDA:83,11,1,0
BRDA:93,12,0,0
BRDA:94,13,0,0
BRDA:115,14,0,0
BRDA:108,15,0,0
BRDA:110,16,0,0
BRDA:112,17,0,0
BRDA:117,18,0,0
BRDA:133,19,0,0
BRDA:126,20,0,0
BRDA:128,21,0,0
BRDA:130,22,0,0
BRDA:135,23,0,0
BRDA:143,24,0,0
BRDA:144,25,0,0
BRDA:152,26,0,0
BRDA:153,27,0,0
BRDA:161,28,0,0
BRDA:181,29,0,0
BRDA:181,29,1,0
BRF:37
BRH:0
end_of_record
TN:
SF:src/persistance/node/types.ts
FN:5,(anonymous_0)
FN:11,(anonymous_1)
FNF:2
FNH:2
FNDA:11,(anonymous_0)
FNDA:11,(anonymous_1)
DA:5,11
DA:6,11
DA:7,11
DA:8,11
DA:11,11
DA:12,11
DA:13,11
LF:7
LH:7
BRDA:5,0,0,11
BRDA:5,0,1,11
BRDA:11,1,0,11
BRDA:11,1,1,11
BRF:4
BRH:4
end_of_record
TN:
SF:src/persistance/notification/model.ts
FNF:0
FNH:0
DA:1,6
DA:2,6
DA:5,6
LF:3
LH:3
BRF:0
BRH:0
end_of_record
TN:
SF:src/persistance/notification/schema.ts
FNF:0
FNH:0
DA:1,6
DA:2,6
DA:3,6
DA:4,6
DA:6,6
DA:8,6
DA:9,6
DA:11,6
DA:16,6
DA:30,6
DA:31,6
DA:32,6
DA:33,6
DA:34,6
DA:35,6
DA:40,6
LF:16
LH:16
BRF:0
BRH:0
end_of_record
TN:
SF:src/persistance/notification/statics.ts
FN:6,getNotifications
FN:27,getDoc
FN:39,createNotification
FN:49,setRead
FN:58,setStatus
FN:67,findNotifications
FN:74,(anonymous_33)
FNF:7
FNH:0
FNDA:0,getNotifications
FNDA:0,getDoc
FNDA:0,createNotification
FNDA:0,setRead
FNDA:0,setStatus
FNDA:0,findNotifications
FNDA:0,(anonymous_33)
DA:1,6
DA:2,6
DA:3,6
DA:4,6
DA:6,6
DA:7,0
DA:9,0
DA:12,0
DA:19,0
DA:20,0
DA:23,0
DA:27,6
DA:30,0
DA:31,0
DA:32,0
DA:35,0
DA:39,6
DA:42,0
DA:46,0
DA:49,6
DA:52,0
DA:53,0
DA:54,0
DA:58,6
DA:61,0
DA:62,0
DA:63,0
DA:67,6
DA:70,0
DA:71,0
DA:72,0
DA:73,0
DA:74,0
DA:76,0
LF:34
LH:10
BRDA:7,0,0,0
BRDA:7,1,0,0
BRDA:9,2,0,0
BRDA:9,2,1,0
BRDA:19,3,0,0
BRDA:19,3,1,0
BRDA:30,4,0,0
BRDA:31,5,0,0
BRDA:31,5,1,0
BRDA:52,6,0,0
BRDA:53,7,0,0
BRDA:61,8,0,0
BRDA:62,9,0,0
BRDA:73,10,0,0
BRDA:73,10,1,0
BRF:15
BRH:0
end_of_record
TN:
SF:src/persistance/notification/types.ts
FN:30,(anonymous_0)
FNF:1
FNH:1
FNDA:8,(anonymous_0)
DA:30,8
DA:31,8
DA:32,8
DA:33,8
DA:34,8
DA:35,8
LF:6
LH:6
BRDA:30,0,0,8
BRDA:30,0,1,8
BRF:2
BRH:2
end_of_record
TN:
SF:src/persistance/organisation/methods.ts
FN:4,updateOrganisation
FN:14,removeOrganisation
FNF:2
FNH:0
FNDA:0,updateOrganisation
FNDA:0,removeOrganisation
DA:1,7
DA:2,7
DA:4,7
DA:5,0
DA:6,0
DA:7,0
DA:8,0
DA:9,0
DA:10,0
DA:11,0
DA:14,7
DA:15,0
DA:16,0
DA:17,0
DA:18,0
DA:19,0
DA:20,0
DA:21,0
DA:22,0
DA:23,0
DA:24,0
DA:25,0
DA:26,0
DA:27,0
DA:28,0
DA:29,0
LF:26
LH:4
BRDA:5,0,0,0
BRDA:5,0,1,0
BRDA:6,1,0,0
BRDA:6,1,1,0
BRDA:7,2,0,0
BRDA:7,2,1,0
BRDA:8,3,0,0
BRDA:8,3,1,0
BRDA:9,4,0,0
BRDA:9,4,1,0
BRDA:10,5,0,0
BRDA:10,5,1,0
BRF:12
BRH:0
end_of_record
TN:
SF:src/persistance/organisation/model.ts
FNF:0
FNH:0
DA:1,7
DA:2,7
DA:5,7
LF:3
LH:3
BRF:0
BRH:0
end_of_record
TN:
SF:src/persistance/organisation/schema.ts
FNF:0
FNH:0
DA:1,7
DA:2,7
DA:28,7
DA:29,7
DA:31,7
DA:33,7
DA:34,7
DA:36,7
DA:63,7
DA:64,7
DA:65,7
DA:66,7
DA:67,7
DA:68,7
DA:69,7
DA:70,7
DA:71,7
DA:72,7
DA:73,7
DA:74,7
DA:75,7
DA:76,7
DA:77,7
DA:78,7
DA:79,7
DA:80,7
DA:81,7
DA:82,7
DA:83,7
DA:84,7
DA:85,7
DA:86,7
DA:90,7
DA:91,7
DA:94,7
LF:35
LH:35
BRF:0
BRH:0
end_of_record
TN:
SF:src/persistance/organisation/statics.ts
FN:6,getOrganisation
FN:21,getOrganisations
FN:57,getDoc
FN:69,createOrganisation
FN:75,findDuplicatesCompany
FN:89,getConfiguration
FN:113,addUserToCompany
FN:128,removeUserFromCompany
FN:143,addNodeToCompany
FN:158,removeNodeFromCompany
FN:177,addIncomingFriendReq
FN:192,delIncomingFriendReq
FN:207,addOutgoingFriendReq
FN:222,delOutgoingFriendReq
FN:237,addFriendship
FN:252,delFriendship
FN:267,addContract
FN:284,removeContract
FN:299,addContractRequest
FN:314,removeContractRequest
FN:329,addMultipleContractRequests
FN:344,removeMultipleContractRequests
FN:353,count
FN:358,search
FNF:24
FNH:0
FNDA:0,getOrganisation
FNDA:0,getOrganisations
FNDA:0,getDoc
FNDA:0,createOrganisation
FNDA:0,findDuplicatesCompany
FNDA:0,getConfiguration
FNDA:0,addUserToCompany
FNDA:0,removeUserFromCompany
FNDA:0,addNodeToCompany
FNDA:0,removeNodeFromCompany
FNDA:0,addIncomingFriendReq
FNDA:0,delIncomingFriendReq
FNDA:0,addOutgoingFriendReq
FNDA:0,delOutgoingFriendReq
FNDA:0,addFriendship
FNDA:0,delFriendship
FNDA:0,addContract
FNDA:0,removeContract
FNDA:0,addContractRequest
FNDA:0,removeContractRequest
FNDA:0,addMultipleContractRequests
FNDA:0,removeMultipleContractRequests
FNDA:0,count
FNDA:0,search
DA:1,7
DA:2,7
DA:3,7
DA:6,7
DA:9,0
DA:13,0
DA:14,0
DA:17,0
DA:21,7
DA:25,0
DA:26,0
DA:27,0
DA:29,0
DA:30,0
DA:37,0
DA:38,0
DA:39,0
DA:40,0
DA:42,0
DA:43,0
DA:44,0
DA:45,0
DA:47,0
DA:49,0
DA:50,0
DA:53,0
DA:57,7
DA:60,0
DA:61,0
DA:62,0
DA:65,0
DA:69,7
DA:72,0
DA:75,7
DA:79,0
DA:80,0
DA:82,0
DA:85,0
DA:89,7
DA:92,0
DA:93,0
DA:94,0
DA:99,0
DA:113,7
DA:116,0
DA:117,0
DA:118,0
DA:128,7
DA:131,0
DA:132,0
DA:133,0
DA:143,7
DA:146,0
DA:147,0
DA:148,0
DA:158,7
DA:161,0
DA:162,0
DA:163,0
DA:177,7
DA:180,0
DA:181,0
DA:182,0
DA:192,7
DA:195,0
DA:196,0
DA:197,0
DA:207,7
DA:210,0
DA:211,0
DA:212,0
DA:222,7
DA:225,0
DA:226,0
DA:227,0
DA:237,7
DA:240,0
DA:241,0
DA:242,0
DA:252,7
DA:255,0
DA:256,0
DA:257,0
DA:267,7
DA:270,0
DA:273,0
DA:274,0
DA:284,7
DA:287,0
DA:288,0
DA:289,0
DA:299,7
DA:302,0
DA:303,0
DA:304,0
DA:314,7
DA:317,0
DA:318,0
DA:319,0
DA:329,7
DA:332,0
DA:333,0
DA:334,0
DA:344,7
DA:347,0
DA:348,0
DA:349,0
DA:353,7
DA:355,0
DA:358,7
DA:361,0
DA:382,0
DA:383,0
DA:385,0
LF:114
LH:27
BRDA:9,0,0,0
BRDA:13,1,0,0
BRDA:13,1,1,0
BRDA:47,2,0,0
BRDA:29,3,0,0
BRDA:37,4,0,0
BRDA:39,5,0,0
BRDA:39,5,1,0
BRDA:42,6,0,0
BRDA:44,7,0,0
BRDA:44,7,1,0
BRDA:49,8,0,0
BRDA:49,8,1,0
BRDA:60,9,0,0
BRDA:61,10,0,0
BRDA:61,10,1,0
BRDA:79,11,0,0
BRDA:80,12,0,0
BRDA:80,12,1,0
BRDA:92,13,0,0
BRDA:93,14,0,0
BRDA:93,14,1,0
BRDA:116,15,0,0
BRDA:117,16,0,0
BRDA:131,17,0,0
BRDA:132,18,0,0
BRDA:146,19,0,0
BRDA:147,20,0,0
BRDA:161,21,0,0
BRDA:162,22,0,0
BRDA:180,23,0,0
BRDA:181,24,0,0
BRDA:195,25,0,0
BRDA:196,26,0,0
BRDA:210,27,0,0
BRDA:211,28,0,0
BRDA:225,29,0,0
BRDA:226,30,0,0
BRDA:240,31,0,0
BRDA:241,32,0,0
BRDA:255,33,0,0
BRDA:256,34,0,0
BRDA:270,35,0,0
BRDA:273,36,0,0
BRDA:287,37,0,0
BRDA:288,38,0,0
BRDA:302,39,0,0
BRDA:303,40,0,0
BRDA:317,41,0,0
BRDA:318,42,0,0
BRDA:332,43,0,0
BRDA:333,44,0,0
BRDA:347,45,0,0
BRDA:348,46,0,0
BRDA:361,47,0,0
BRDA:382,48,0,0
BRDA:382,48,1,0
BRF:57
BRH:0
end_of_record
TN:
SF:src/persistance/organisation/types.ts
FN:4,(anonymous_0)
FN:13,(anonymous_1)
FNF:2
FNH:2
FNDA:14,(anonymous_0)
FNDA:14,(anonymous_1)
DA:4,14
DA:5,14
DA:6,14
DA:7,14
DA:8,14
DA:9,14
DA:10,14
DA:13,14
DA:14,14
DA:15,14
LF:10
LH:10
BRDA:4,0,0,14
BRDA:4,0,1,14
BRDA:13,1,0,14
BRDA:13,1,1,14
BRF:4
BRH:4
end_of_record
TN:
SF:src/persistance/registration/methods.ts
FN:3,updateStatus
FNF:1
FNH:0
FNDA:0,updateStatus
DA:3,4
DA:4,0
DA:5,0
DA:6,0
LF:4
LH:1
BRF:0
BRH:0
end_of_record
TN:
SF:src/persistance/registration/model.ts
FNF:0
FNH:0
DA:1,4
DA:2,4
DA:5,4
LF:3
LH:3
BRF:0
BRH:0
end_of_record
TN:
SF:src/persistance/registration/schema.ts
FNF:0
FNH:0
DA:1,4
DA:2,4
DA:3,4
DA:4,4
DA:5,4
DA:7,4
DA:9,4
DA:10,4
DA:11,4
DA:14,4
DA:34,4
DA:35,4
DA:36,4
DA:37,4
DA:38,4
DA:39,4
DA:40,4
DA:42,4
DA:45,4
LF:19
LH:19
BRF:0
BRH:0
end_of_record
TN:
SF:src/persistance/registration/statics.ts
FN:5,getDoc
FN:17,getRegistration
FN:29,getAllRegistration
FN:41,getAllCompanyTypeRegistration
FN:53,createRegistration
FN:64,findDuplicatesUser
FN:78,findDuplicatesCompany
FNF:7
FNH:0
FNDA:0,getDoc
FNDA:0,getRegistration
FNDA:0,getAllRegistration
FNDA:0,getAllCompanyTypeRegistration
FNDA:0,createRegistration
FNDA:0,findDuplicatesUser
FNDA:0,findDuplicatesCompany
DA:1,4
DA:2,4
DA:3,4
DA:5,4
DA:8,0
DA:9,0
DA:10,0
DA:13,0
DA:17,4
DA:20,0
DA:21,0
DA:22,0
DA:25,0
DA:29,4
DA:32,0
DA:33,0
DA:34,0
DA:37,0
DA:41,4
DA:44,0
DA:45,0
DA:46,0
DA:49,0
DA:53,4
DA:56,0
DA:57,0
DA:58,0
DA:60,0
DA:64,4
DA:68,0
DA:69,0
DA:71,0
DA:74,0
DA:78,4
DA:82,0
DA:83,0
DA:85,0
DA:88,0
LF:38
LH:10
BRDA:8,0,0,0
BRDA:9,1,0,0
BRDA:9,1,1,0
BRDA:20,2,0,0
BRDA:21,3,0,0
BRDA:21,3,1,0
BRDA:32,4,0,0
BRDA:33,5,0,0
BRDA:33,5,1,0
BRDA:44,6,0,0
BRDA:45,7,0,0
BRDA:45,7,1,0
BRDA:56,8,0,0
BRDA:57,9,0,0
BRDA:57,9,1,0
BRDA:68,10,0,0
BRDA:69,11,0,0
BRDA:69,11,1,0
BRDA:82,12,0,0
BRDA:83,13,0,0
BRDA:83,13,1,0
BRF:21
BRH:0
end_of_record
TN:
SF:src/persistance/registration/types.ts
FN:4,(anonymous_0)
FN:13,(anonymous_1)
FNF:2
FNH:2
FNDA:6,(anonymous_0)
FNDA:6,(anonymous_1)
DA:4,6
DA:5,6
DA:6,6
DA:7,6
DA:8,6
DA:9,6
DA:10,6
DA:13,6
DA:14,6
DA:15,6
LF:10
LH:10
BRDA:4,0,0,6
BRDA:4,0,1,6
BRDA:13,1,0,6
BRDA:13,1,1,6
BRF:4
BRH:4
end_of_record
TN:
SF:src/persistance/statistics/model.ts
FNF:0
FNH:0
DA:5,4
DA:6,4
DA:9,4
LF:3
LH:3
BRF:0
BRH:0
end_of_record
TN:
SF:src/persistance/statistics/schema.ts
FNF:0
FNH:0
DA:1,4
DA:2,4
DA:5,4
DA:7,4
DA:19,4
DA:20,4
DA:21,4
DA:26,4
LF:8
LH:8
BRF:0
BRH:0
end_of_record
TN:
SF:src/persistance/statistics/statics.ts
FN:5,createStatistics
FN:12,getLast
FN:23,getByDate
FNF:3
FNH:0
FNDA:0,createStatistics
FNDA:0,getLast
FNDA:0,getByDate
DA:1,4
DA:2,4
DA:5,4
DA:8,0
DA:9,0
DA:12,4
DA:15,0
DA:16,0
DA:17,0
DA:19,0
DA:23,4
DA:26,0
DA:29,0
DA:30,0
DA:32,0
LF:15
LH:5
BRDA:15,0,0,0
BRDA:16,1,0,0
BRDA:16,1,1,0
BRDA:26,2,0,0
BRDA:29,3,0,0
BRDA:29,3,1,0
BRF:6
BRH:0
end_of_record
TN:
SF:src/persistance/user/methods.ts
FN:5,updateUser
FN:19,updateUserRoles
FN:25,removeUser
FNF:3
FNH:0
FNDA:0,updateUser
FNDA:0,updateUserRoles
FNDA:0,removeUser
DA:1,7
DA:2,7
DA:3,7
DA:5,7
DA:6,0
DA:7,0
DA:8,0
DA:9,0
DA:10,0
DA:11,0
DA:12,0
DA:13,0
DA:14,0
DA:15,0
DA:16,0
DA:19,7
DA:20,0
DA:21,0
DA:22,0
DA:25,7
DA:26,0
DA:27,0
DA:28,0
DA:29,0
DA:30,0
DA:31,0
DA:32,0
DA:33,0
DA:34,0
DA:35,0
LF:30
LH:6
BRDA:6,0,0,0
BRDA:6,0,1,0
BRDA:7,1,0,0
BRDA:7,1,1,0
BRDA:9,2,0,0
BRDA:9,2,1,0
BRDA:10,3,0,0
BRDA:10,3,1,0
BRDA:11,4,0,0
BRDA:11,4,1,0
BRDA:12,5,0,0
BRDA:12,5,1,0
BRDA:13,6,0,0
BRDA:13,6,1,0
BRDA:15,7,0,0
BRDA:15,7,1,0
BRF:16
BRH:0
end_of_record
TN:
SF:src/persistance/user/model.ts
FNF:0
FNH:0
DA:1,7
DA:2,7
DA:5,7
LF:3
LH:3
BRF:0
BRH:0
end_of_record
TN:
SF:src/persistance/user/schema.ts
FNF:0
FNH:0
DA:1,7
DA:2,7
DA:3,7
DA:4,7
DA:5,7
DA:6,7
DA:8,7
DA:10,7
DA:11,7
DA:12,7
DA:13,7
DA:15,7
DA:21,7
DA:46,7
DA:47,7
DA:48,7
DA:49,7
DA:50,7
DA:51,7
DA:52,7
DA:53,7
DA:54,7
DA:55,7
DA:56,7
DA:57,7
DA:61,7
DA:62,7
DA:63,7
DA:66,7
LF:29
LH:29
BRF:0
BRH:0
end_of_record
TN:
SF:src/persistance/user/statics.ts
FN:7,getUser
FN:22,getUserByRole
FN:34,getDoc
FN:46,getAllUsers
FN:71,createUser
FN:83,findDuplicatesUser
FN:97,addItemToUser
FN:106,removeItemFromUser
FN:115,addNodeToUser
FN:124,removeNodeFromUser
FN:133,count
FN:138,search
FNF:12
FNH:0
FNDA:0,getUser
FNDA:0,getUserByRole
FNDA:0,getDoc
FNDA:0,getAllUsers
FNDA:0,createUser
FNDA:0,findDuplicatesUser
FNDA:0,addItemToUser
FNDA:0,removeItemFromUser
FNDA:0,addNodeToUser
FNDA:0,removeNodeFromUser
FNDA:0,count
FNDA:0,search
DA:2,7
DA:3,7
DA:4,7
DA:7,7
DA:10,0
DA:14,0
DA:15,0
DA:18,0
DA:22,7
DA:25,0
DA:26,0
DA:27,0
DA:30,0
DA:34,7
DA:37,0
DA:38,0
DA:39,0
DA:42,0
DA:46,7
DA:49,0
DA:63,0
DA:64,0
DA:67,0
DA:71,7
DA:74,0
DA:80,0
DA:83,7
DA:87,0
DA:88,0
DA:90,0
DA:93,0
DA:97,7
DA:100,0
DA:101,0
DA:102,0
DA:106,7
DA:109,0
DA:110,0
DA:111,0
DA:115,7
DA:118,0
DA:119,0
DA:120,0
DA:124,7
DA:127,0
DA:128,0
DA:129,0
DA:133,7
DA:135,0
DA:138,7
DA:141,0
DA:174,0
DA:175,0
DA:177,0
LF:54
LH:15
BRDA:10,0,0,0
BRDA:14,1,0,0
BRDA:14,1,1,0
BRDA:25,2,0,0
BRDA:26,3,0,0
BRDA:26,3,1,0
BRDA:37,4,0,0
BRDA:38,5,0,0
BRDA:38,5,1,0
BRDA:49,6,0,0
BRDA:63,7,0,0
BRDA:63,7,1,0
BRDA:87,8,0,0
BRDA:88,9,0,0
BRDA:88,9,1,0
BRDA:100,10,0,0
BRDA:101,11,0,0
BRDA:109,12,0,0
BRDA:110,13,0,0
BRDA:118,14,0,0
BRDA:119,15,0,0
BRDA:127,16,0,0
BRDA:128,17,0,0
BRDA:141,18,0,0
BRDA:174,19,0,0
BRDA:174,19,1,0
BRF:26
BRH:0
end_of_record
TN:
SF:src/persistance/user/types.ts
FN:6,(anonymous_0)
FN:12,(anonymous_1)
FNF:2
FNH:2
FNDA:7,(anonymous_0)
FNDA:7,(anonymous_1)
DA:6,7
DA:7,7
DA:8,7
DA:9,7
DA:12,7
DA:13,7
DA:14,7
LF:7
LH:7
BRDA:6,0,0,7
BRDA:6,0,1,7
BRDA:12,1,0,7
BRDA:12,1,1,7
BRF:4
BRH:4
end_of_record
TN:
SF:src/types/locals-types.ts
FN:7,(anonymous_0)
FNF:1
FNH:1
FNDA:6,(anonymous_0)
DA:7,6
DA:8,6
DA:9,6
LF:3
LH:3
BRDA:7,0,0,6
BRDA:7,0,1,6
BRF:2
BRH:2
end_of_record
TN:
SF:src/types/misc-types.ts
FN:25,(anonymous_0)
FN:41,(anonymous_1)
FN:47,(anonymous_2)
FN:56,(anonymous_3)
FN:61,(anonymous_4)
FN:70,(anonymous_5)
FNF:6
FNH:6
FNDA:14,(anonymous_0)
FNDA:14,(anonymous_1)
FNDA:14,(anonymous_2)
FNDA:14,(anonymous_3)
FNDA:14,(anonymous_4)
FNDA:14,(anonymous_5)
DA:25,14
DA:26,14
DA:27,14
DA:28,14
DA:29,14
DA:30,14
DA:31,14
DA:41,14
DA:42,14
DA:43,14
DA:44,14
DA:47,14
DA:48,14
DA:49,14
DA:50,14
DA:51,14
DA:52,14
DA:53,14
DA:56,14
DA:57,14
DA:58,14
DA:61,14
DA:62,14
DA:63,14
DA:64,14
DA:65,14
DA:66,14
DA:67,14
DA:70,14
DA:71,14
DA:72,14
DA:73,14
DA:74,14
DA:75,14
DA:76,14
DA:77,14
DA:78,14
DA:79,14
DA:80,14
DA:81,14
DA:82,14
DA:83,14
DA:84,14
DA:85,14
DA:86,14
DA:87,14
DA:88,14
DA:89,14
DA:90,14
DA:91,14
DA:92,14
DA:93,14
DA:94,14
DA:95,14
DA:96,14
DA:97,14
DA:98,14
DA:99,14
DA:100,14
DA:101,14
DA:102,14
DA:103,14
DA:104,14
DA:105,14
DA:106,14
DA:107,14
DA:108,14
LF:67
LH:67
BRDA:25,0,0,14
BRDA:25,0,1,14
BRDA:41,1,0,14
BRDA:41,1,1,14
BRDA:47,2,0,14
BRDA:47,2,1,14
BRDA:56,3,0,14
BRDA:56,3,1,14
BRDA:61,4,0,14
BRDA:61,4,1,14
BRDA:70,5,0,14
BRDA:70,5,1,14
BRF:12
BRH:12
end_of_record
TN:
SF:src/types/roles.ts
FN:11,(anonymous_0)
FNF:1
FNH:1
FNDA:17,(anonymous_0)
DA:11,17
DA:12,17
DA:13,17
DA:14,17
DA:15,17
DA:16,17
DA:17,17
DA:18,17
DA:19,17
LF:9
LH:9
BRDA:11,0,0,17
BRDA:11,0,1,17
BRF:2
BRH:2
end_of_record
TN:
SF:src/utils/error-handler.ts
FN:8,(anonymous_0)
FN:23,(anonymous_1)
FN:28,MyError
FN:36,(anonymous_3)
FNF:4
FNH:4
FNDA:61,(anonymous_0)
FNDA:61,(anonymous_1)
FNDA:24,MyError
FNDA:27,(anonymous_3)
DA:5,61
DA:6,61
DA:8,61
DA:9,61
DA:10,61
DA:11,61
DA:12,61
DA:13,61
DA:14,61
DA:15,61
DA:23,61
DA:28,26
DA:29,24
DA:30,24
DA:31,24
DA:32,24
DA:34,61
DA:36,61
DA:37,27
DA:38,16
DA:39,11
DA:40,9
DA:46,2
DA:47,2
DA:48,2
DA:49,2
LF:26
LH:26
BRDA:8,0,0,61
BRDA:8,0,1,61
BRDA:28,1,0,2
BRDA:31,2,0,22
BRDA:31,2,1,2
BRDA:31,3,0,24
BRDA:31,3,1,24
BRDA:32,4,0,22
BRDA:32,4,1,2
BRDA:32,5,0,24
BRDA:32,5,1,24
BRDA:37,6,0,16
BRDA:37,6,1,11
BRDA:39,7,0,9
BRDA:39,7,1,2
BRF:15
BRH:15
end_of_record
TN:
SF:src/utils/http-status-codes.ts
FN:1,(anonymous_0)
FNF:1
FNH:1
FNDA:61,(anonymous_0)
DA:1,61
DA:9,61
DA:14,61
DA:21,61
DA:29,61
DA:34,61
DA:40,61
DA:47,61
DA:52,61
DA:58,61
DA:65,61
DA:71,61
DA:77,61
DA:83,61
DA:90,61
DA:95,61
DA:105,61
DA:113,61
DA:119,61
DA:126,61
DA:131,61
DA:139,61
DA:146,61
DA:152,61
DA:160,61
DA:167,61
DA:173,61
DA:179,61
DA:185,61
DA:190,61
DA:195,61
DA:202,61
DA:208,61
DA:217,61
DA:222,61
DA:227,61
DA:232,61
DA:239,61
DA:245,61
DA:252,61
DA:257,61
DA:264,61
DA:269,61
DA:274,61
DA:279,61
DA:284,61
DA:289,61
DA:297,61
DA:302,61
DA:308,61
DA:314,61
DA:319,61
DA:325,61
DA:330,61
DA:336,61
DA:341,61
DA:346,61
DA:351,61
DA:356,61
DA:361,61
DA:366,61
DA:373,61
LF:62
LH:62
BRDA:1,0,0,61
BRDA:1,0,1,61
BRF:2
BRH:2
end_of_record
TN:
SF:src/utils/index.ts
FN:6,(anonymous_0)
FN:6,(anonymous_1)
FN:6,(anonymous_2)
FN:6,(anonymous_3)
FNF:4
FNH:2
FNDA:2,(anonymous_0)
FNDA:0,(anonymous_1)
FNDA:17,(anonymous_2)
FNDA:0,(anonymous_3)
DA:1,26
DA:2,26
DA:3,26
DA:4,26
DA:6,43
LF:5
LH:5
BRF:0
BRH:0
end_of_record
TN:
SF:src/utils/logger.ts
FN:17,(anonymous_1)
FN:60,parseMsg
FN:64,getId
FNF:3
FNH:3
FNDA:6,(anonymous_1)
FNDA:6,parseMsg
FNDA:6,getId
DA:1,11
DA:2,11
DA:3,11
DA:5,11
DA:7,66
DA:8,11
DA:9,11
DA:11,11
DA:14,11
DA:15,11
DA:17,11
DA:20,11
DA:51,11
DA:61,6
DA:65,6
LF:15
LH:15
BRDA:61,0,0,0
BRDA:61,0,1,6
BRDA:65,1,0,0
BRDA:65,1,1,6
BRF:4
BRH:2
end_of_record
TN:
SF:src/utils/obj-utils.ts
FN:3,(anonymous_0)
FN:4,(anonymous_1)
FNF:2
FNH:0
FNDA:0,(anonymous_0)
FNDA:0,(anonymous_1)
DA:2,26
DA:4,0
DA:5,0
DA:6,0
DA:9,0
LF:5
LH:1
BRDA:5,0,0,0
BRF:1
BRH:0
end_of_record
TN:
SF:src/utils/response-builder.ts
FN:5,errorBuilder
FN:21,responseBuilder
FNF:2
FNH:0
FNDA:0,errorBuilder
FNDA:0,responseBuilder
DA:2,26
DA:6,0
DA:7,0
DA:9,0
DA:11,0
DA:13,0
DA:15,0
DA:17,0
DA:21,26
DA:22,0
DA:23,0
DA:24,0
DA:29,0
LF:13
LH:2
BRDA:6,0,0,0
BRDA:9,1,0,0
BRDA:9,1,1,0
BRDA:9,1,2,0
BRDA:9,1,3,0
BRDA:23,2,0,0
BRDA:23,2,1,0
BRF:7
BRH:0
end_of_record
